This is pdfTeX, Version 3.141592653-2.6-1.40.22 (MiKTeX 21.3) (preloaded format=pdflatex 2021.5.28)  14 JUL 2022 22:21
entering extended mode
**"d:/Git Repositories/Uni-Code/Personal Projects/__latexindent_temp.tex"
(d:/Git Repositories/Uni-Code/Personal Projects/__latexindent_temp.tex
LaTeX2e <2020-10-01> patch level 4
L3 programming layer <2021-05-11> (D:\Program Files\MikTeX\tex/latex/base\article.cls
Document Class: article 2020/04/10 v1.4m Standard LaTeX document class
(D:\Program Files\MikTeX\tex/latex/base\size12.clo
File: size12.clo 2020/04/10 v1.4m Standard LaTeX file (size option)
)
\c@part=\count179
\c@section=\count180
\c@subsection=\count181
\c@subsubsection=\count182
\c@paragraph=\count183
\c@subparagraph=\count184
\c@figure=\count185
\c@table=\count186
\abovecaptionskip=\skip47
\belowcaptionskip=\skip48
\bibindent=\dimen138
) (D:\Program Files\MikTeX\tex/latex/geometry\geometry.sty
Package: geometry 2020/01/02 v5.9 Page Geometry
 (D:\Program Files\MikTeX\tex/latex/graphics\keyval.sty
Package: keyval 2014/10/28 v1.15 key=value parser (DPC)
\KV@toks@=\toks15
) (D:\Program Files\MikTeX\tex/generic/iftex\ifvtex.sty
Package: ifvtex 2019/10/25 v1.7 ifvtex legacy package. Use iftex instead.
 (D:\Program Files\MikTeX\tex/generic/iftex\iftex.sty
Package: iftex 2020/03/06 v1.0d TeX engine tests
))
\Gm@cnth=\count187
\Gm@cntv=\count188
\c@Gm@tempcnt=\count189
\Gm@bindingoffset=\dimen139
\Gm@wd@mp=\dimen140
\Gm@odd@mp=\dimen141
\Gm@even@mp=\dimen142
\Gm@layoutwidth=\dimen143
\Gm@layoutheight=\dimen144
\Gm@layouthoffset=\dimen145
\Gm@layoutvoffset=\dimen146
\Gm@dimlist=\toks16
 (D:\Program Files\MikTeX\tex/latex/geometry\geometry.cfg)) (D:\Program Files\MikTeX\tex/latex/graphics\graphicx.sty
Package: graphicx 2020/09/09 v1.2b Enhanced LaTeX Graphics (DPC,SPQR)
 (D:\Program Files\MikTeX\tex/latex/graphics\graphics.sty
Package: graphics 2020/08/30 v1.4c Standard LaTeX Graphics (DPC,SPQR)
 (D:\Program Files\MikTeX\tex/latex/graphics\trig.sty
Package: trig 2016/01/03 v1.10 sin cos tan (DPC)
) (D:\Program Files\MikTeX\tex/latex/graphics-cfg\graphics.cfg
File: graphics.cfg 2016/06/04 v1.11 sample graphics configuration
)
Package graphics Info: Driver file: pdftex.def on input line 105.
 (D:\Program Files\MikTeX\tex/latex/graphics-def\pdftex.def
File: pdftex.def 2020/10/05 v1.2a Graphics/color driver for pdftex
))
\Gin@req@height=\dimen147
\Gin@req@width=\dimen148
) (D:\Program Files\MikTeX\tex/latex/amsmath\amsmath.sty
Package: amsmath 2020/09/23 v2.17i AMS math features
\@mathmargin=\skip49

For additional information on amsmath, use the `?' option.
(D:\Program Files\MikTeX\tex/latex/amsmath\amstext.sty
Package: amstext 2000/06/29 v2.01 AMS text
 (D:\Program Files\MikTeX\tex/latex/amsmath\amsgen.sty
File: amsgen.sty 1999/11/30 v2.0 generic functions
\@emptytoks=\toks17
\ex@=\dimen149
)) (D:\Program Files\MikTeX\tex/latex/amsmath\amsbsy.sty
Package: amsbsy 1999/11/29 v1.2d Bold Symbols
\pmbraise@=\dimen150
) (D:\Program Files\MikTeX\tex/latex/amsmath\amsopn.sty
Package: amsopn 2016/03/08 v2.02 operator names
)
\inf@bad=\count190
LaTeX Info: Redefining \frac on input line 234.
\uproot@=\count191
\leftroot@=\count192
LaTeX Info: Redefining \overline on input line 399.
\classnum@=\count193
\DOTSCASE@=\count194
LaTeX Info: Redefining \ldots on input line 496.
LaTeX Info: Redefining \dots on input line 499.
LaTeX Info: Redefining \cdots on input line 620.
\Mathstrutbox@=\box47
\strutbox@=\box48
\big@size=\dimen151
LaTeX Font Info:    Redeclaring font encoding OML on input line 743.
LaTeX Font Info:    Redeclaring font encoding OMS on input line 744.
\macc@depth=\count195
\c@MaxMatrixCols=\count196
\dotsspace@=\muskip16
\c@parentequation=\count197
\dspbrk@lvl=\count198
\tag@help=\toks18
\row@=\count199
\column@=\count266
\maxfields@=\count267
\andhelp@=\toks19
\eqnshift@=\dimen152
\alignsep@=\dimen153
\tagshift@=\dimen154
\tagwidth@=\dimen155
\totwidth@=\dimen156
\lineht@=\dimen157
\@envbody=\toks20
\multlinegap=\skip50
\multlinetaggap=\skip51
\mathdisplay@stack=\toks21
LaTeX Info: Redefining \[ on input line 2923.
LaTeX Info: Redefining \] on input line 2924.
) (D:\Program Files\MikTeX\tex/latex/physics\physics.sty
Package: physics 
 (D:\Program Files\MikTeX\tex/latex/l3packages/xparse\xparse.sty (D:\Program Files\MikTeX\tex/latex/l3kernel\expl3.sty
Package: expl3 2021-05-11 L3 programming layer (loader) 
 (D:\Program Files\MikTeX\tex/latex/l3backend\l3backend-pdftex.def
File: l3backend-pdftex.def 2021-05-07 L3 backend support: PDF output (pdfTeX)
\l__color_backend_stack_int=\count268
\l__pdf_internal_box=\box49
)) (D:\Program Files\MikTeX\tex/latex/l3packages/xparse\xparse-2020-10-01.sty (D:\Program Files\MikTeX\tex/latex/l3packages/xparse\xparse-generic.tex)))) (D:\Program Files\MikTeX\tex/latex/tabto-ltx\tabto.sty
Package: tabto 2018/12/28  v 1.4  Another tabbing mechanism
\CurrentLineWidth=\dimen158
\TabPrevPos=\dimen159
) (D:\Program Files\MikTeX\tex/latex/float\float.sty
Package: float 2001/11/08 v1.3d Float enhancements (AL)
\c@float@type=\count269
\float@exts=\toks22
\float@box=\box50
\@float@everytoks=\toks23
\@floatcapt=\box51
) (D:\Program Files\MikTeX\tex/latex/amsfonts\amssymb.sty
Package: amssymb 2013/01/14 v3.01 AMS font symbols
 (D:\Program Files\MikTeX\tex/latex/amsfonts\amsfonts.sty
Package: amsfonts 2013/01/14 v3.01 Basic AMSFonts support
\symAMSa=\mathgroup4
\symAMSb=\mathgroup5
LaTeX Font Info:    Redeclaring math symbol \hbar on input line 98.
LaTeX Font Info:    Overwriting math alphabet `\mathfrak' in version `bold'
(Font)                  U/euf/m/n --> U/euf/b/n on input line 106.
)) (D:\Program Files\MikTeX\tex/latex/pgfplots\pgfplots.sty (D:\Program Files\MikTeX\tex/generic/pgfplots\pgfplots.revision.tex)
Package: pgfplots 2021/05/15 v1.18.1 Data Visualization (1.18.1)
 (D:\Program Files\MikTeX\tex/latex/pgf/frontendlayer\tikz.sty (D:\Program Files\MikTeX\tex/latex/pgf/basiclayer\pgf.sty (D:\Program Files\MikTeX\tex/latex/pgf/utilities\pgfrcs.sty (D:\Program Files\MikTeX\tex/generic/pgf/utilities\pgfutil-common.tex
\pgfutil@everybye=\toks24
\pgfutil@tempdima=\dimen160
\pgfutil@tempdimb=\dimen161
 (D:\Program Files\MikTeX\tex/generic/pgf/utilities\pgfutil-common-lists.tex)) (D:\Program Files\MikTeX\tex/generic/pgf/utilities\pgfutil-latex.def
\pgfutil@abb=\box52
) (D:\Program Files\MikTeX\tex/generic/pgf/utilities\pgfrcs.code.tex (D:\Program Files\MikTeX\tex/generic/pgf\pgf.revision.tex)
Package: pgfrcs 2021/05/15 v3.1.9a (3.1.9a)
))
Package: pgf 2021/05/15 v3.1.9a (3.1.9a)
 (D:\Program Files\MikTeX\tex/latex/pgf/basiclayer\pgfcore.sty (D:\Program Files\MikTeX\tex/latex/pgf/systemlayer\pgfsys.sty (D:\Program Files\MikTeX\tex/generic/pgf/systemlayer\pgfsys.code.tex
Package: pgfsys 2021/05/15 v3.1.9a (3.1.9a)
 (D:\Program Files\MikTeX\tex/generic/pgf/utilities\pgfkeys.code.tex
\pgfkeys@pathtoks=\toks25
\pgfkeys@temptoks=\toks26
 (D:\Program Files\MikTeX\tex/generic/pgf/utilities\pgfkeysfiltered.code.tex
\pgfkeys@tmptoks=\toks27
))
\pgf@x=\dimen162
\pgf@y=\dimen163
\pgf@xa=\dimen164
\pgf@ya=\dimen165
\pgf@xb=\dimen166
\pgf@yb=\dimen167
\pgf@xc=\dimen168
\pgf@yc=\dimen169
\pgf@xd=\dimen170
\pgf@yd=\dimen171
\w@pgf@writea=\write3
\r@pgf@reada=\read2
\c@pgf@counta=\count270
\c@pgf@countb=\count271
\c@pgf@countc=\count272
\c@pgf@countd=\count273
\t@pgf@toka=\toks28
\t@pgf@tokb=\toks29
\t@pgf@tokc=\toks30
\pgf@sys@id@count=\count274
 (D:\Program Files\MikTeX\tex/generic/pgf/systemlayer\pgf.cfg
File: pgf.cfg 2021/05/15 v3.1.9a (3.1.9a)
)
Driver file for pgf: pgfsys-pdftex.def
 (D:\Program Files\MikTeX\tex/generic/pgf/systemlayer\pgfsys-pdftex.def
File: pgfsys-pdftex.def 2021/05/15 v3.1.9a (3.1.9a)
 (D:\Program Files\MikTeX\tex/generic/pgf/systemlayer\pgfsys-common-pdf.def
File: pgfsys-common-pdf.def 2021/05/15 v3.1.9a (3.1.9a)
))) (D:\Program Files\MikTeX\tex/generic/pgf/systemlayer\pgfsyssoftpath.code.tex
File: pgfsyssoftpath.code.tex 2021/05/15 v3.1.9a (3.1.9a)
\pgfsyssoftpath@smallbuffer@items=\count275
\pgfsyssoftpath@bigbuffer@items=\count276
) (D:\Program Files\MikTeX\tex/generic/pgf/systemlayer\pgfsysprotocol.code.tex
File: pgfsysprotocol.code.tex 2021/05/15 v3.1.9a (3.1.9a)
)) (D:\Program Files\MikTeX\tex/latex/xcolor\xcolor.sty
Package: xcolor 2016/05/11 v2.12 LaTeX color extensions (UK)
 (D:\Program Files\MikTeX\tex/latex/graphics-cfg\color.cfg
File: color.cfg 2016/01/02 v1.6 sample color configuration
)
Package xcolor Info: Driver file: pdftex.def on input line 225.
Package xcolor Info: Model `cmy' substituted by `cmy0' on input line 1348.
Package xcolor Info: Model `hsb' substituted by `rgb' on input line 1352.
Package xcolor Info: Model `RGB' extended on input line 1364.
Package xcolor Info: Model `HTML' substituted by `rgb' on input line 1366.
Package xcolor Info: Model `Hsb' substituted by `hsb' on input line 1367.
Package xcolor Info: Model `tHsb' substituted by `hsb' on input line 1368.
Package xcolor Info: Model `HSB' substituted by `hsb' on input line 1369.
Package xcolor Info: Model `Gray' substituted by `gray' on input line 1370.
Package xcolor Info: Model `wave' substituted by `hsb' on input line 1371.
) (D:\Program Files\MikTeX\tex/generic/pgf/basiclayer\pgfcore.code.tex
Package: pgfcore 2021/05/15 v3.1.9a (3.1.9a)
 (D:\Program Files\MikTeX\tex/generic/pgf/math\pgfmath.code.tex (D:\Program Files\MikTeX\tex/generic/pgf/math\pgfmathcalc.code.tex (D:\Program Files\MikTeX\tex/generic/pgf/math\pgfmathutil.code.tex) (D:\Program Files\MikTeX\tex/generic/pgf/math\pgfmathparser.code.tex
\pgfmath@dimen=\dimen172
\pgfmath@count=\count277
\pgfmath@box=\box53
\pgfmath@toks=\toks31
\pgfmath@stack@operand=\toks32
\pgfmath@stack@operation=\toks33
) (D:\Program Files\MikTeX\tex/generic/pgf/math\pgfmathfunctions.code.tex (D:\Program Files\MikTeX\tex/generic/pgf/math\pgfmathfunctions.basic.code.tex) (D:\Program Files\MikTeX\tex/generic/pgf/math\pgfmathfunctions.trigonometric.code.tex) (D:\Program Files\MikTeX\tex/generic/pgf/math\pgfmathfunctions.random.code.tex) (D:\Program Files\MikTeX\tex/generic/pgf/math\pgfmathfunctions.comparison.code.tex) (D:\Program Files\MikTeX\tex/generic/pgf/math\pgfmathfunctions.base.code.tex) (D:\Program Files\MikTeX\tex/generic/pgf/math\pgfmathfunctions.round.code.tex) (D:\Program Files\MikTeX\tex/generic/pgf/math\pgfmathfunctions.misc.code.tex) (D:\Program Files\MikTeX\tex/generic/pgf/math\pgfmathfunctions.integerarithmetics.code.tex))) (D:\Program Files\MikTeX\tex/generic/pgf/math\pgfmathfloat.code.tex
\c@pgfmathroundto@lastzeros=\count278
)) (D:\Program Files\MikTeX\tex/generic/pgf/math\pgfint.code.tex) (D:\Program Files\MikTeX\tex/generic/pgf/basiclayer\pgfcorepoints.code.tex
File: pgfcorepoints.code.tex 2021/05/15 v3.1.9a (3.1.9a)
\pgf@picminx=\dimen173
\pgf@picmaxx=\dimen174
\pgf@picminy=\dimen175
\pgf@picmaxy=\dimen176
\pgf@pathminx=\dimen177
\pgf@pathmaxx=\dimen178
\pgf@pathminy=\dimen179
\pgf@pathmaxy=\dimen180
\pgf@xx=\dimen181
\pgf@xy=\dimen182
\pgf@yx=\dimen183
\pgf@yy=\dimen184
\pgf@zx=\dimen185
\pgf@zy=\dimen186
) (D:\Program Files\MikTeX\tex/generic/pgf/basiclayer\pgfcorepathconstruct.code.tex
File: pgfcorepathconstruct.code.tex 2021/05/15 v3.1.9a (3.1.9a)
\pgf@path@lastx=\dimen187
\pgf@path@lasty=\dimen188
) (D:\Program Files\MikTeX\tex/generic/pgf/basiclayer\pgfcorepathusage.code.tex
File: pgfcorepathusage.code.tex 2021/05/15 v3.1.9a (3.1.9a)
\pgf@shorten@end@additional=\dimen189
\pgf@shorten@start@additional=\dimen190
) (D:\Program Files\MikTeX\tex/generic/pgf/basiclayer\pgfcorescopes.code.tex
File: pgfcorescopes.code.tex 2021/05/15 v3.1.9a (3.1.9a)
\pgfpic=\box54
\pgf@hbox=\box55
\pgf@layerbox@main=\box56
\pgf@picture@serial@count=\count279
) (D:\Program Files\MikTeX\tex/generic/pgf/basiclayer\pgfcoregraphicstate.code.tex
File: pgfcoregraphicstate.code.tex 2021/05/15 v3.1.9a (3.1.9a)
\pgflinewidth=\dimen191
) (D:\Program Files\MikTeX\tex/generic/pgf/basiclayer\pgfcoretransformations.code.tex
File: pgfcoretransformations.code.tex 2021/05/15 v3.1.9a (3.1.9a)
\pgf@pt@x=\dimen192
\pgf@pt@y=\dimen193
\pgf@pt@temp=\dimen194
) (D:\Program Files\MikTeX\tex/generic/pgf/basiclayer\pgfcorequick.code.tex
File: pgfcorequick.code.tex 2021/05/15 v3.1.9a (3.1.9a)
) (D:\Program Files\MikTeX\tex/generic/pgf/basiclayer\pgfcoreobjects.code.tex
File: pgfcoreobjects.code.tex 2021/05/15 v3.1.9a (3.1.9a)
) (D:\Program Files\MikTeX\tex/generic/pgf/basiclayer\pgfcorepathprocessing.code.tex
File: pgfcorepathprocessing.code.tex 2021/05/15 v3.1.9a (3.1.9a)
) (D:\Program Files\MikTeX\tex/generic/pgf/basiclayer\pgfcorearrows.code.tex
File: pgfcorearrows.code.tex 2021/05/15 v3.1.9a (3.1.9a)
\pgfarrowsep=\dimen195
) (D:\Program Files\MikTeX\tex/generic/pgf/basiclayer\pgfcoreshade.code.tex
File: pgfcoreshade.code.tex 2021/05/15 v3.1.9a (3.1.9a)
\pgf@max=\dimen196
\pgf@sys@shading@range@num=\count280
\pgf@shadingcount=\count281
) (D:\Program Files\MikTeX\tex/generic/pgf/basiclayer\pgfcoreimage.code.tex
File: pgfcoreimage.code.tex 2021/05/15 v3.1.9a (3.1.9a)
 (D:\Program Files\MikTeX\tex/generic/pgf/basiclayer\pgfcoreexternal.code.tex
File: pgfcoreexternal.code.tex 2021/05/15 v3.1.9a (3.1.9a)
\pgfexternal@startupbox=\box57
)) (D:\Program Files\MikTeX\tex/generic/pgf/basiclayer\pgfcorelayers.code.tex
File: pgfcorelayers.code.tex 2021/05/15 v3.1.9a (3.1.9a)
) (D:\Program Files\MikTeX\tex/generic/pgf/basiclayer\pgfcoretransparency.code.tex
File: pgfcoretransparency.code.tex 2021/05/15 v3.1.9a (3.1.9a)
) (D:\Program Files\MikTeX\tex/generic/pgf/basiclayer\pgfcorepatterns.code.tex
File: pgfcorepatterns.code.tex 2021/05/15 v3.1.9a (3.1.9a)
) (D:\Program Files\MikTeX\tex/generic/pgf/basiclayer\pgfcorerdf.code.tex
File: pgfcorerdf.code.tex 2021/05/15 v3.1.9a (3.1.9a)
))) (D:\Program Files\MikTeX\tex/generic/pgf/modules\pgfmoduleshapes.code.tex
File: pgfmoduleshapes.code.tex 2021/05/15 v3.1.9a (3.1.9a)
\pgfnodeparttextbox=\box58
) (D:\Program Files\MikTeX\tex/generic/pgf/modules\pgfmoduleplot.code.tex
File: pgfmoduleplot.code.tex 2021/05/15 v3.1.9a (3.1.9a)
) (D:\Program Files\MikTeX\tex/latex/pgf/compatibility\pgfcomp-version-0-65.sty
Package: pgfcomp-version-0-65 2021/05/15 v3.1.9a (3.1.9a)
\pgf@nodesepstart=\dimen197
\pgf@nodesepend=\dimen198
) (D:\Program Files\MikTeX\tex/latex/pgf/compatibility\pgfcomp-version-1-18.sty
Package: pgfcomp-version-1-18 2021/05/15 v3.1.9a (3.1.9a)
)) (D:\Program Files\MikTeX\tex/latex/pgf/utilities\pgffor.sty (D:\Program Files\MikTeX\tex/latex/pgf/utilities\pgfkeys.sty (D:\Program Files\MikTeX\tex/generic/pgf/utilities\pgfkeys.code.tex)) (D:\Program Files\MikTeX\tex/latex/pgf/math\pgfmath.sty (D:\Program Files\MikTeX\tex/generic/pgf/math\pgfmath.code.tex)) (D:\Program Files\MikTeX\tex/generic/pgf/utilities\pgffor.code.tex
Package: pgffor 2021/05/15 v3.1.9a (3.1.9a)
 (D:\Program Files\MikTeX\tex/generic/pgf/math\pgfmath.code.tex)
\pgffor@iter=\dimen199
\pgffor@skip=\dimen256
\pgffor@stack=\toks34
\pgffor@toks=\toks35
)) (D:\Program Files\MikTeX\tex/generic/pgf/frontendlayer/tikz\tikz.code.tex
Package: tikz 2021/05/15 v3.1.9a (3.1.9a)
 (D:\Program Files\MikTeX\tex/generic/pgf/libraries\pgflibraryplothandlers.code.tex
File: pgflibraryplothandlers.code.tex 2021/05/15 v3.1.9a (3.1.9a)
\pgf@plot@mark@count=\count282
\pgfplotmarksize=\dimen257
)
\tikz@lastx=\dimen258
\tikz@lasty=\dimen259
\tikz@lastxsaved=\dimen260
\tikz@lastysaved=\dimen261
\tikz@lastmovetox=\dimen262
\tikz@lastmovetoy=\dimen263
\tikzleveldistance=\dimen264
\tikzsiblingdistance=\dimen265
\tikz@figbox=\box59
\tikz@figbox@bg=\box60
\tikz@tempbox=\box61
\tikz@tempbox@bg=\box62
\tikztreelevel=\count283
\tikznumberofchildren=\count284
\tikznumberofcurrentchild=\count285
\tikz@fig@count=\count286
 (D:\Program Files\MikTeX\tex/generic/pgf/modules\pgfmodulematrix.code.tex
File: pgfmodulematrix.code.tex 2021/05/15 v3.1.9a (3.1.9a)
\pgfmatrixcurrentrow=\count287
\pgfmatrixcurrentcolumn=\count288
\pgf@matrix@numberofcolumns=\count289
)
\tikz@expandcount=\count290
 (D:\Program Files\MikTeX\tex/generic/pgf/frontendlayer/tikz/libraries\tikzlibrarytopaths.code.tex
File: tikzlibrarytopaths.code.tex 2021/05/15 v3.1.9a (3.1.9a)
))) (D:\Program Files\MikTeX\tex/generic/pgfplots\pgfplots.code.tex (D:\Program Files\MikTeX\tex/generic/pgfplots\pgfplotscore.code.tex
\t@pgfplots@toka=\toks36
\t@pgfplots@tokb=\toks37
\t@pgfplots@tokc=\toks38
\pgfplots@tmpa=\dimen266
\c@pgfplots@coordindex=\count291
\c@pgfplots@scanlineindex=\count292
 (D:\Program Files\MikTeX\tex/generic/pgfplots/sys\pgfplotssysgeneric.code.tex)) (D:\Program Files\MikTeX\tex/generic/pgfplots/libs\pgfplotslibrary.code.tex) (D:\Program Files\MikTeX\tex/generic/pgfplots/oldpgfcompatib\pgfplotsoldpgfsupp_loader.code.tex (D:\Program Files\MikTeX\tex/generic/pgf/libraries\pgflibraryfpu.code.tex)) (D:\Program Files\MikTeX\tex/generic/pgfplots/util\pgfplotsutil.code.tex (D:\Program Files\MikTeX\tex/generic/pgfplots/liststructure\pgfplotsliststructure.code.tex) (D:\Program Files\MikTeX\tex/generic/pgfplots/liststructure\pgfplotsliststructureext.code.tex) (D:\Program Files\MikTeX\tex/generic/pgfplots/liststructure\pgfplotsarray.code.tex
\c@pgfplotsarray@tmp=\count293
) (D:\Program Files\MikTeX\tex/generic/pgfplots/liststructure\pgfplotsmatrix.code.tex) (D:\Program Files\MikTeX\tex/generic/pgfplots/numtable\pgfplotstableshared.code.tex
\c@pgfplotstable@counta=\count294
\t@pgfplotstable@a=\toks39
) (D:\Program Files\MikTeX\tex/generic/pgfplots/liststructure\pgfplotsdeque.code.tex) (D:\Program Files\MikTeX\tex/generic/pgfplots/util\pgfplotsbinary.code.tex (D:\Program Files\MikTeX\tex/generic/pgfplots/util\pgfplotsbinary.data.code.tex)) (D:\Program Files\MikTeX\tex/generic/pgfplots/util\pgfplotsutil.verb.code.tex) (D:\Program Files\MikTeX\tex/generic/pgfplots/libs\pgflibrarypgfplots.surfshading.code.tex
\c@pgfplotslibrarysurf@no=\count295
 (D:\Program Files\MikTeX\tex/generic/pgfplots/sys\pgflibrarypgfplots.surfshading.pgfsys-pdftex.def))) (D:\Program Files\MikTeX\tex/generic/pgfplots/util\pgfplotscolormap.code.tex (D:\Program Files\MikTeX\tex/generic/pgfplots/util\pgfplotscolor.code.tex)) (D:\Program Files\MikTeX\tex/generic/pgfplots\pgfplotsstackedplots.code.tex) (D:\Program Files\MikTeX\tex/generic/pgfplots\pgfplotsplothandlers.code.tex (D:\Program Files\MikTeX\tex/generic/pgfplots\pgfplotsmeshplothandler.code.tex (D:\Program Files\MikTeX\tex/generic/pgfplots\pgfplotsmeshplotimage.code.tex))) (D:\Program Files\MikTeX\tex/generic/pgfplots\pgfplots.scaling.code.tex) (D:\Program Files\MikTeX\tex/generic/pgfplots\pgfplotscoordprocessing.code.tex) (D:\Program Files\MikTeX\tex/generic/pgfplots\pgfplots.errorbars.code.tex) (D:\Program Files\MikTeX\tex/generic/pgfplots\pgfplots.markers.code.tex) (D:\Program Files\MikTeX\tex/generic/pgfplots\pgfplotsticks.code.tex) (D:\Program Files\MikTeX\tex/generic/pgfplots\pgfplots.paths.code.tex) (D:\Program Files\MikTeX\tex/generic/pgf/frontendlayer/tikz/libraries\tikzlibrarydecorations.code.tex (D:\Program Files\MikTeX\tex/generic/pgf/modules\pgfmoduledecorations.code.tex
\pgfdecoratedcompleteddistance=\dimen267
\pgfdecoratedremainingdistance=\dimen268
\pgfdecoratedinputsegmentcompleteddistance=\dimen269
\pgfdecoratedinputsegmentremainingdistance=\dimen270
\pgf@decorate@distancetomove=\dimen271
\pgf@decorate@repeatstate=\count296
\pgfdecorationsegmentamplitude=\dimen272
\pgfdecorationsegmentlength=\dimen273
)
\tikz@lib@dec@box=\box63
) (D:\Program Files\MikTeX\tex/generic/pgf/frontendlayer/tikz/libraries\tikzlibrarydecorations.pathmorphing.code.tex (D:\Program Files\MikTeX\tex/generic/pgf/libraries/decorations\pgflibrarydecorations.pathmorphing.code.tex)) (D:\Program Files\MikTeX\tex/generic/pgf/frontendlayer/tikz/libraries\tikzlibrarydecorations.pathreplacing.code.tex (D:\Program Files\MikTeX\tex/generic/pgf/libraries/decorations\pgflibrarydecorations.pathreplacing.code.tex)) (D:\Program Files\MikTeX\tex/generic/pgfplots/libs\tikzlibrarypgfplots.contourlua.code.tex)
\pgfplots@numplots=\count297
\pgfplots@xmin@reg=\dimen274
\pgfplots@xmax@reg=\dimen275
\pgfplots@ymin@reg=\dimen276
\pgfplots@ymax@reg=\dimen277
\pgfplots@zmin@reg=\dimen278
\pgfplots@zmax@reg=\dimen279
) (D:\Program Files\MikTeX\tex/generic/pgf/frontendlayer/tikz/libraries\tikzlibraryplotmarks.code.tex
File: tikzlibraryplotmarks.code.tex 2021/05/15 v3.1.9a (3.1.9a)
 (D:\Program Files\MikTeX\tex/generic/pgf/libraries\pgflibraryplotmarks.code.tex
File: pgflibraryplotmarks.code.tex 2021/05/15 v3.1.9a (3.1.9a)
))) (D:\Program Files\MikTeX\tex/latex/latex-tools\verbatim.sty
Package: verbatim 2020-07-07 v1.5u LaTeX2e package for verbatim enhancements
\every@verbatim=\toks40
\verbatim@line=\toks41
\verbatim@in@stream=\read3
) (D:\Program Files\MikTeX\tex/latex/tcolorbox\tcolorbox.sty
Package: tcolorbox 2020/10/09 version 4.42 text color boxes
 (D:\Program Files\MikTeX\tex/latex/environ\environ.sty
Package: environ 2014/05/04 v0.3 A new way to define environments
 (D:\Program Files\MikTeX\tex/latex/trimspaces\trimspaces.sty
Package: trimspaces 2009/09/17 v1.1 Trim spaces around a token list
)) (D:\Program Files\MikTeX\tex/latex/etoolbox\etoolbox.sty
Package: etoolbox 2020/10/05 v2.5k e-TeX tools for LaTeX (JAW)
\etb@tempcnta=\count298
)
\tcb@titlebox=\box64
\tcb@upperbox=\box65
\tcb@lowerbox=\box66
\tcb@phantombox=\box67
\c@tcbbreakpart=\count299
\c@tcblayer=\count300
\c@tcolorbox@number=\count301
\tcb@temp=\box68
\tcb@temp=\box69
\tcb@temp=\box70
\tcb@temp=\box71
\tcb@out=\write4
\tcb@record@out=\write5
) (D:\Program Files\MikTeX\tex/latex/listings\listings.sty
\lst@mode=\count302
\lst@gtempboxa=\box72
\lst@token=\toks42
\lst@length=\count303
\lst@currlwidth=\dimen280
\lst@column=\count304
\lst@pos=\count305
\lst@lostspace=\dimen281
\lst@width=\dimen282
\lst@newlines=\count306
\lst@lineno=\count307
\lst@maxwidth=\dimen283
 (D:\Program Files\MikTeX\tex/latex/listings\lstmisc.sty
File: lstmisc.sty 2020/03/24 1.8d (Carsten Heinz)
\c@lstnumber=\count308
\lst@skipnumbers=\count309
\lst@framebox=\box73
) (D:\Program Files\MikTeX\tex/latex/listings\listings.cfg
File: listings.cfg 2020/03/24 1.8d listings configuration
))
Package: listings 2020/03/24 1.8d (Carsten Heinz)
 (D:\Program Files\MikTeX\tex/latex/siunitx\siunitx.sty
Package: siunitx 2021-05-19 v3.0.2 A comprehensive (SI) units package
\l__siunitx_angle_tmp_dim=\dimen284
\l__siunitx_angle_marker_box=\box74
\l__siunitx_angle_unit_box=\box75
\l__siunitx_compound_count_int=\count310
 (D:\Program Files\MikTeX\tex/latex/translations\translations.sty
Package: translations 2021/01/17 v1.10a internationalization of LaTeX2e packages (CN)
 (D:\Program Files\MikTeX\tex/generic/pdftexcmds\pdftexcmds.sty
Package: pdftexcmds 2020-06-27 v0.33 Utility functions of pdfTeX for LuaTeX (HO)
 (D:\Program Files\MikTeX\tex/generic/infwarerr\infwarerr.sty
Package: infwarerr 2019/12/03 v1.5 Providing info/warning/error messages (HO)
)
(D:\Program Files\MikTeX\tex/generic/ltxcmds\ltxcmds.sty
Package: ltxcmds 2020-05-10 v1.25 LaTeX kernel commands for general use (HO)
)
Package pdftexcmds Info: \pdf@primitive is available.
Package pdftexcmds Info: \pdf@ifprimitive is available.
Package pdftexcmds Info: \pdfdraftmode found.
))
\l__siunitx_number_exponent_fixed_int=\count311
\l__siunitx_number_min_decimal_int=\count312
\l__siunitx_number_min_integer_int=\count313
\l__siunitx_number_round_precision_int=\count314
\l__siunitx_number_group_minimum_int=\count315
\l__siunitx_print_tmp_box=\box76
\l__siunitx_table_tmp_box=\box77
\l__siunitx_table_tmp_dim=\dimen285
\l__siunitx_table_column_width_dim=\dimen286
\l__siunitx_table_integer_box=\box78
\l__siunitx_table_decimal_box=\box79
\l__siunitx_table_before_box=\box80
\l__siunitx_table_after_box=\box81
\l__siunitx_table_carry_dim=\dimen287
\l__siunitx_unit_tmp_int=\count316
\l__siunitx_unit_position_int=\count317
\l__siunitx_unit_total_int=\count318
 (D:\Program Files\MikTeX\tex/latex/l3packages/l3keys2e\l3keys2e.sty
Package: l3keys2e 2021-05-07 LaTeX2e option processing using LaTeX3 keys
)

Package siunitx Warning: Detected the "physics" package:
(siunitx)                Omitting definition of \qty.

(D:\Program Files\MikTeX\tex/latex/latex-tools\array.sty
Package: array 2020/10/01 v2.5c Tabular extension package (FMi)
\col@sep=\dimen288
\ar@mcellbox=\box82
\extrarowheight=\dimen289
\NC@list=\toks43
\extratabsurround=\skip52
\backup@length=\skip53
\ar@cellbox=\box83
)) (D:\Program Files\MikTeX\tex/latex/subfig\subfig.sty
Package: subfig 2005/06/28 ver: 1.3 subfig package
 (D:\Program Files\MikTeX\tex/latex/caption\caption.sty
Package: caption 2020/10/26 v3.5g Customizing captions (AR)
 (D:\Program Files\MikTeX\tex/latex/caption\caption3.sty
Package: caption3 2020/10/21 v2.2e caption3 kernel (AR)
\captionmargin=\dimen290
\captionmargin@=\dimen291
\captionwidth=\dimen292
\caption@tempdima=\dimen293
\caption@indent=\dimen294
\caption@parindent=\dimen295
\caption@hangindent=\dimen296
Package caption Info: Standard document class detected.
)
\c@caption@flags=\count319
\c@continuedfloat=\count320
Package caption Info: float package is loaded.
Package caption Info: listings package is loaded.
)
\c@KVtest=\count321
\sf@farskip=\skip54
\sf@captopadj=\dimen297
\sf@capskip=\skip55
\sf@nearskip=\skip56
\c@subfigure=\count322
\c@subfigure@save=\count323
\c@lofdepth=\count324
\c@subtable=\count325
\c@subtable@save=\count326
\c@lotdepth=\count327
\sf@top=\skip57
\sf@bottom=\skip58
) (D:\Program Files\MikTeX\tex/latex/keyval2e\keyval2e.sty (D:\Program Files\MikTeX\tex/latex/catoptions\catoptions.sty
\m@one=\count328
\z@pt=\dimen298
Package: catoptions 2014/08/29 v0.2.7h Securing catcodes and parsing options (AM)
\cpt@csvdepth=\count329
\cpt@optdepth=\count330
\cpt@cnta=\count331
\indrisdepth=\count332
\cpt@foreachdepth=\count333
\cpt@exprcnt=\count334
)
Package: keyval2e 2011/08/24 v0.0.2 Lightweight and robust key-value parser (AM) (Ahmed Musa)
\kve@keydepth=\count335
) (D:\Program Files\MikTeX\tex/latex/nowidow\nowidow.sty
Package: nowidow 2011/09/20 1.0 Easily prevent widows and orphans
Package: nowidow 
 (D:\Program Files\MikTeX\tex/latex/kvoptions\kvoptions.sty
Package: kvoptions 2020-10-07 v3.14 Key value format for package options (HO)
 (D:\Program Files\MikTeX\tex/generic/kvsetkeys\kvsetkeys.sty
Package: kvsetkeys 2019/12/15 v1.18 Key value parser (HO)
)))
d:/Git Repositories/Uni-Code/Personal Projects/__latexindent_temp.tex:44: Extra \endgroup.
\document ->\endgroup 
                      \let \BeforeStartOfDocument \@firstofone \cpt@beforest...
l.44 \begin{document}
                     
Things are pretty mixed up, but I think the worst is over.

Package translations Info: No language package found. I am going to use `english' as default language. on input line 44.
(__latexindent_temp.aux)
\openout1 = `__latexindent_temp.aux'.

LaTeX Font Info:    Checking defaults for OML/cmm/m/it on input line 44.
LaTeX Font Info:    ... okay on input line 44.
LaTeX Font Info:    Checking defaults for OMS/cmsy/m/n on input line 44.
LaTeX Font Info:    ... okay on input line 44.
LaTeX Font Info:    Checking defaults for OT1/cmr/m/n on input line 44.
LaTeX Font Info:    ... okay on input line 44.
LaTeX Font Info:    Checking defaults for T1/cmr/m/n on input line 44.
LaTeX Font Info:    ... okay on input line 44.
LaTeX Font Info:    Checking defaults for TS1/cmr/m/n on input line 44.
LaTeX Font Info:    ... okay on input line 44.
LaTeX Font Info:    Checking defaults for OMX/cmex/m/n on input line 44.
LaTeX Font Info:    ... okay on input line 44.
LaTeX Font Info:    Checking defaults for U/cmr/m/n on input line 44.
LaTeX Font Info:    ... okay on input line 44.

*geometry* driver: auto-detecting
*geometry* detected driver: pdftex
*geometry* verbose mode - [ preamble ] result:
* driver: pdftex
* paper: <default>
* layout: <same size as paper>
* layoutoffset:(h,v)=(0.0pt,0.0pt)
* modes: 
* h-part:(L,W,R)=(86.72377pt, 440.84746pt, 86.72377pt)
* v-part:(T,H,B)=(86.72377pt, 621.52245pt, 86.72377pt)
* \paperwidth=614.295pt
* \paperheight=794.96999pt
* \textwidth=440.84746pt
* \textheight=621.52245pt
* \oddsidemargin=14.45378pt
* \evensidemargin=14.45378pt
* \topmargin=-22.54622pt
* \headheight=12.0pt
* \headsep=25.0pt
* \topskip=12.0pt
* \footskip=30.0pt
* \marginparwidth=44.0pt
* \marginparsep=10.0pt
* \columnsep=10.0pt
* \skip\footins=10.8pt plus 4.0pt minus 2.0pt
* \hoffset=0.0pt
* \voffset=0.0pt
* \mag=1000
* \@twocolumnfalse
* \@twosidefalse
* \@mparswitchfalse
* \@reversemarginfalse
* (1in=72.27pt=25.4mm, 1cm=28.453pt)

(D:\Program Files\MikTeX\tex/context/base/mkii\supp-pdf.mkii
[Loading MPS to PDF converter (version 2006.09.02).]
\scratchcounter=\count336
\scratchdimen=\dimen299
\scratchbox=\box84
\nofMPsegments=\count337
\nofMParguments=\count338
\everyMPshowfont=\toks44
\MPscratchCnt=\count339
\MPscratchDim=\dimen300
\MPnumerator=\count340
\makeMPintoPDFobject=\count341
\everyMPtoPDFconversion=\toks45
) (D:\Program Files\MikTeX\tex/latex/epstopdf-pkg\epstopdf-base.sty
Package: epstopdf-base 2020-01-24 v2.11 Base part for package epstopdf
Package epstopdf-base Info: Redefining graphics rule for `.eps' on input line 485.
 (D:\Program Files\MikTeX\tex/latex/00miktex\epstopdf-sys.cfg
File: epstopdf-sys.cfg 2021/03/18 v2.0 Configuration of epstopdf for MiKTeX
))
Package pgfplots notification 'compat/show suggested version=true': you might benefit from \pgfplotsset{compat=1.18} (current compat level: 1.17).

\c@lstlisting=\count342
(D:\Program Files\MikTeX\tex/latex/translations/dicts\translations-basic-dictionary-english.trsl
File: translations-basic-dictionary-english.trsl (english translation file `translations-basic-dictionary')
)
Package translations Info: loading dictionary `translations-basic-dictionary' for `english'. on input line 44.
Package caption Info: Begin \AtBeginDocument code.
Package caption Info: subfig package v1.3 is loaded.
Package caption Info: End \AtBeginDocument code.
LaTeX Font Info:    Trying to load font information for U+msa on input line 44.
 (D:\Program Files\MikTeX\tex/latex/amsfonts\umsa.fd
File: umsa.fd 2013/01/14 v3.01 AMS symbols A
)
LaTeX Font Info:    Trying to load font information for U+msb on input line 44.
 (D:\Program Files\MikTeX\tex/latex/amsfonts\umsb.fd
File: umsb.fd 2013/01/14 v3.01 AMS symbols B
)
No file __latexindent_temp.toc.
\tf@toc=\write6
\openout6 = `__latexindent_temp.toc'.

[1

{C:/Users/miles/AppData/Local/MiKTeX/2.9/pdftex/config/pdftex.map}] (ApproxPi2.pgf
ApproxPi2.pgf:75043: Dimension too large.
<to be read again> 
                   \relax 
l.75043 ...o{\pgfqpoint{226.735086in}{0.528000in}}
                                                  %
I can't work with sizes bigger than about 19 feet.
Continue and I'll use the largest value I can.

ApproxPi2.pgf:75044: Dimension too large.
<to be read again> 
                   \relax 
l.75044 ...o{\pgfqpoint{226.735086in}{0.528000in}}
                                                  %
I can't work with sizes bigger than about 19 feet.
Continue and I'll use the largest value I can.

ApproxPi2.pgf:75061: Dimension too large.
<to be read again> 
                   \relax 
l.75061 ...o{\pgfqpoint{226.735086in}{0.528000in}}
                                                  %
I can't work with sizes bigger than about 19 feet.
Continue and I'll use the largest value I can.

ApproxPi2.pgf:75062: Dimension too large.
<to be read again> 
                   \relax 
l.75062 ...o{\pgfqpoint{226.823657in}{0.528000in}}
                                                  %
I can't work with sizes bigger than about 19 feet.
Continue and I'll use the largest value I can.

ApproxPi2.pgf:75063: Dimension too large.
<to be read again> 
                   \relax 
l.75063 ...o{\pgfqpoint{226.823657in}{0.528000in}}
                                                  %
I can't work with sizes bigger than about 19 feet.
Continue and I'll use the largest value I can.

ApproxPi2.pgf:75064: Dimension too large.
<to be read again> 
                   \relax 
l.75064 ...o{\pgfqpoint{226.735086in}{0.528000in}}
                                                  %
I can't work with sizes bigger than about 19 feet.
Continue and I'll use the largest value I can.

ApproxPi2.pgf:75080: Dimension too large.
<to be read again> 
                   \relax 
l.75080 ...o{\pgfqpoint{226.823657in}{0.528000in}}
                                                  %
I can't work with sizes bigger than about 19 feet.
Continue and I'll use the largest value I can.

ApproxPi2.pgf:75081: Dimension too large.
<to be read again> 
                   \relax 
l.75081 ...o{\pgfqpoint{226.912229in}{0.528000in}}
                                                  %
I can't work with sizes bigger than about 19 feet.
Continue and I'll use the largest value I can.

ApproxPi2.pgf:75082: Dimension too large.
<to be read again> 
                   \relax 
l.75082 ...o{\pgfqpoint{226.912229in}{0.528000in}}
                                                  %
I can't work with sizes bigger than about 19 feet.
Continue and I'll use the largest value I can.

ApproxPi2.pgf:75083: Dimension too large.
<to be read again> 
                   \relax 
l.75083 ...o{\pgfqpoint{226.823657in}{0.528000in}}
                                                  %
I can't work with sizes bigger than about 19 feet.
Continue and I'll use the largest value I can.

ApproxPi2.pgf:75099: Dimension too large.
<to be read again> 
                   \relax 
l.75099 ...o{\pgfqpoint{226.912229in}{0.528000in}}
                                                  %
I can't work with sizes bigger than about 19 feet.
Continue and I'll use the largest value I can.

ApproxPi2.pgf:75100: Dimension too large.
<to be read again> 
                   \relax 
l.75100 ...o{\pgfqpoint{227.000800in}{0.528000in}}
                                                  %
I can't work with sizes bigger than about 19 feet.
Continue and I'll use the largest value I can.

ApproxPi2.pgf:75101: Dimension too large.
<to be read again> 
                   \relax 
l.75101 ...o{\pgfqpoint{227.000800in}{0.528000in}}
                                                  %
I can't work with sizes bigger than about 19 feet.
Continue and I'll use the largest value I can.

ApproxPi2.pgf:75102: Dimension too large.
<to be read again> 
                   \relax 
l.75102 ...o{\pgfqpoint{226.912229in}{0.528000in}}
                                                  %
I can't work with sizes bigger than about 19 feet.
Continue and I'll use the largest value I can.

ApproxPi2.pgf:75118: Dimension too large.
<to be read again> 
                   \relax 
l.75118 ...o{\pgfqpoint{227.000800in}{0.528000in}}
                                                  %
I can't work with sizes bigger than about 19 feet.
Continue and I'll use the largest value I can.

ApproxPi2.pgf:75119: Dimension too large.
<to be read again> 
                   \relax 
l.75119 ...o{\pgfqpoint{227.089371in}{0.528000in}}
                                                  %
I can't work with sizes bigger than about 19 feet.
Continue and I'll use the largest value I can.

ApproxPi2.pgf:75120: Dimension too large.
<to be read again> 
                   \relax 
l.75120 ...o{\pgfqpoint{227.089371in}{0.528000in}}
                                                  %
I can't work with sizes bigger than about 19 feet.
Continue and I'll use the largest value I can.

ApproxPi2.pgf:75121: Dimension too large.
<to be read again> 
                   \relax 
l.75121 ...o{\pgfqpoint{227.000800in}{0.528000in}}
                                                  %
I can't work with sizes bigger than about 19 feet.
Continue and I'll use the largest value I can.

ApproxPi2.pgf:75137: Dimension too large.
<to be read again> 
                   \relax 
l.75137 ...o{\pgfqpoint{227.089371in}{0.528000in}}
                                                  %
I can't work with sizes bigger than about 19 feet.
Continue and I'll use the largest value I can.

ApproxPi2.pgf:75138: Dimension too large.
<to be read again> 
                   \relax 
l.75138 ...o{\pgfqpoint{227.177943in}{0.528000in}}
                                                  %
I can't work with sizes bigger than about 19 feet.
Continue and I'll use the largest value I can.

ApproxPi2.pgf:75139: Dimension too large.
<to be read again> 
                   \relax 
l.75139 ...o{\pgfqpoint{227.177943in}{0.528000in}}
                                                  %
I can't work with sizes bigger than about 19 feet.
Continue and I'll use the largest value I can.

ApproxPi2.pgf:75140: Dimension too large.
<to be read again> 
                   \relax 
l.75140 ...o{\pgfqpoint{227.089371in}{0.528000in}}
                                                  %
I can't work with sizes bigger than about 19 feet.
Continue and I'll use the largest value I can.

ApproxPi2.pgf:75156: Dimension too large.
<to be read again> 
                   \relax 
l.75156 ...o{\pgfqpoint{227.177943in}{0.528000in}}
                                                  %
I can't work with sizes bigger than about 19 feet.
Continue and I'll use the largest value I can.

ApproxPi2.pgf:75157: Dimension too large.
<to be read again> 
                   \relax 
l.75157 ...o{\pgfqpoint{227.266514in}{0.528000in}}
                                                  %
I can't work with sizes bigger than about 19 feet.
Continue and I'll use the largest value I can.

ApproxPi2.pgf:75158: Dimension too large.
<to be read again> 
                   \relax 
l.75158 ...o{\pgfqpoint{227.266514in}{0.528000in}}
                                                  %
I can't work with sizes bigger than about 19 feet.
Continue and I'll use the largest value I can.

ApproxPi2.pgf:75159: Dimension too large.
<to be read again> 
                   \relax 
l.75159 ...o{\pgfqpoint{227.177943in}{0.528000in}}
                                                  %
I can't work with sizes bigger than about 19 feet.
Continue and I'll use the largest value I can.

ApproxPi2.pgf:75175: Dimension too large.
<to be read again> 
                   \relax 
l.75175 ...o{\pgfqpoint{227.266514in}{0.528000in}}
                                                  %
I can't work with sizes bigger than about 19 feet.
Continue and I'll use the largest value I can.

ApproxPi2.pgf:75176: Dimension too large.
<to be read again> 
                   \relax 
l.75176 ...o{\pgfqpoint{227.355086in}{0.528000in}}
                                                  %
I can't work with sizes bigger than about 19 feet.
Continue and I'll use the largest value I can.

ApproxPi2.pgf:75177: Dimension too large.
<to be read again> 
                   \relax 
l.75177 ...o{\pgfqpoint{227.355086in}{0.528000in}}
                                                  %
I can't work with sizes bigger than about 19 feet.
Continue and I'll use the largest value I can.

ApproxPi2.pgf:75178: Dimension too large.
<to be read again> 
                   \relax 
l.75178 ...o{\pgfqpoint{227.266514in}{0.528000in}}
                                                  %
I can't work with sizes bigger than about 19 feet.
Continue and I'll use the largest value I can.

ApproxPi2.pgf:75194: Dimension too large.
<to be read again> 
                   \relax 
l.75194 ...o{\pgfqpoint{227.355086in}{0.528000in}}
                                                  %
I can't work with sizes bigger than about 19 feet.
Continue and I'll use the largest value I can.

ApproxPi2.pgf:75195: Dimension too large.
<to be read again> 
                   \relax 
l.75195 ...o{\pgfqpoint{227.443657in}{0.528000in}}
                                                  %
I can't work with sizes bigger than about 19 feet.
Continue and I'll use the largest value I can.

ApproxPi2.pgf:75196: Dimension too large.
<to be read again> 
                   \relax 
l.75196 ...o{\pgfqpoint{227.443657in}{0.528000in}}
                                                  %
I can't work with sizes bigger than about 19 feet.
Continue and I'll use the largest value I can.

ApproxPi2.pgf:75197: Dimension too large.
<to be read again> 
                   \relax 
l.75197 ...o{\pgfqpoint{227.355086in}{0.528000in}}
                                                  %
I can't work with sizes bigger than about 19 feet.
Continue and I'll use the largest value I can.

ApproxPi2.pgf:75213: Dimension too large.
<to be read again> 
                   \relax 
l.75213 ...o{\pgfqpoint{227.443657in}{0.528000in}}
                                                  %
I can't work with sizes bigger than about 19 feet.
Continue and I'll use the largest value I can.

ApproxPi2.pgf:75214: Dimension too large.
<to be read again> 
                   \relax 
l.75214 ...o{\pgfqpoint{227.532229in}{0.528000in}}
                                                  %
I can't work with sizes bigger than about 19 feet.
Continue and I'll use the largest value I can.

ApproxPi2.pgf:75215: Dimension too large.
<to be read again> 
                   \relax 
l.75215 ...o{\pgfqpoint{227.532229in}{0.528000in}}
                                                  %
I can't work with sizes bigger than about 19 feet.
Continue and I'll use the largest value I can.

ApproxPi2.pgf:75216: Dimension too large.
<to be read again> 
                   \relax 
l.75216 ...o{\pgfqpoint{227.443657in}{0.528000in}}
                                                  %
I can't work with sizes bigger than about 19 feet.
Continue and I'll use the largest value I can.

ApproxPi2.pgf:75232: Dimension too large.
<to be read again> 
                   \relax 
l.75232 ...o{\pgfqpoint{227.532229in}{0.528000in}}
                                                  %
I can't work with sizes bigger than about 19 feet.
Continue and I'll use the largest value I can.

ApproxPi2.pgf:75233: Dimension too large.
<to be read again> 
                   \relax 
l.75233 ...o{\pgfqpoint{227.620800in}{0.528000in}}
                                                  %
I can't work with sizes bigger than about 19 feet.
Continue and I'll use the largest value I can.

ApproxPi2.pgf:75234: Dimension too large.
<to be read again> 
                   \relax 
l.75234 ...o{\pgfqpoint{227.620800in}{0.528000in}}
                                                  %
I can't work with sizes bigger than about 19 feet.
Continue and I'll use the largest value I can.

ApproxPi2.pgf:75235: Dimension too large.
<to be read again> 
                   \relax 
l.75235 ...o{\pgfqpoint{227.532229in}{0.528000in}}
                                                  %
I can't work with sizes bigger than about 19 feet.
Continue and I'll use the largest value I can.

ApproxPi2.pgf:75251: Dimension too large.
<to be read again> 
                   \relax 
l.75251 ...o{\pgfqpoint{227.620800in}{0.528000in}}
                                                  %
I can't work with sizes bigger than about 19 feet.
Continue and I'll use the largest value I can.

ApproxPi2.pgf:75252: Dimension too large.
<to be read again> 
                   \relax 
l.75252 ...o{\pgfqpoint{227.709371in}{0.528000in}}
                                                  %
I can't work with sizes bigger than about 19 feet.
Continue and I'll use the largest value I can.

ApproxPi2.pgf:75253: Dimension too large.
<to be read again> 
                   \relax 
l.75253 ...o{\pgfqpoint{227.709371in}{0.528000in}}
                                                  %
I can't work with sizes bigger than about 19 feet.
Continue and I'll use the largest value I can.

ApproxPi2.pgf:75254: Dimension too large.
<to be read again> 
                   \relax 
l.75254 ...o{\pgfqpoint{227.620800in}{0.528000in}}
                                                  %
I can't work with sizes bigger than about 19 feet.
Continue and I'll use the largest value I can.

ApproxPi2.pgf:75270: Dimension too large.
<to be read again> 
                   \relax 
l.75270 ...o{\pgfqpoint{227.709371in}{0.528000in}}
                                                  %
I can't work with sizes bigger than about 19 feet.
Continue and I'll use the largest value I can.

ApproxPi2.pgf:75271: Dimension too large.
<to be read again> 
                   \relax 
l.75271 ...o{\pgfqpoint{227.797943in}{0.528000in}}
                                                  %
I can't work with sizes bigger than about 19 feet.
Continue and I'll use the largest value I can.

ApproxPi2.pgf:75272: Dimension too large.
<to be read again> 
                   \relax 
l.75272 ...o{\pgfqpoint{227.797943in}{0.528000in}}
                                                  %
I can't work with sizes bigger than about 19 feet.
Continue and I'll use the largest value I can.

ApproxPi2.pgf:75273: Dimension too large.
<to be read again> 
                   \relax 
l.75273 ...o{\pgfqpoint{227.709371in}{0.528000in}}
                                                  %
I can't work with sizes bigger than about 19 feet.
Continue and I'll use the largest value I can.

ApproxPi2.pgf:75289: Dimension too large.
<to be read again> 
                   \relax 
l.75289 ...o{\pgfqpoint{227.797943in}{0.528000in}}
                                                  %
I can't work with sizes bigger than about 19 feet.
Continue and I'll use the largest value I can.

ApproxPi2.pgf:75290: Dimension too large.
<to be read again> 
                   \relax 
l.75290 ...o{\pgfqpoint{227.886514in}{0.528000in}}
                                                  %
I can't work with sizes bigger than about 19 feet.
Continue and I'll use the largest value I can.

ApproxPi2.pgf:75291: Dimension too large.
<to be read again> 
                   \relax 
l.75291 ...o{\pgfqpoint{227.886514in}{0.528000in}}
                                                  %
I can't work with sizes bigger than about 19 feet.
Continue and I'll use the largest value I can.

ApproxPi2.pgf:75292: Dimension too large.
<to be read again> 
                   \relax 
l.75292 ...o{\pgfqpoint{227.797943in}{0.528000in}}
                                                  %
I can't work with sizes bigger than about 19 feet.
Continue and I'll use the largest value I can.

ApproxPi2.pgf:75308: Dimension too large.
<to be read again> 
                   \relax 
l.75308 ...o{\pgfqpoint{227.886514in}{0.528000in}}
                                                  %
I can't work with sizes bigger than about 19 feet.
Continue and I'll use the largest value I can.

ApproxPi2.pgf:75309: Dimension too large.
<to be read again> 
                   \relax 
l.75309 ...o{\pgfqpoint{227.975086in}{0.528000in}}
                                                  %
I can't work with sizes bigger than about 19 feet.
Continue and I'll use the largest value I can.

ApproxPi2.pgf:75310: Dimension too large.
<to be read again> 
                   \relax 
l.75310 ...o{\pgfqpoint{227.975086in}{0.528000in}}
                                                  %
I can't work with sizes bigger than about 19 feet.
Continue and I'll use the largest value I can.

ApproxPi2.pgf:75311: Dimension too large.
<to be read again> 
                   \relax 
l.75311 ...o{\pgfqpoint{227.886514in}{0.528000in}}
                                                  %
I can't work with sizes bigger than about 19 feet.
Continue and I'll use the largest value I can.

ApproxPi2.pgf:75327: Dimension too large.
<to be read again> 
                   \relax 
l.75327 ...o{\pgfqpoint{227.975086in}{0.528000in}}
                                                  %
I can't work with sizes bigger than about 19 feet.
Continue and I'll use the largest value I can.

ApproxPi2.pgf:75328: Dimension too large.
<to be read again> 
                   \relax 
l.75328 ...o{\pgfqpoint{228.063657in}{0.528000in}}
                                                  %
I can't work with sizes bigger than about 19 feet.
Continue and I'll use the largest value I can.

ApproxPi2.pgf:75329: Dimension too large.
<to be read again> 
                   \relax 
l.75329 ...o{\pgfqpoint{228.063657in}{0.528000in}}
                                                  %
I can't work with sizes bigger than about 19 feet.
Continue and I'll use the largest value I can.

ApproxPi2.pgf:75330: Dimension too large.
<to be read again> 
                   \relax 
l.75330 ...o{\pgfqpoint{227.975086in}{0.528000in}}
                                                  %
I can't work with sizes bigger than about 19 feet.
Continue and I'll use the largest value I can.

ApproxPi2.pgf:75346: Dimension too large.
<to be read again> 
                   \relax 
l.75346 ...o{\pgfqpoint{228.063657in}{0.528000in}}
                                                  %
I can't work with sizes bigger than about 19 feet.
Continue and I'll use the largest value I can.

ApproxPi2.pgf:75347: Dimension too large.
<to be read again> 
                   \relax 
l.75347 ...o{\pgfqpoint{228.152229in}{0.528000in}}
                                                  %
I can't work with sizes bigger than about 19 feet.
Continue and I'll use the largest value I can.

ApproxPi2.pgf:75348: Dimension too large.
<to be read again> 
                   \relax 
l.75348 ...o{\pgfqpoint{228.152229in}{0.528000in}}
                                                  %
I can't work with sizes bigger than about 19 feet.
Continue and I'll use the largest value I can.

ApproxPi2.pgf:75349: Dimension too large.
<to be read again> 
                   \relax 
l.75349 ...o{\pgfqpoint{228.063657in}{0.528000in}}
                                                  %
I can't work with sizes bigger than about 19 feet.
Continue and I'll use the largest value I can.

ApproxPi2.pgf:75365: Dimension too large.
<to be read again> 
                   \relax 
l.75365 ...o{\pgfqpoint{228.152229in}{0.528000in}}
                                                  %
I can't work with sizes bigger than about 19 feet.
Continue and I'll use the largest value I can.

ApproxPi2.pgf:75366: Dimension too large.
<to be read again> 
                   \relax 
l.75366 ...o{\pgfqpoint{228.240800in}{0.528000in}}
                                                  %
I can't work with sizes bigger than about 19 feet.
Continue and I'll use the largest value I can.

ApproxPi2.pgf:75367: Dimension too large.
<to be read again> 
                   \relax 
l.75367 ...o{\pgfqpoint{228.240800in}{0.528000in}}
                                                  %
I can't work with sizes bigger than about 19 feet.
Continue and I'll use the largest value I can.

ApproxPi2.pgf:75368: Dimension too large.
<to be read again> 
                   \relax 
l.75368 ...o{\pgfqpoint{228.152229in}{0.528000in}}
                                                  %
I can't work with sizes bigger than about 19 feet.
Continue and I'll use the largest value I can.

ApproxPi2.pgf:75384: Dimension too large.
<to be read again> 
                   \relax 
l.75384 ...o{\pgfqpoint{228.240800in}{0.528000in}}
                                                  %
I can't work with sizes bigger than about 19 feet.
Continue and I'll use the largest value I can.

ApproxPi2.pgf:75385: Dimension too large.
<to be read again> 
                   \relax 
l.75385 ...o{\pgfqpoint{228.329371in}{0.528000in}}
                                                  %
I can't work with sizes bigger than about 19 feet.
Continue and I'll use the largest value I can.

ApproxPi2.pgf:75386: Dimension too large.
<to be read again> 
                   \relax 
l.75386 ...o{\pgfqpoint{228.329371in}{0.528000in}}
                                                  %
I can't work with sizes bigger than about 19 feet.
Continue and I'll use the largest value I can.

ApproxPi2.pgf:75387: Dimension too large.
<to be read again> 
                   \relax 
l.75387 ...o{\pgfqpoint{228.240800in}{0.528000in}}
                                                  %
I can't work with sizes bigger than about 19 feet.
Continue and I'll use the largest value I can.

ApproxPi2.pgf:75403: Dimension too large.
<to be read again> 
                   \relax 
l.75403 ...o{\pgfqpoint{228.329371in}{0.528000in}}
                                                  %
I can't work with sizes bigger than about 19 feet.
Continue and I'll use the largest value I can.

ApproxPi2.pgf:75404: Dimension too large.
<to be read again> 
                   \relax 
l.75404 ...o{\pgfqpoint{228.417943in}{0.528000in}}
                                                  %
I can't work with sizes bigger than about 19 feet.
Continue and I'll use the largest value I can.

ApproxPi2.pgf:75405: Dimension too large.
<to be read again> 
                   \relax 
l.75405 ...o{\pgfqpoint{228.417943in}{0.528000in}}
                                                  %
I can't work with sizes bigger than about 19 feet.
Continue and I'll use the largest value I can.

ApproxPi2.pgf:75406: Dimension too large.
<to be read again> 
                   \relax 
l.75406 ...o{\pgfqpoint{228.329371in}{0.528000in}}
                                                  %
I can't work with sizes bigger than about 19 feet.
Continue and I'll use the largest value I can.

ApproxPi2.pgf:75422: Dimension too large.
<to be read again> 
                   \relax 
l.75422 ...o{\pgfqpoint{228.417943in}{0.528000in}}
                                                  %
I can't work with sizes bigger than about 19 feet.
Continue and I'll use the largest value I can.

ApproxPi2.pgf:75423: Dimension too large.
<to be read again> 
                   \relax 
l.75423 ...o{\pgfqpoint{228.506514in}{0.528000in}}
                                                  %
I can't work with sizes bigger than about 19 feet.
Continue and I'll use the largest value I can.

ApproxPi2.pgf:75424: Dimension too large.
<to be read again> 
                   \relax 
l.75424 ...o{\pgfqpoint{228.506514in}{0.528000in}}
                                                  %
I can't work with sizes bigger than about 19 feet.
Continue and I'll use the largest value I can.

ApproxPi2.pgf:75425: Dimension too large.
<to be read again> 
                   \relax 
l.75425 ...o{\pgfqpoint{228.417943in}{0.528000in}}
                                                  %
I can't work with sizes bigger than about 19 feet.
Continue and I'll use the largest value I can.

ApproxPi2.pgf:75441: Dimension too large.
<to be read again> 
                   \relax 
l.75441 ...o{\pgfqpoint{228.506514in}{0.528000in}}
                                                  %
I can't work with sizes bigger than about 19 feet.
Continue and I'll use the largest value I can.

ApproxPi2.pgf:75442: Dimension too large.
<to be read again> 
                   \relax 
l.75442 ...o{\pgfqpoint{228.595086in}{0.528000in}}
                                                  %
I can't work with sizes bigger than about 19 feet.
Continue and I'll use the largest value I can.

ApproxPi2.pgf:75443: Dimension too large.
<to be read again> 
                   \relax 
l.75443 ...o{\pgfqpoint{228.595086in}{0.528000in}}
                                                  %
I can't work with sizes bigger than about 19 feet.
Continue and I'll use the largest value I can.

ApproxPi2.pgf:75444: Dimension too large.
<to be read again> 
                   \relax 
l.75444 ...o{\pgfqpoint{228.506514in}{0.528000in}}
                                                  %
I can't work with sizes bigger than about 19 feet.
Continue and I'll use the largest value I can.

ApproxPi2.pgf:75460: Dimension too large.
<to be read again> 
                   \relax 
l.75460 ...o{\pgfqpoint{228.595086in}{0.528000in}}
                                                  %
I can't work with sizes bigger than about 19 feet.
Continue and I'll use the largest value I can.

ApproxPi2.pgf:75461: Dimension too large.
<to be read again> 
                   \relax 
l.75461 ...o{\pgfqpoint{228.683657in}{0.528000in}}
                                                  %
I can't work with sizes bigger than about 19 feet.
Continue and I'll use the largest value I can.

ApproxPi2.pgf:75462: Dimension too large.
<to be read again> 
                   \relax 
l.75462 ...o{\pgfqpoint{228.683657in}{0.528000in}}
                                                  %
I can't work with sizes bigger than about 19 feet.
Continue and I'll use the largest value I can.

ApproxPi2.pgf:75463: Dimension too large.
<to be read again> 
                   \relax 
l.75463 ...o{\pgfqpoint{228.595086in}{0.528000in}}
                                                  %
I can't work with sizes bigger than about 19 feet.
Continue and I'll use the largest value I can.

ApproxPi2.pgf:75479: Dimension too large.
<to be read again> 
                   \relax 
l.75479 ...o{\pgfqpoint{228.683657in}{0.528000in}}
                                                  %
I can't work with sizes bigger than about 19 feet.
Continue and I'll use the largest value I can.

ApproxPi2.pgf:75480: Dimension too large.
<to be read again> 
                   \relax 
l.75480 ...o{\pgfqpoint{228.772229in}{0.528000in}}
                                                  %
I can't work with sizes bigger than about 19 feet.
Continue and I'll use the largest value I can.

ApproxPi2.pgf:75481: Dimension too large.
<to be read again> 
                   \relax 
l.75481 ...o{\pgfqpoint{228.772229in}{0.528000in}}
                                                  %
I can't work with sizes bigger than about 19 feet.
Continue and I'll use the largest value I can.

ApproxPi2.pgf:75482: Dimension too large.
<to be read again> 
                   \relax 
l.75482 ...o{\pgfqpoint{228.683657in}{0.528000in}}
                                                  %
I can't work with sizes bigger than about 19 feet.
Continue and I'll use the largest value I can.

ApproxPi2.pgf:75498: Dimension too large.
<to be read again> 
                   \relax 
l.75498 ...o{\pgfqpoint{228.772229in}{0.528000in}}
                                                  %
I can't work with sizes bigger than about 19 feet.
Continue and I'll use the largest value I can.

ApproxPi2.pgf:75499: Dimension too large.
<to be read again> 
                   \relax 
l.75499 ...o{\pgfqpoint{228.860800in}{0.528000in}}
                                                  %
I can't work with sizes bigger than about 19 feet.
Continue and I'll use the largest value I can.

ApproxPi2.pgf:75500: Dimension too large.
<to be read again> 
                   \relax 
l.75500 ...o{\pgfqpoint{228.860800in}{0.528000in}}
                                                  %
I can't work with sizes bigger than about 19 feet.
Continue and I'll use the largest value I can.

ApproxPi2.pgf:75501: Dimension too large.
<to be read again> 
                   \relax 
l.75501 ...o{\pgfqpoint{228.772229in}{0.528000in}}
                                                  %
I can't work with sizes bigger than about 19 feet.
Continue and I'll use the largest value I can.

ApproxPi2.pgf:75517: Dimension too large.
<to be read again> 
                   \relax 
l.75517 ...o{\pgfqpoint{228.860800in}{0.528000in}}
                                                  %
I can't work with sizes bigger than about 19 feet.
Continue and I'll use the largest value I can.

ApproxPi2.pgf:75518: Dimension too large.
<to be read again> 
                   \relax 
l.75518 ...o{\pgfqpoint{228.949371in}{0.528000in}}
                                                  %
(That makes 100 errors; please try again.) 
Here is how much of TeX's memory you used:
 33735 strings out of 479125
 824222 string characters out of 4612535
 7126533 words of memory out of 19000000
 50891 multiletter control sequences out of 15000+600000
 415022 words of font info for 73 fonts, out of 5000000 for 9000
 1141 hyphenation exceptions out of 8191
 99i,5n,103p,785b,1990s stack positions out of 5000i,500n,10000p,5000000b,80000s

ApproxPi2.pgf:75518:  ==> Fatal error occurred, no output PDF file produced!
