This is pdfTeX, Version 3.14159265-2.6-1.40.21 (MiKTeX 2.9.7300 64-bit) (preloaded format=pdflatex 2020.5.7)  8 MAY 2020 23:51
entering extended mode
**"d:/Git Repositories/Uni-Code/Personal Projects/ApproxPi.tex"
("d:/Git Repositories/Uni-Code/Personal Projects/ApproxPi.tex"
LaTeX2e <2020-02-02> patch level 5
L3 programming layer <2020-03-03> ("D:\Program Files\MikTeX\tex/latex/base\article.cls"
Document Class: article 2019/12/20 v1.4l Standard LaTeX document class
("D:\Program Files\MikTeX\tex/latex/base\size12.clo"
File: size12.clo 2019/12/20 v1.4l Standard LaTeX file (size option)
)
\c@part=\count167
\c@section=\count168
\c@subsection=\count169
\c@subsubsection=\count170
\c@paragraph=\count171
\c@subparagraph=\count172
\c@figure=\count173
\c@table=\count174
\abovecaptionskip=\skip47
\belowcaptionskip=\skip48
\bibindent=\dimen134
) ("D:\Program Files\MikTeX\tex/latex/geometry\geometry.sty"
Package: geometry 2020/01/02 v5.9 Page Geometry
 ("D:\Program Files\MikTeX\tex/latex/graphics\keyval.sty"
Package: keyval 2014/10/28 v1.15 key=value parser (DPC)
\KV@toks@=\toks15
) ("D:\Program Files\MikTeX\tex/generic/iftex\ifvtex.sty"
Package: ifvtex 2019/10/25 v1.7 ifvtex legacy package. Use iftex instead.
 ("D:\Program Files\MikTeX\tex/generic/iftex\iftex.sty"
Package: iftex 2019/11/07 v1.0c TeX engine tests
))
\Gm@cnth=\count175
\Gm@cntv=\count176
\c@Gm@tempcnt=\count177
\Gm@bindingoffset=\dimen135
\Gm@wd@mp=\dimen136
\Gm@odd@mp=\dimen137
\Gm@even@mp=\dimen138
\Gm@layoutwidth=\dimen139
\Gm@layoutheight=\dimen140
\Gm@layouthoffset=\dimen141
\Gm@layoutvoffset=\dimen142
\Gm@dimlist=\toks16
 ("D:\Program Files\MikTeX\tex/latex/geometry\geometry.cfg")) ("D:\Program Files\MikTeX\tex/latex/graphics\graphicx.sty"
Package: graphicx 2019/11/30 v1.2a Enhanced LaTeX Graphics (DPC,SPQR)
 ("D:\Program Files\MikTeX\tex/latex/graphics\graphics.sty"
Package: graphics 2019/11/30 v1.4a Standard LaTeX Graphics (DPC,SPQR)
 ("D:\Program Files\MikTeX\tex/latex/graphics\trig.sty"
Package: trig 2016/01/03 v1.10 sin cos tan (DPC)
) ("D:\Program Files\MikTeX\tex/latex/graphics-cfg\graphics.cfg"
File: graphics.cfg 2016/06/04 v1.11 sample graphics configuration
)
Package graphics Info: Driver file: pdftex.def on input line 105.
 ("D:\Program Files\MikTeX\tex/latex/graphics-def\pdftex.def"
File: pdftex.def 2018/01/08 v1.0l Graphics/color driver for pdftex
))
\Gin@req@height=\dimen143
\Gin@req@width=\dimen144
) ("D:\Program Files\MikTeX\tex/latex/amsmath\amsmath.sty"
Package: amsmath 2020/01/20 v2.17e AMS math features
\@mathmargin=\skip49

For additional information on amsmath, use the `?' option.
("D:\Program Files\MikTeX\tex/latex/amsmath\amstext.sty"
Package: amstext 2000/06/29 v2.01 AMS text
 ("D:\Program Files\MikTeX\tex/latex/amsmath\amsgen.sty"
File: amsgen.sty 1999/11/30 v2.0 generic functions
\@emptytoks=\toks17
\ex@=\dimen145
)) ("D:\Program Files\MikTeX\tex/latex/amsmath\amsbsy.sty"
Package: amsbsy 1999/11/29 v1.2d Bold Symbols
\pmbraise@=\dimen146
) ("D:\Program Files\MikTeX\tex/latex/amsmath\amsopn.sty"
Package: amsopn 2016/03/08 v2.02 operator names
)
\inf@bad=\count178
LaTeX Info: Redefining \frac on input line 227.
\uproot@=\count179
\leftroot@=\count180
LaTeX Info: Redefining \overline on input line 389.
\classnum@=\count181
\DOTSCASE@=\count182
LaTeX Info: Redefining \ldots on input line 486.
LaTeX Info: Redefining \dots on input line 489.
LaTeX Info: Redefining \cdots on input line 610.
\Mathstrutbox@=\box45
\strutbox@=\box46
\big@size=\dimen147
LaTeX Font Info:    Redeclaring font encoding OML on input line 733.
LaTeX Font Info:    Redeclaring font encoding OMS on input line 734.
\macc@depth=\count183
\c@MaxMatrixCols=\count184
\dotsspace@=\muskip16
\c@parentequation=\count185
\dspbrk@lvl=\count186
\tag@help=\toks18
\row@=\count187
\column@=\count188
\maxfields@=\count189
\andhelp@=\toks19
\eqnshift@=\dimen148
\alignsep@=\dimen149
\tagshift@=\dimen150
\tagwidth@=\dimen151
\totwidth@=\dimen152
\lineht@=\dimen153
\@envbody=\toks20
\multlinegap=\skip50
\multlinetaggap=\skip51
\mathdisplay@stack=\toks21
LaTeX Info: Redefining \[ on input line 2859.
LaTeX Info: Redefining \] on input line 2860.
) ("D:\Program Files\MikTeX\tex/latex/physics\physics.sty"
Package: physics 
 ("D:\Program Files\MikTeX\tex/latex/l3packages/xparse\xparse.sty" ("D:\Program Files\MikTeX\tex/latex/l3kernel\expl3.sty"
Package: expl3 2020-03-03 L3 programming layer (loader) 
 ("D:\Program Files\MikTeX\tex/latex/l3backend\l3backend-pdfmode.def"
File: l3backend-pdfmode.def 2020-02-03 L3 backend support: PDF mode
\l__kernel_color_stack_int=\count190
\l__pdf_internal_box=\box47
))
Package: xparse 2020-03-03 L3 Experimental document command parser
\l__xparse_current_arg_int=\count191
\g__xparse_grabber_int=\count192
\l__xparse_m_args_int=\count193
\l__xparse_v_nesting_int=\count194
)) ("D:\Program Files\MikTeX\tex/latex/tabto-ltx\tabto.sty"
Package: tabto 2018/12/28  v 1.4  Another tabbing mechanism
\CurrentLineWidth=\dimen154
\TabPrevPos=\dimen155
) ("D:\Program Files\MikTeX\tex/latex/float\float.sty"
Package: float 2001/11/08 v1.3d Float enhancements (AL)
\c@float@type=\count195
\float@exts=\toks22
\float@box=\box48
\@float@everytoks=\toks23
\@floatcapt=\box49
) ("D:\Program Files\MikTeX\tex/latex/amsfonts\amssymb.sty"
Package: amssymb 2013/01/14 v3.01 AMS font symbols
 ("D:\Program Files\MikTeX\tex/latex/amsfonts\amsfonts.sty"
Package: amsfonts 2013/01/14 v3.01 Basic AMSFonts support
\symAMSa=\mathgroup4
\symAMSb=\mathgroup5
LaTeX Font Info:    Redeclaring math symbol \hbar on input line 98.
LaTeX Font Info:    Overwriting math alphabet `\mathfrak' in version `bold'
(Font)                  U/euf/m/n --> U/euf/b/n on input line 106.
)) ("D:\Program Files\MikTeX\tex/latex/pgfplots\pgfplots.sty" ("D:\Program Files\MikTeX\tex/generic/pgfplots\pgfplots.revision.tex")
Package: pgfplots 2020/02/29 v1.17 Data Visualization (1.17)
 ("D:\Program Files\MikTeX\tex/latex/pgf/frontendlayer\tikz.sty" ("D:\Program Files\MikTeX\tex/latex/pgf/basiclayer\pgf.sty" ("D:\Program Files\MikTeX\tex/latex/pgf/utilities\pgfrcs.sty" ("D:\Program Files\MikTeX\tex/generic/pgf/utilities\pgfutil-common.tex"
\pgfutil@everybye=\toks24
\pgfutil@tempdima=\dimen156
\pgfutil@tempdimb=\dimen157
 ("D:\Program Files\MikTeX\tex/generic/pgf/utilities\pgfutil-common-lists.tex")) ("D:\Program Files\MikTeX\tex/generic/pgf/utilities\pgfutil-latex.def"
\pgfutil@abb=\box50
 ("D:\Program Files\MikTeX\tex/latex/ms\everyshi.sty"
Package: everyshi 2001/05/15 v3.00 EveryShipout Package (MS)
)) ("D:\Program Files\MikTeX\tex/generic/pgf/utilities\pgfrcs.code.tex" ("D:\Program Files\MikTeX\tex/generic/pgf\pgf.revision.tex")
Package: pgfrcs 2020/01/08 v3.1.5b (3.1.5b)
))
Package: pgf 2020/01/08 v3.1.5b (3.1.5b)
 ("D:\Program Files\MikTeX\tex/latex/pgf/basiclayer\pgfcore.sty" ("D:\Program Files\MikTeX\tex/latex/pgf/systemlayer\pgfsys.sty" ("D:\Program Files\MikTeX\tex/generic/pgf/systemlayer\pgfsys.code.tex"
Package: pgfsys 2020/01/08 v3.1.5b (3.1.5b)
 ("D:\Program Files\MikTeX\tex/generic/pgf/utilities\pgfkeys.code.tex"
\pgfkeys@pathtoks=\toks25
\pgfkeys@temptoks=\toks26
 ("D:\Program Files\MikTeX\tex/generic/pgf/utilities\pgfkeysfiltered.code.tex"
\pgfkeys@tmptoks=\toks27
))
\pgf@x=\dimen158
\pgf@y=\dimen159
\pgf@xa=\dimen160
\pgf@ya=\dimen161
\pgf@xb=\dimen162
\pgf@yb=\dimen163
\pgf@xc=\dimen164
\pgf@yc=\dimen165
\pgf@xd=\dimen166
\pgf@yd=\dimen167
\w@pgf@writea=\write3
\r@pgf@reada=\read2
\c@pgf@counta=\count196
\c@pgf@countb=\count197
\c@pgf@countc=\count198
\c@pgf@countd=\count199
\t@pgf@toka=\toks28
\t@pgf@tokb=\toks29
\t@pgf@tokc=\toks30
\pgf@sys@id@count=\count266
 ("D:\Program Files\MikTeX\tex/generic/pgf/systemlayer\pgf.cfg"
File: pgf.cfg 2020/01/08 v3.1.5b (3.1.5b)
)
Driver file for pgf: pgfsys-pdftex.def
 ("D:\Program Files\MikTeX\tex/generic/pgf/systemlayer\pgfsys-pdftex.def"
File: pgfsys-pdftex.def 2020/01/08 v3.1.5b (3.1.5b)
 ("D:\Program Files\MikTeX\tex/generic/pgf/systemlayer\pgfsys-common-pdf.def"
File: pgfsys-common-pdf.def 2020/01/08 v3.1.5b (3.1.5b)
))) ("D:\Program Files\MikTeX\tex/generic/pgf/systemlayer\pgfsyssoftpath.code.tex"
File: pgfsyssoftpath.code.tex 2020/01/08 v3.1.5b (3.1.5b)
\pgfsyssoftpath@smallbuffer@items=\count267
\pgfsyssoftpath@bigbuffer@items=\count268
) ("D:\Program Files\MikTeX\tex/generic/pgf/systemlayer\pgfsysprotocol.code.tex"
File: pgfsysprotocol.code.tex 2020/01/08 v3.1.5b (3.1.5b)
)) ("D:\Program Files\MikTeX\tex/latex/xcolor\xcolor.sty"
Package: xcolor 2016/05/11 v2.12 LaTeX color extensions (UK)
 ("D:\Program Files\MikTeX\tex/latex/graphics-cfg\color.cfg"
File: color.cfg 2016/01/02 v1.6 sample color configuration
)
Package xcolor Info: Driver file: pdftex.def on input line 225.
Package xcolor Info: Model `cmy' substituted by `cmy0' on input line 1348.
Package xcolor Info: Model `hsb' substituted by `rgb' on input line 1352.
Package xcolor Info: Model `RGB' extended on input line 1364.
Package xcolor Info: Model `HTML' substituted by `rgb' on input line 1366.
Package xcolor Info: Model `Hsb' substituted by `hsb' on input line 1367.
Package xcolor Info: Model `tHsb' substituted by `hsb' on input line 1368.
Package xcolor Info: Model `HSB' substituted by `hsb' on input line 1369.
Package xcolor Info: Model `Gray' substituted by `gray' on input line 1370.
Package xcolor Info: Model `wave' substituted by `hsb' on input line 1371.
) ("D:\Program Files\MikTeX\tex/generic/pgf/basiclayer\pgfcore.code.tex"
Package: pgfcore 2020/01/08 v3.1.5b (3.1.5b)
 ("D:\Program Files\MikTeX\tex/generic/pgf/math\pgfmath.code.tex" ("D:\Program Files\MikTeX\tex/generic/pgf/math\pgfmathcalc.code.tex" ("D:\Program Files\MikTeX\tex/generic/pgf/math\pgfmathutil.code.tex") ("D:\Program Files\MikTeX\tex/generic/pgf/math\pgfmathparser.code.tex"
\pgfmath@dimen=\dimen168
\pgfmath@count=\count269
\pgfmath@box=\box51
\pgfmath@toks=\toks31
\pgfmath@stack@operand=\toks32
\pgfmath@stack@operation=\toks33
) ("D:\Program Files\MikTeX\tex/generic/pgf/math\pgfmathfunctions.code.tex" ("D:\Program Files\MikTeX\tex/generic/pgf/math\pgfmathfunctions.basic.code.tex") ("D:\Program Files\MikTeX\tex/generic/pgf/math\pgfmathfunctions.trigonometric.code.tex") ("D:\Program Files\MikTeX\tex/generic/pgf/math\pgfmathfunctions.random.code.tex") ("D:\Program Files\MikTeX\tex/generic/pgf/math\pgfmathfunctions.comparison.code.tex") ("D:\Program Files\MikTeX\tex/generic/pgf/math\pgfmathfunctions.base.code.tex") ("D:\Program Files\MikTeX\tex/generic/pgf/math\pgfmathfunctions.round.code.tex") ("D:\Program Files\MikTeX\tex/generic/pgf/math\pgfmathfunctions.misc.code.tex") ("D:\Program Files\MikTeX\tex/generic/pgf/math\pgfmathfunctions.integerarithmetics.code.tex"))) ("D:\Program Files\MikTeX\tex/generic/pgf/math\pgfmathfloat.code.tex"
\c@pgfmathroundto@lastzeros=\count270
)) ("D:\Program Files\MikTeX\tex/generic/pgf/math\pgfint.code.tex") ("D:\Program Files\MikTeX\tex/generic/pgf/basiclayer\pgfcorepoints.code.tex"
File: pgfcorepoints.code.tex 2020/01/08 v3.1.5b (3.1.5b)
\pgf@picminx=\dimen169
\pgf@picmaxx=\dimen170
\pgf@picminy=\dimen171
\pgf@picmaxy=\dimen172
\pgf@pathminx=\dimen173
\pgf@pathmaxx=\dimen174
\pgf@pathminy=\dimen175
\pgf@pathmaxy=\dimen176
\pgf@xx=\dimen177
\pgf@xy=\dimen178
\pgf@yx=\dimen179
\pgf@yy=\dimen180
\pgf@zx=\dimen181
\pgf@zy=\dimen182
) ("D:\Program Files\MikTeX\tex/generic/pgf/basiclayer\pgfcorepathconstruct.code.tex"
File: pgfcorepathconstruct.code.tex 2020/01/08 v3.1.5b (3.1.5b)
\pgf@path@lastx=\dimen183
\pgf@path@lasty=\dimen184
) ("D:\Program Files\MikTeX\tex/generic/pgf/basiclayer\pgfcorepathusage.code.tex"
File: pgfcorepathusage.code.tex 2020/01/08 v3.1.5b (3.1.5b)
\pgf@shorten@end@additional=\dimen185
\pgf@shorten@start@additional=\dimen186
) ("D:\Program Files\MikTeX\tex/generic/pgf/basiclayer\pgfcorescopes.code.tex"
File: pgfcorescopes.code.tex 2020/01/08 v3.1.5b (3.1.5b)
\pgfpic=\box52
\pgf@hbox=\box53
\pgf@layerbox@main=\box54
\pgf@picture@serial@count=\count271
) ("D:\Program Files\MikTeX\tex/generic/pgf/basiclayer\pgfcoregraphicstate.code.tex"
File: pgfcoregraphicstate.code.tex 2020/01/08 v3.1.5b (3.1.5b)
\pgflinewidth=\dimen187
) ("D:\Program Files\MikTeX\tex/generic/pgf/basiclayer\pgfcoretransformations.code.tex"
File: pgfcoretransformations.code.tex 2020/01/08 v3.1.5b (3.1.5b)
\pgf@pt@x=\dimen188
\pgf@pt@y=\dimen189
\pgf@pt@temp=\dimen190
) ("D:\Program Files\MikTeX\tex/generic/pgf/basiclayer\pgfcorequick.code.tex"
File: pgfcorequick.code.tex 2020/01/08 v3.1.5b (3.1.5b)
) ("D:\Program Files\MikTeX\tex/generic/pgf/basiclayer\pgfcoreobjects.code.tex"
File: pgfcoreobjects.code.tex 2020/01/08 v3.1.5b (3.1.5b)
) ("D:\Program Files\MikTeX\tex/generic/pgf/basiclayer\pgfcorepathprocessing.code.tex"
File: pgfcorepathprocessing.code.tex 2020/01/08 v3.1.5b (3.1.5b)
) ("D:\Program Files\MikTeX\tex/generic/pgf/basiclayer\pgfcorearrows.code.tex"
File: pgfcorearrows.code.tex 2020/01/08 v3.1.5b (3.1.5b)
\pgfarrowsep=\dimen191
) ("D:\Program Files\MikTeX\tex/generic/pgf/basiclayer\pgfcoreshade.code.tex"
File: pgfcoreshade.code.tex 2020/01/08 v3.1.5b (3.1.5b)
\pgf@max=\dimen192
\pgf@sys@shading@range@num=\count272
\pgf@shadingcount=\count273
) ("D:\Program Files\MikTeX\tex/generic/pgf/basiclayer\pgfcoreimage.code.tex"
File: pgfcoreimage.code.tex 2020/01/08 v3.1.5b (3.1.5b)
 ("D:\Program Files\MikTeX\tex/generic/pgf/basiclayer\pgfcoreexternal.code.tex"
File: pgfcoreexternal.code.tex 2020/01/08 v3.1.5b (3.1.5b)
\pgfexternal@startupbox=\box55
)) ("D:\Program Files\MikTeX\tex/generic/pgf/basiclayer\pgfcorelayers.code.tex"
File: pgfcorelayers.code.tex 2020/01/08 v3.1.5b (3.1.5b)
) ("D:\Program Files\MikTeX\tex/generic/pgf/basiclayer\pgfcoretransparency.code.tex"
File: pgfcoretransparency.code.tex 2020/01/08 v3.1.5b (3.1.5b)
) ("D:\Program Files\MikTeX\tex/generic/pgf/basiclayer\pgfcorepatterns.code.tex"
File: pgfcorepatterns.code.tex 2020/01/08 v3.1.5b (3.1.5b)
) ("D:\Program Files\MikTeX\tex/generic/pgf/basiclayer\pgfcorerdf.code.tex"
File: pgfcorerdf.code.tex 2020/01/08 v3.1.5b (3.1.5b)
))) ("D:\Program Files\MikTeX\tex/generic/pgf/modules\pgfmoduleshapes.code.tex"
File: pgfmoduleshapes.code.tex 2020/01/08 v3.1.5b (3.1.5b)
\pgfnodeparttextbox=\box56
) ("D:\Program Files\MikTeX\tex/generic/pgf/modules\pgfmoduleplot.code.tex"
File: pgfmoduleplot.code.tex 2020/01/08 v3.1.5b (3.1.5b)
) ("D:\Program Files\MikTeX\tex/latex/pgf/compatibility\pgfcomp-version-0-65.sty"
Package: pgfcomp-version-0-65 2020/01/08 v3.1.5b (3.1.5b)
\pgf@nodesepstart=\dimen193
\pgf@nodesepend=\dimen194
) ("D:\Program Files\MikTeX\tex/latex/pgf/compatibility\pgfcomp-version-1-18.sty"
Package: pgfcomp-version-1-18 2020/01/08 v3.1.5b (3.1.5b)
)) ("D:\Program Files\MikTeX\tex/latex/pgf/utilities\pgffor.sty" ("D:\Program Files\MikTeX\tex/latex/pgf/utilities\pgfkeys.sty" ("D:\Program Files\MikTeX\tex/generic/pgf/utilities\pgfkeys.code.tex")) ("D:\Program Files\MikTeX\tex/latex/pgf/math\pgfmath.sty" ("D:\Program Files\MikTeX\tex/generic/pgf/math\pgfmath.code.tex")) ("D:\Program Files\MikTeX\tex/generic/pgf/utilities\pgffor.code.tex"
Package: pgffor 2020/01/08 v3.1.5b (3.1.5b)
 ("D:\Program Files\MikTeX\tex/generic/pgf/math\pgfmath.code.tex")
\pgffor@iter=\dimen195
\pgffor@skip=\dimen196
\pgffor@stack=\toks34
\pgffor@toks=\toks35
)) ("D:\Program Files\MikTeX\tex/generic/pgf/frontendlayer/tikz\tikz.code.tex"
Package: tikz 2020/01/08 v3.1.5b (3.1.5b)
 ("D:\Program Files\MikTeX\tex/generic/pgf/libraries\pgflibraryplothandlers.code.tex"
File: pgflibraryplothandlers.code.tex 2020/01/08 v3.1.5b (3.1.5b)
\pgf@plot@mark@count=\count274
\pgfplotmarksize=\dimen197
)
\tikz@lastx=\dimen198
\tikz@lasty=\dimen199
\tikz@lastxsaved=\dimen256
\tikz@lastysaved=\dimen257
\tikz@lastmovetox=\dimen258
\tikz@lastmovetoy=\dimen259
\tikzleveldistance=\dimen260
\tikzsiblingdistance=\dimen261
\tikz@figbox=\box57
\tikz@figbox@bg=\box58
\tikz@tempbox=\box59
\tikz@tempbox@bg=\box60
\tikztreelevel=\count275
\tikznumberofchildren=\count276
\tikznumberofcurrentchild=\count277
\tikz@fig@count=\count278
 ("D:\Program Files\MikTeX\tex/generic/pgf/modules\pgfmodulematrix.code.tex"
File: pgfmodulematrix.code.tex 2020/01/08 v3.1.5b (3.1.5b)
\pgfmatrixcurrentrow=\count279
\pgfmatrixcurrentcolumn=\count280
\pgf@matrix@numberofcolumns=\count281
)
\tikz@expandcount=\count282
 ("D:\Program Files\MikTeX\tex/generic/pgf/frontendlayer/tikz/libraries\tikzlibrarytopaths.code.tex"
File: tikzlibrarytopaths.code.tex 2020/01/08 v3.1.5b (3.1.5b)
))) ("D:\Program Files\MikTeX\tex/generic/pgfplots\pgfplots.code.tex" ("D:\Program Files\MikTeX\tex/generic/pgfplots\pgfplotscore.code.tex"
\t@pgfplots@toka=\toks36
\t@pgfplots@tokb=\toks37
\t@pgfplots@tokc=\toks38
\pgfplots@tmpa=\dimen262
\c@pgfplots@coordindex=\count283
\c@pgfplots@scanlineindex=\count284
 ("D:\Program Files\MikTeX\tex/generic/pgfplots/sys\pgfplotssysgeneric.code.tex")) ("D:\Program Files\MikTeX\tex/generic/pgfplots/libs\pgfplotslibrary.code.tex") ("D:\Program Files\MikTeX\tex/generic/pgfplots/oldpgfcompatib\pgfplotsoldpgfsupp_loader.code.tex" ("D:\Program Files\MikTeX\tex/generic/pgf/libraries\pgflibraryfpu.code.tex")) ("D:\Program Files\MikTeX\tex/generic/pgfplots/util\pgfplotsutil.code.tex" ("D:\Program Files\MikTeX\tex/generic/pgfplots/liststructure\pgfplotsliststructure.code.tex") ("D:\Program Files\MikTeX\tex/generic/pgfplots/liststructure\pgfplotsliststructureext.code.tex") ("D:\Program Files\MikTeX\tex/generic/pgfplots/liststructure\pgfplotsarray.code.tex"
\c@pgfplotsarray@tmp=\count285
) ("D:\Program Files\MikTeX\tex/generic/pgfplots/liststructure\pgfplotsmatrix.code.tex") ("D:\Program Files\MikTeX\tex/generic/pgfplots/numtable\pgfplotstableshared.code.tex"
\c@pgfplotstable@counta=\count286
\t@pgfplotstable@a=\toks39
) ("D:\Program Files\MikTeX\tex/generic/pgfplots/liststructure\pgfplotsdeque.code.tex") ("D:\Program Files\MikTeX\tex/generic/pgfplots/util\pgfplotsbinary.code.tex" ("D:\Program Files\MikTeX\tex/generic/pgfplots/util\pgfplotsbinary.data.code.tex")) ("D:\Program Files\MikTeX\tex/generic/pgfplots/util\pgfplotsutil.verb.code.tex") ("D:\Program Files\MikTeX\tex/generic/pgfplots/libs\pgflibrarypgfplots.surfshading.code.tex"
\c@pgfplotslibrarysurf@no=\count287
 ("D:\Program Files\MikTeX\tex/generic/pgfplots/sys\pgflibrarypgfplots.surfshading.pgfsys-pdftex.def"))) ("D:\Program Files\MikTeX\tex/generic/pgfplots/util\pgfplotscolormap.code.tex" ("D:\Program Files\MikTeX\tex/generic/pgfplots/util\pgfplotscolor.code.tex")) ("D:\Program Files\MikTeX\tex/generic/pgfplots\pgfplotsstackedplots.code.tex") ("D:\Program Files\MikTeX\tex/generic/pgfplots\pgfplotsplothandlers.code.tex" ("D:\Program Files\MikTeX\tex/generic/pgfplots\pgfplotsmeshplothandler.code.tex" ("D:\Program Files\MikTeX\tex/generic/pgfplots\pgfplotsmeshplotimage.code.tex"))) ("D:\Program Files\MikTeX\tex/generic/pgfplots\pgfplots.scaling.code.tex") ("D:\Program Files\MikTeX\tex/generic/pgfplots\pgfplotscoordprocessing.code.tex") ("D:\Program Files\MikTeX\tex/generic/pgfplots\pgfplots.errorbars.code.tex") ("D:\Program Files\MikTeX\tex/generic/pgfplots\pgfplots.markers.code.tex") ("D:\Program Files\MikTeX\tex/generic/pgfplots\pgfplotsticks.code.tex") ("D:\Program Files\MikTeX\tex/generic/pgfplots\pgfplots.paths.code.tex") ("D:\Program Files\MikTeX\tex/generic/pgf/frontendlayer/tikz/libraries\tikzlibrarydecorations.code.tex" ("D:\Program Files\MikTeX\tex/generic/pgf/modules\pgfmoduledecorations.code.tex"
\pgfdecoratedcompleteddistance=\dimen263
\pgfdecoratedremainingdistance=\dimen264
\pgfdecoratedinputsegmentcompleteddistance=\dimen265
\pgfdecoratedinputsegmentremainingdistance=\dimen266
\pgf@decorate@distancetomove=\dimen267
\pgf@decorate@repeatstate=\count288
\pgfdecorationsegmentamplitude=\dimen268
\pgfdecorationsegmentlength=\dimen269
)
\tikz@lib@dec@box=\box61
) ("D:\Program Files\MikTeX\tex/generic/pgf/frontendlayer/tikz/libraries\tikzlibrarydecorations.pathmorphing.code.tex" ("D:\Program Files\MikTeX\tex/generic/pgf/libraries/decorations\pgflibrarydecorations.pathmorphing.code.tex")) ("D:\Program Files\MikTeX\tex/generic/pgf/frontendlayer/tikz/libraries\tikzlibrarydecorations.pathreplacing.code.tex" ("D:\Program Files\MikTeX\tex/generic/pgf/libraries/decorations\pgflibrarydecorations.pathreplacing.code.tex"))
\pgfplots@numplots=\count289
\pgfplots@xmin@reg=\dimen270
\pgfplots@xmax@reg=\dimen271
\pgfplots@ymin@reg=\dimen272
\pgfplots@ymax@reg=\dimen273
\pgfplots@zmin@reg=\dimen274
\pgfplots@zmax@reg=\dimen275
) ("D:\Program Files\MikTeX\tex/generic/pgf/frontendlayer/tikz/libraries\tikzlibraryplotmarks.code.tex"
File: tikzlibraryplotmarks.code.tex 2020/01/08 v3.1.5b (3.1.5b)
 ("D:\Program Files\MikTeX\tex/generic/pgf/libraries\pgflibraryplotmarks.code.tex"
File: pgflibraryplotmarks.code.tex 2020/01/08 v3.1.5b (3.1.5b)
))) ("D:\Program Files\MikTeX\tex/latex/tools\verbatim.sty"
Package: verbatim 2019/11/10 v1.5r LaTeX2e package for verbatim enhancements
\every@verbatim=\toks40
\verbatim@line=\toks41
\verbatim@in@stream=\read3
) ("D:\Program Files\MikTeX\tex/latex/tcolorbox\tcolorbox.sty"
Package: tcolorbox 2019/11/15 version 4.22 text color boxes
 ("D:\Program Files\MikTeX\tex/latex/environ\environ.sty"
Package: environ 2014/05/04 v0.3 A new way to define environments
 ("D:\Program Files\MikTeX\tex/latex/trimspaces\trimspaces.sty"
Package: trimspaces 2009/09/17 v1.1 Trim spaces around a token list
)) ("D:\Program Files\MikTeX\tex/latex/etoolbox\etoolbox.sty"
Package: etoolbox 2019/09/21 v2.5h e-TeX tools for LaTeX (JAW)
\etb@tempcnta=\count290
)
\tcb@titlebox=\box62
\tcb@upperbox=\box63
\tcb@lowerbox=\box64
\tcb@phantombox=\box65
\c@tcbbreakpart=\count291
\c@tcblayer=\count292
\tcolorbox@number=\count293
\tcb@temp=\box66
\tcb@temp=\box67
\tcb@temp=\box68
\tcb@temp=\box69
\tcb@out=\write4
\tcb@record@out=\write5
) ("D:\Program Files\MikTeX\tex/latex/listings\listings.sty"
\lst@mode=\count294
\lst@gtempboxa=\box70
\lst@token=\toks42
\lst@length=\count295
\lst@currlwidth=\dimen276
\lst@column=\count296
\lst@pos=\count297
\lst@lostspace=\dimen277
\lst@width=\dimen278
\lst@newlines=\count298
\lst@lineno=\count299
\lst@maxwidth=\dimen279
 ("D:\Program Files\MikTeX\tex/latex/listings\lstmisc.sty"
File: lstmisc.sty 2019/09/10 1.8c (Carsten Heinz)
\c@lstnumber=\count300
\lst@skipnumbers=\count301
\lst@framebox=\box71
) ("D:\Program Files\MikTeX\tex/latex/listings\listings.cfg"
File: listings.cfg 2019/09/10 1.8c listings configuration
))
Package: listings 2019/09/10 1.8c (Carsten Heinz)
 ("D:\Program Files\MikTeX\tex/latex/siunitx\siunitx.sty"
Package: siunitx 2020/02/25 v2.8b A comprehensive (SI) units package
 ("D:\Program Files\MikTeX\tex/latex/tools\array.sty"
Package: array 2019/08/31 v2.4l Tabular extension package (FMi)
\col@sep=\dimen280
\ar@mcellbox=\box72
\extrarowheight=\dimen281
\NC@list=\toks43
\extratabsurround=\skip52
\backup@length=\skip53
\ar@cellbox=\box73
) ("D:\Program Files\MikTeX\tex/latex/l3packages/l3keys2e\l3keys2e.sty"
Package: l3keys2e 2020-03-03 LaTeX2e option processing using LaTeX3 keys
)
\l__siunitx_tmp_box=\box74
\l__siunitx_tmp_dim=\dimen282
\l__siunitx_tmp_int=\count302
\l__siunitx_number_mantissa_length_int=\count303
\l__siunitx_number_uncert_length_int=\count304
\l__siunitx_round_int=\count305
\l__siunitx_process_decimal_int=\count306
\l__siunitx_process_uncertainty_int=\count307
\l__siunitx_process_fixed_int=\count308
\l__siunitx_process_integer_min_int=\count309
\l__siunitx_process_precision_int=\count310
\l__siunitx_group_min_int=\count311
\l__siunitx_angle_marker_box=\box75
\l__siunitx_angle_unit_box=\box76
\l__siunitx_angle_marker_dim=\dimen283
\l__siunitx_angle_unit_dim=\dimen284
\l__siunitx_unit_int=\count312
\l__siunitx_unit_denominator_int=\count313
\l__siunitx_unit_numerator_int=\count314
\l__siunitx_unit_prefix_int=\count315
\l__siunitx_unit_prefix_base_int=\count316
\l__siunitx_unit_prefix_gram_int=\count317
\l__siunitx_number_product_int=\count318
\c__siunitx_one_fill_skip=\skip54
\l__siunitx_table_unit_align_skip=\skip55
\l__siunitx_table_exponent_dim=\dimen285
\l__siunitx_table_integer_dim=\dimen286
\l__siunitx_table_mantissa_dim=\dimen287
\l__siunitx_table_marker_dim=\dimen288
\l__siunitx_table_result_dim=\dimen289
\l__siunitx_table_uncert_dim=\dimen290
\l__siunitx_table_fill_pre_dim=\dimen291
\l__siunitx_table_fill_post_dim=\dimen292
\l__siunitx_table_fill_mid_dim=\dimen293
\l__siunitx_table_pre_box=\box77
\l__siunitx_table_post_box=\box78
\l__siunitx_table_mantissa_box=\box79
\l__siunitx_table_result_box=\box80
\l__siunitx_table_number_align_skip=\skip56
\l__siunitx_table_text_align_skip=\skip57

("D:\Program Files\MikTeX\tex/latex/translator\translator.sty"
Package: translator 2019-05-31 v1.12a Easy translation of strings in LaTeX
)) ("D:\Program Files\MikTeX\tex/latex/subfig\subfig.sty"
Package: subfig 2005/06/28 ver: 1.3 subfig package
 ("D:\Program Files\MikTeX\tex/latex/caption\caption.sty"
Package: caption 2020/01/03 v3.4h Customizing captions (AR)
 ("D:\Program Files\MikTeX\tex/latex/caption\caption3.sty"
Package: caption3 2020/01/03 v1.8h caption3 kernel (AR)
Package caption3 Info: TeX engine: e-TeX on input line 61.
\captionmargin=\dimen294
\captionmargin@=\dimen295
\captionwidth=\dimen296
\caption@tempdima=\dimen297
\caption@indent=\dimen298
\caption@parindent=\dimen299
\caption@hangindent=\dimen300
Package caption Info: Standard document class detected.
)
\c@caption@flags=\count319
\c@continuedfloat=\count320
Package caption Info: float package is loaded.
Package caption Info: listings package is loaded.
)
\c@KVtest=\count321
\sf@farskip=\skip58
\sf@captopadj=\dimen301
\sf@capskip=\skip59
\sf@nearskip=\skip60
\c@subfigure=\count322
\c@subfigure@save=\count323
\c@lofdepth=\count324
\c@subtable=\count325
\c@subtable@save=\count326
\c@lotdepth=\count327
\sf@top=\skip61
\sf@bottom=\skip62
) ("D:\Program Files\MikTeX\tex/latex/keyval2e\keyval2e.sty" ("D:\Program Files\MikTeX\tex/latex/catoptions\catoptions.sty"
\m@one=\count328
\z@pt=\dimen302
Package: catoptions 2014/08/29 v0.2.7h Securing catcodes and parsing options (AM)
\cpt@csvdepth=\count329
\cpt@optdepth=\count330
\cpt@cnta=\count331
\indrisdepth=\count332
\cpt@foreachdepth=\count333
\cpt@exprcnt=\count334
)
Package: keyval2e 2011/08/24 v0.0.2 Lightweight and robust key-value parser (AM) (Ahmed Musa)
\kve@keydepth=\count335
) ("D:\Program Files\MikTeX\tex/latex/nowidow\nowidow.sty"
Package: nowidow 2011/09/20 1.0 Easily prevent widows and orphans
Package: nowidow 
 ("D:\Program Files\MikTeX\tex/latex/kvoptions\kvoptions.sty"
Package: kvoptions 2019/11/29 v3.13 Key value format for package options (HO)
 ("D:\Program Files\MikTeX\tex/generic/ltxcmds\ltxcmds.sty"
Package: ltxcmds 2019/12/15 v1.24 LaTeX kernel commands for general use (HO)
) ("D:\Program Files\MikTeX\tex/generic/kvsetkeys\kvsetkeys.sty"
Package: kvsetkeys 2019/12/15 v1.18 Key value parser (HO)
))) ("d:/Git Repositories\Uni-Code\Personal Projects\ApproxPi.aux")
\openout1 = `ApproxPi.aux'.

LaTeX Font Info:    Checking defaults for OML/cmm/m/it on input line 44.
LaTeX Font Info:    ... okay on input line 44.
LaTeX Font Info:    Checking defaults for OMS/cmsy/m/n on input line 44.
LaTeX Font Info:    ... okay on input line 44.
LaTeX Font Info:    Checking defaults for OT1/cmr/m/n on input line 44.
LaTeX Font Info:    ... okay on input line 44.
LaTeX Font Info:    Checking defaults for T1/cmr/m/n on input line 44.
LaTeX Font Info:    ... okay on input line 44.
LaTeX Font Info:    Checking defaults for TS1/cmr/m/n on input line 44.
LaTeX Font Info:    ... okay on input line 44.
LaTeX Font Info:    Checking defaults for OMX/cmex/m/n on input line 44.
LaTeX Font Info:    ... okay on input line 44.
LaTeX Font Info:    Checking defaults for U/cmr/m/n on input line 44.
LaTeX Font Info:    ... okay on input line 44.

*geometry* driver: auto-detecting
*geometry* detected driver: pdftex
*geometry* verbose mode - [ preamble ] result:
* driver: pdftex
* paper: <default>
* layout: <same size as paper>
* layoutoffset:(h,v)=(0.0pt,0.0pt)
* modes: 
* h-part:(L,W,R)=(86.72377pt, 440.84746pt, 86.72377pt)
* v-part:(T,H,B)=(86.72377pt, 621.52245pt, 86.72377pt)
* \paperwidth=614.295pt
* \paperheight=794.96999pt
* \textwidth=440.84746pt
* \textheight=621.52245pt
* \oddsidemargin=14.45378pt
* \evensidemargin=14.45378pt
* \topmargin=-22.54622pt
* \headheight=12.0pt
* \headsep=25.0pt
* \topskip=12.0pt
* \footskip=30.0pt
* \marginparwidth=44.0pt
* \marginparsep=10.0pt
* \columnsep=10.0pt
* \skip\footins=10.8pt plus 4.0pt minus 2.0pt
* \hoffset=0.0pt
* \voffset=0.0pt
* \mag=1000
* \@twocolumnfalse
* \@twosidefalse
* \@mparswitchfalse
* \@reversemarginfalse
* (1in=72.27pt=25.4mm, 1cm=28.453pt)

("D:\Program Files\MikTeX\tex/context/base/mkii\supp-pdf.mkii"
[Loading MPS to PDF converter (version 2006.09.02).]
\scratchcounter=\count336
\scratchdimen=\dimen303
\scratchbox=\box81
\nofMPsegments=\count337
\nofMParguments=\count338
\everyMPshowfont=\toks44
\MPscratchCnt=\count339
\MPscratchDim=\dimen304
\MPnumerator=\count340
\makeMPintoPDFobject=\count341
\everyMPtoPDFconversion=\toks45
) ("D:\Program Files\MikTeX\tex/latex/epstopdf-pkg\epstopdf-base.sty"
Package: epstopdf-base 2020-01-24 v2.11 Base part for package epstopdf
Package epstopdf-base Info: Redefining graphics rule for `.eps' on input line 485.
) ABD: EveryShipout initializing macros
Package pgfplots notification 'compat/show suggested version=true': document has been generated with the most recent feature set (\pgfplotsset{compat=1.17}).

\c@lstlisting=\count342
("D:\Program Files\MikTeX\tex/latex/translator\translator-basic-dictionary-English.dict"
Dictionary: translator-basic-dictionary, Language: English 
) ("D:\Program Files\MikTeX\tex/latex/siunitx\siunitx-abbreviations.cfg"
File: siunitx-abbreviations.cfg 2017/11/26 v2.7k siunitx: Abbreviated units
)
Package caption Info: Begin \AtBeginDocument code.
Package caption Info: subfig package v1.3 is loaded.
Package caption Info: End \AtBeginDocument code.
LaTeX Font Info:    Trying to load font information for U+msa on input line 44.
 ("D:\Program Files\MikTeX\tex/latex/amsfonts\umsa.fd"
File: umsa.fd 2013/01/14 v3.01 AMS symbols A
)
LaTeX Font Info:    Trying to load font information for U+msb on input line 44.
 ("D:\Program Files\MikTeX\tex/latex/amsfonts\umsb.fd"
File: umsb.fd 2013/01/14 v3.01 AMS symbols B
)
No file ApproxPi.toc.
\tf@toc=\write6
\openout6 = `ApproxPi.toc'.

[1

{C:/Users/miles/AppData/Local/MiKTeX/2.9/pdftex/config/pdftex.map}] ("d:/Git Repositories\Uni-Code\Personal Projects\ApproxPi2.pgf"
d:/Git Repositories\Uni-Code\Personal Projects\ApproxPi2.pgf:75043: Dimension too large.
<to be read again> 
                   \relax 
l.75043 ...o{\pgfqpoint{226.735086in}{0.528000in}}
                                                  %
I can't work with sizes bigger than about 19 feet.
Continue and I'll use the largest value I can.

d:/Git Repositories\Uni-Code\Personal Projects\ApproxPi2.pgf:75044: Dimension too large.
<to be read again> 
                   \relax 
l.75044 ...o{\pgfqpoint{226.735086in}{0.528000in}}
                                                  %
I can't work with sizes bigger than about 19 feet.
Continue and I'll use the largest value I can.

d:/Git Repositories\Uni-Code\Personal Projects\ApproxPi2.pgf:75061: Dimension too large.
<to be read again> 
                   \relax 
l.75061 ...o{\pgfqpoint{226.735086in}{0.528000in}}
                                                  %
I can't work with sizes bigger than about 19 feet.
Continue and I'll use the largest value I can.

d:/Git Repositories\Uni-Code\Personal Projects\ApproxPi2.pgf:75062: Dimension too large.
<to be read again> 
                   \relax 
l.75062 ...o{\pgfqpoint{226.823657in}{0.528000in}}
                                                  %
I can't work with sizes bigger than about 19 feet.
Continue and I'll use the largest value I can.

d:/Git Repositories\Uni-Code\Personal Projects\ApproxPi2.pgf:75063: Dimension too large.
<to be read again> 
                   \relax 
l.75063 ...o{\pgfqpoint{226.823657in}{0.528000in}}
                                                  %
I can't work with sizes bigger than about 19 feet.
Continue and I'll use the largest value I can.

d:/Git Repositories\Uni-Code\Personal Projects\ApproxPi2.pgf:75064: Dimension too large.
<to be read again> 
                   \relax 
l.75064 ...o{\pgfqpoint{226.735086in}{0.528000in}}
                                                  %
I can't work with sizes bigger than about 19 feet.
Continue and I'll use the largest value I can.

d:/Git Repositories\Uni-Code\Personal Projects\ApproxPi2.pgf:75080: Dimension too large.
<to be read again> 
                   \relax 
l.75080 ...o{\pgfqpoint{226.823657in}{0.528000in}}
                                                  %
I can't work with sizes bigger than about 19 feet.
Continue and I'll use the largest value I can.

d:/Git Repositories\Uni-Code\Personal Projects\ApproxPi2.pgf:75081: Dimension too large.
<to be read again> 
                   \relax 
l.75081 ...o{\pgfqpoint{226.912229in}{0.528000in}}
                                                  %
I can't work with sizes bigger than about 19 feet.
Continue and I'll use the largest value I can.

d:/Git Repositories\Uni-Code\Personal Projects\ApproxPi2.pgf:75082: Dimension too large.
<to be read again> 
                   \relax 
l.75082 ...o{\pgfqpoint{226.912229in}{0.528000in}}
                                                  %
I can't work with sizes bigger than about 19 feet.
Continue and I'll use the largest value I can.

d:/Git Repositories\Uni-Code\Personal Projects\ApproxPi2.pgf:75083: Dimension too large.
<to be read again> 
                   \relax 
l.75083 ...o{\pgfqpoint{226.823657in}{0.528000in}}
                                                  %
I can't work with sizes bigger than about 19 feet.
Continue and I'll use the largest value I can.

d:/Git Repositories\Uni-Code\Personal Projects\ApproxPi2.pgf:75099: Dimension too large.
<to be read again> 
                   \relax 
l.75099 ...o{\pgfqpoint{226.912229in}{0.528000in}}
                                                  %
I can't work with sizes bigger than about 19 feet.
Continue and I'll use the largest value I can.

d:/Git Repositories\Uni-Code\Personal Projects\ApproxPi2.pgf:75100: Dimension too large.
<to be read again> 
                   \relax 
l.75100 ...o{\pgfqpoint{227.000800in}{0.528000in}}
                                                  %
I can't work with sizes bigger than about 19 feet.
Continue and I'll use the largest value I can.

d:/Git Repositories\Uni-Code\Personal Projects\ApproxPi2.pgf:75101: Dimension too large.
<to be read again> 
                   \relax 
l.75101 ...o{\pgfqpoint{227.000800in}{0.528000in}}
                                                  %
I can't work with sizes bigger than about 19 feet.
Continue and I'll use the largest value I can.

d:/Git Repositories\Uni-Code\Personal Projects\ApproxPi2.pgf:75102: Dimension too large.
<to be read again> 
                   \relax 
l.75102 ...o{\pgfqpoint{226.912229in}{0.528000in}}
                                                  %
I can't work with sizes bigger than about 19 feet.
Continue and I'll use the largest value I can.

d:/Git Repositories\Uni-Code\Personal Projects\ApproxPi2.pgf:75118: Dimension too large.
<to be read again> 
                   \relax 
l.75118 ...o{\pgfqpoint{227.000800in}{0.528000in}}
                                                  %
I can't work with sizes bigger than about 19 feet.
Continue and I'll use the largest value I can.

d:/Git Repositories\Uni-Code\Personal Projects\ApproxPi2.pgf:75119: Dimension too large.
<to be read again> 
                   \relax 
l.75119 ...o{\pgfqpoint{227.089371in}{0.528000in}}
                                                  %
I can't work with sizes bigger than about 19 feet.
Continue and I'll use the largest value I can.

d:/Git Repositories\Uni-Code\Personal Projects\ApproxPi2.pgf:75120: Dimension too large.
<to be read again> 
                   \relax 
l.75120 ...o{\pgfqpoint{227.089371in}{0.528000in}}
                                                  %
I can't work with sizes bigger than about 19 feet.
Continue and I'll use the largest value I can.

d:/Git Repositories\Uni-Code\Personal Projects\ApproxPi2.pgf:75121: Dimension too large.
<to be read again> 
                   \relax 
l.75121 ...o{\pgfqpoint{227.000800in}{0.528000in}}
                                                  %
I can't work with sizes bigger than about 19 feet.
Continue and I'll use the largest value I can.

d:/Git Repositories\Uni-Code\Personal Projects\ApproxPi2.pgf:75137: Dimension too large.
<to be read again> 
                   \relax 
l.75137 ...o{\pgfqpoint{227.089371in}{0.528000in}}
                                                  %
I can't work with sizes bigger than about 19 feet.
Continue and I'll use the largest value I can.

d:/Git Repositories\Uni-Code\Personal Projects\ApproxPi2.pgf:75138: Dimension too large.
<to be read again> 
                   \relax 
l.75138 ...o{\pgfqpoint{227.177943in}{0.528000in}}
                                                  %
I can't work with sizes bigger than about 19 feet.
Continue and I'll use the largest value I can.

d:/Git Repositories\Uni-Code\Personal Projects\ApproxPi2.pgf:75139: Dimension too large.
<to be read again> 
                   \relax 
l.75139 ...o{\pgfqpoint{227.177943in}{0.528000in}}
                                                  %
I can't work with sizes bigger than about 19 feet.
Continue and I'll use the largest value I can.

d:/Git Repositories\Uni-Code\Personal Projects\ApproxPi2.pgf:75140: Dimension too large.
<to be read again> 
                   \relax 
l.75140 ...o{\pgfqpoint{227.089371in}{0.528000in}}
                                                  %
I can't work with sizes bigger than about 19 feet.
Continue and I'll use the largest value I can.

d:/Git Repositories\Uni-Code\Personal Projects\ApproxPi2.pgf:75156: Dimension too large.
<to be read again> 
                   \relax 
l.75156 ...o{\pgfqpoint{227.177943in}{0.528000in}}
                                                  %
I can't work with sizes bigger than about 19 feet.
Continue and I'll use the largest value I can.

d:/Git Repositories\Uni-Code\Personal Projects\ApproxPi2.pgf:75157: Dimension too large.
<to be read again> 
                   \relax 
l.75157 ...o{\pgfqpoint{227.266514in}{0.528000in}}
                                                  %
I can't work with sizes bigger than about 19 feet.
Continue and I'll use the largest value I can.

d:/Git Repositories\Uni-Code\Personal Projects\ApproxPi2.pgf:75158: Dimension too large.
<to be read again> 
                   \relax 
l.75158 ...o{\pgfqpoint{227.266514in}{0.528000in}}
                                                  %
I can't work with sizes bigger than about 19 feet.
Continue and I'll use the largest value I can.

d:/Git Repositories\Uni-Code\Personal Projects\ApproxPi2.pgf:75159: Dimension too large.
<to be read again> 
                   \relax 
l.75159 ...o{\pgfqpoint{227.177943in}{0.528000in}}
                                                  %
I can't work with sizes bigger than about 19 feet.
Continue and I'll use the largest value I can.

d:/Git Repositories\Uni-Code\Personal Projects\ApproxPi2.pgf:75175: Dimension too large.
<to be read again> 
                   \relax 
l.75175 ...o{\pgfqpoint{227.266514in}{0.528000in}}
                                                  %
I can't work with sizes bigger than about 19 feet.
Continue and I'll use the largest value I can.

d:/Git Repositories\Uni-Code\Personal Projects\ApproxPi2.pgf:75176: Dimension too large.
<to be read again> 
                   \relax 
l.75176 ...o{\pgfqpoint{227.355086in}{0.528000in}}
                                                  %
I can't work with sizes bigger than about 19 feet.
Continue and I'll use the largest value I can.

d:/Git Repositories\Uni-Code\Personal Projects\ApproxPi2.pgf:75177: Dimension too large.
<to be read again> 
                   \relax 
l.75177 ...o{\pgfqpoint{227.355086in}{0.528000in}}
                                                  %
I can't work with sizes bigger than about 19 feet.
Continue and I'll use the largest value I can.

d:/Git Repositories\Uni-Code\Personal Projects\ApproxPi2.pgf:75178: Dimension too large.
<to be read again> 
                   \relax 
l.75178 ...o{\pgfqpoint{227.266514in}{0.528000in}}
                                                  %
I can't work with sizes bigger than about 19 feet.
Continue and I'll use the largest value I can.

d:/Git Repositories\Uni-Code\Personal Projects\ApproxPi2.pgf:75194: Dimension too large.
<to be read again> 
                   \relax 
l.75194 ...o{\pgfqpoint{227.355086in}{0.528000in}}
                                                  %
I can't work with sizes bigger than about 19 feet.
Continue and I'll use the largest value I can.

d:/Git Repositories\Uni-Code\Personal Projects\ApproxPi2.pgf:75195: Dimension too large.
<to be read again> 
                   \relax 
l.75195 ...o{\pgfqpoint{227.443657in}{0.528000in}}
                                                  %
I can't work with sizes bigger than about 19 feet.
Continue and I'll use the largest value I can.

d:/Git Repositories\Uni-Code\Personal Projects\ApproxPi2.pgf:75196: Dimension too large.
<to be read again> 
                   \relax 
l.75196 ...o{\pgfqpoint{227.443657in}{0.528000in}}
                                                  %
I can't work with sizes bigger than about 19 feet.
Continue and I'll use the largest value I can.

d:/Git Repositories\Uni-Code\Personal Projects\ApproxPi2.pgf:75197: Dimension too large.
<to be read again> 
                   \relax 
l.75197 ...o{\pgfqpoint{227.355086in}{0.528000in}}
                                                  %
I can't work with sizes bigger than about 19 feet.
Continue and I'll use the largest value I can.

d:/Git Repositories\Uni-Code\Personal Projects\ApproxPi2.pgf:75213: Dimension too large.
<to be read again> 
                   \relax 
l.75213 ...o{\pgfqpoint{227.443657in}{0.528000in}}
                                                  %
I can't work with sizes bigger than about 19 feet.
Continue and I'll use the largest value I can.

d:/Git Repositories\Uni-Code\Personal Projects\ApproxPi2.pgf:75214: Dimension too large.
<to be read again> 
                   \relax 
l.75214 ...o{\pgfqpoint{227.532229in}{0.528000in}}
                                                  %
I can't work with sizes bigger than about 19 feet.
Continue and I'll use the largest value I can.

d:/Git Repositories\Uni-Code\Personal Projects\ApproxPi2.pgf:75215: Dimension too large.
<to be read again> 
                   \relax 
l.75215 ...o{\pgfqpoint{227.532229in}{0.528000in}}
                                                  %
I can't work with sizes bigger than about 19 feet.
Continue and I'll use the largest value I can.

d:/Git Repositories\Uni-Code\Personal Projects\ApproxPi2.pgf:75216: Dimension too large.
<to be read again> 
                   \relax 
l.75216 ...o{\pgfqpoint{227.443657in}{0.528000in}}
                                                  %
I can't work with sizes bigger than about 19 feet.
Continue and I'll use the largest value I can.

d:/Git Repositories\Uni-Code\Personal Projects\ApproxPi2.pgf:75232: Dimension too large.
<to be read again> 
                   \relax 
l.75232 ...o{\pgfqpoint{227.532229in}{0.528000in}}
                                                  %
I can't work with sizes bigger than about 19 feet.
Continue and I'll use the largest value I can.

d:/Git Repositories\Uni-Code\Personal Projects\ApproxPi2.pgf:75233: Dimension too large.
<to be read again> 
                   \relax 
l.75233 ...o{\pgfqpoint{227.620800in}{0.528000in}}
                                                  %
I can't work with sizes bigger than about 19 feet.
Continue and I'll use the largest value I can.

d:/Git Repositories\Uni-Code\Personal Projects\ApproxPi2.pgf:75234: Dimension too large.
<to be read again> 
                   \relax 
l.75234 ...o{\pgfqpoint{227.620800in}{0.528000in}}
                                                  %
I can't work with sizes bigger than about 19 feet.
Continue and I'll use the largest value I can.

d:/Git Repositories\Uni-Code\Personal Projects\ApproxPi2.pgf:75235: Dimension too large.
<to be read again> 
                   \relax 
l.75235 ...o{\pgfqpoint{227.532229in}{0.528000in}}
                                                  %
I can't work with sizes bigger than about 19 feet.
Continue and I'll use the largest value I can.

d:/Git Repositories\Uni-Code\Personal Projects\ApproxPi2.pgf:75251: Dimension too large.
<to be read again> 
                   \relax 
l.75251 ...o{\pgfqpoint{227.620800in}{0.528000in}}
                                                  %
I can't work with sizes bigger than about 19 feet.
Continue and I'll use the largest value I can.

d:/Git Repositories\Uni-Code\Personal Projects\ApproxPi2.pgf:75252: Dimension too large.
<to be read again> 
                   \relax 
l.75252 ...o{\pgfqpoint{227.709371in}{0.528000in}}
                                                  %
I can't work with sizes bigger than about 19 feet.
Continue and I'll use the largest value I can.

d:/Git Repositories\Uni-Code\Personal Projects\ApproxPi2.pgf:75253: Dimension too large.
<to be read again> 
                   \relax 
l.75253 ...o{\pgfqpoint{227.709371in}{0.528000in}}
                                                  %
I can't work with sizes bigger than about 19 feet.
Continue and I'll use the largest value I can.

d:/Git Repositories\Uni-Code\Personal Projects\ApproxPi2.pgf:75254: Dimension too large.
<to be read again> 
                   \relax 
l.75254 ...o{\pgfqpoint{227.620800in}{0.528000in}}
                                                  %
I can't work with sizes bigger than about 19 feet.
Continue and I'll use the largest value I can.

d:/Git Repositories\Uni-Code\Personal Projects\ApproxPi2.pgf:75270: Dimension too large.
<to be read again> 
                   \relax 
l.75270 ...o{\pgfqpoint{227.709371in}{0.528000in}}
                                                  %
I can't work with sizes bigger than about 19 feet.
Continue and I'll use the largest value I can.

d:/Git Repositories\Uni-Code\Personal Projects\ApproxPi2.pgf:75271: Dimension too large.
<to be read again> 
                   \relax 
l.75271 ...o{\pgfqpoint{227.797943in}{0.528000in}}
                                                  %
I can't work with sizes bigger than about 19 feet.
Continue and I'll use the largest value I can.

d:/Git Repositories\Uni-Code\Personal Projects\ApproxPi2.pgf:75272: Dimension too large.
<to be read again> 
                   \relax 
l.75272 ...o{\pgfqpoint{227.797943in}{0.528000in}}
                                                  %
I can't work with sizes bigger than about 19 feet.
Continue and I'll use the largest value I can.

d:/Git Repositories\Uni-Code\Personal Projects\ApproxPi2.pgf:75273: Dimension too large.
<to be read again> 
                   \relax 
l.75273 ...o{\pgfqpoint{227.709371in}{0.528000in}}
                                                  %
I can't work with sizes bigger than about 19 feet.
Continue and I'll use the largest value I can.

d:/Git Repositories\Uni-Code\Personal Projects\ApproxPi2.pgf:75289: Dimension too large.
<to be read again> 
                   \relax 
l.75289 ...o{\pgfqpoint{227.797943in}{0.528000in}}
                                                  %
I can't work with sizes bigger than about 19 feet.
Continue and I'll use the largest value I can.

d:/Git Repositories\Uni-Code\Personal Projects\ApproxPi2.pgf:75290: Dimension too large.
<to be read again> 
                   \relax 
l.75290 ...o{\pgfqpoint{227.886514in}{0.528000in}}
                                                  %
I can't work with sizes bigger than about 19 feet.
Continue and I'll use the largest value I can.

d:/Git Repositories\Uni-Code\Personal Projects\ApproxPi2.pgf:75291: Dimension too large.
<to be read again> 
                   \relax 
l.75291 ...o{\pgfqpoint{227.886514in}{0.528000in}}
                                                  %
I can't work with sizes bigger than about 19 feet.
Continue and I'll use the largest value I can.

d:/Git Repositories\Uni-Code\Personal Projects\ApproxPi2.pgf:75292: Dimension too large.
<to be read again> 
                   \relax 
l.75292 ...o{\pgfqpoint{227.797943in}{0.528000in}}
                                                  %
I can't work with sizes bigger than about 19 feet.
Continue and I'll use the largest value I can.

d:/Git Repositories\Uni-Code\Personal Projects\ApproxPi2.pgf:75308: Dimension too large.
<to be read again> 
                   \relax 
l.75308 ...o{\pgfqpoint{227.886514in}{0.528000in}}
                                                  %
I can't work with sizes bigger than about 19 feet.
Continue and I'll use the largest value I can.

d:/Git Repositories\Uni-Code\Personal Projects\ApproxPi2.pgf:75309: Dimension too large.
<to be read again> 
                   \relax 
l.75309 ...o{\pgfqpoint{227.975086in}{0.528000in}}
                                                  %
I can't work with sizes bigger than about 19 feet.
Continue and I'll use the largest value I can.

d:/Git Repositories\Uni-Code\Personal Projects\ApproxPi2.pgf:75310: Dimension too large.
<to be read again> 
                   \relax 
l.75310 ...o{\pgfqpoint{227.975086in}{0.528000in}}
                                                  %
I can't work with sizes bigger than about 19 feet.
Continue and I'll use the largest value I can.

d:/Git Repositories\Uni-Code\Personal Projects\ApproxPi2.pgf:75311: Dimension too large.
<to be read again> 
                   \relax 
l.75311 ...o{\pgfqpoint{227.886514in}{0.528000in}}
                                                  %
I can't work with sizes bigger than about 19 feet.
Continue and I'll use the largest value I can.

d:/Git Repositories\Uni-Code\Personal Projects\ApproxPi2.pgf:75327: Dimension too large.
<to be read again> 
                   \relax 
l.75327 ...o{\pgfqpoint{227.975086in}{0.528000in}}
                                                  %
I can't work with sizes bigger than about 19 feet.
Continue and I'll use the largest value I can.

d:/Git Repositories\Uni-Code\Personal Projects\ApproxPi2.pgf:75328: Dimension too large.
<to be read again> 
                   \relax 
l.75328 ...o{\pgfqpoint{228.063657in}{0.528000in}}
                                                  %
I can't work with sizes bigger than about 19 feet.
Continue and I'll use the largest value I can.

d:/Git Repositories\Uni-Code\Personal Projects\ApproxPi2.pgf:75329: Dimension too large.
<to be read again> 
                   \relax 
l.75329 ...o{\pgfqpoint{228.063657in}{0.528000in}}
                                                  %
I can't work with sizes bigger than about 19 feet.
Continue and I'll use the largest value I can.

d:/Git Repositories\Uni-Code\Personal Projects\ApproxPi2.pgf:75330: Dimension too large.
<to be read again> 
                   \relax 
l.75330 ...o{\pgfqpoint{227.975086in}{0.528000in}}
                                                  %
I can't work with sizes bigger than about 19 feet.
Continue and I'll use the largest value I can.

d:/Git Repositories\Uni-Code\Personal Projects\ApproxPi2.pgf:75346: Dimension too large.
<to be read again> 
                   \relax 
l.75346 ...o{\pgfqpoint{228.063657in}{0.528000in}}
                                                  %
I can't work with sizes bigger than about 19 feet.
Continue and I'll use the largest value I can.

d:/Git Repositories\Uni-Code\Personal Projects\ApproxPi2.pgf:75347: Dimension too large.
<to be read again> 
                   \relax 
l.75347 ...o{\pgfqpoint{228.152229in}{0.528000in}}
                                                  %
I can't work with sizes bigger than about 19 feet.
Continue and I'll use the largest value I can.

d:/Git Repositories\Uni-Code\Personal Projects\ApproxPi2.pgf:75348: Dimension too large.
<to be read again> 
                   \relax 
l.75348 ...o{\pgfqpoint{228.152229in}{0.528000in}}
                                                  %
I can't work with sizes bigger than about 19 feet.
Continue and I'll use the largest value I can.

d:/Git Repositories\Uni-Code\Personal Projects\ApproxPi2.pgf:75349: Dimension too large.
<to be read again> 
                   \relax 
l.75349 ...o{\pgfqpoint{228.063657in}{0.528000in}}
                                                  %
I can't work with sizes bigger than about 19 feet.
Continue and I'll use the largest value I can.

d:/Git Repositories\Uni-Code\Personal Projects\ApproxPi2.pgf:75365: Dimension too large.
<to be read again> 
                   \relax 
l.75365 ...o{\pgfqpoint{228.152229in}{0.528000in}}
                                                  %
I can't work with sizes bigger than about 19 feet.
Continue and I'll use the largest value I can.

d:/Git Repositories\Uni-Code\Personal Projects\ApproxPi2.pgf:75366: Dimension too large.
<to be read again> 
                   \relax 
l.75366 ...o{\pgfqpoint{228.240800in}{0.528000in}}
                                                  %
I can't work with sizes bigger than about 19 feet.
Continue and I'll use the largest value I can.

d:/Git Repositories\Uni-Code\Personal Projects\ApproxPi2.pgf:75367: Dimension too large.
<to be read again> 
                   \relax 
l.75367 ...o{\pgfqpoint{228.240800in}{0.528000in}}
                                                  %
I can't work with sizes bigger than about 19 feet.
Continue and I'll use the largest value I can.

d:/Git Repositories\Uni-Code\Personal Projects\ApproxPi2.pgf:75368: Dimension too large.
<to be read again> 
                   \relax 
l.75368 ...o{\pgfqpoint{228.152229in}{0.528000in}}
                                                  %
I can't work with sizes bigger than about 19 feet.
Continue and I'll use the largest value I can.

d:/Git Repositories\Uni-Code\Personal Projects\ApproxPi2.pgf:75384: Dimension too large.
<to be read again> 
                   \relax 
l.75384 ...o{\pgfqpoint{228.240800in}{0.528000in}}
                                                  %
I can't work with sizes bigger than about 19 feet.
Continue and I'll use the largest value I can.

d:/Git Repositories\Uni-Code\Personal Projects\ApproxPi2.pgf:75385: Dimension too large.
<to be read again> 
                   \relax 
l.75385 ...o{\pgfqpoint{228.329371in}{0.528000in}}
                                                  %
I can't work with sizes bigger than about 19 feet.
Continue and I'll use the largest value I can.

d:/Git Repositories\Uni-Code\Personal Projects\ApproxPi2.pgf:75386: Dimension too large.
<to be read again> 
                   \relax 
l.75386 ...o{\pgfqpoint{228.329371in}{0.528000in}}
                                                  %
I can't work with sizes bigger than about 19 feet.
Continue and I'll use the largest value I can.

d:/Git Repositories\Uni-Code\Personal Projects\ApproxPi2.pgf:75387: Dimension too large.
<to be read again> 
                   \relax 
l.75387 ...o{\pgfqpoint{228.240800in}{0.528000in}}
                                                  %
I can't work with sizes bigger than about 19 feet.
Continue and I'll use the largest value I can.

d:/Git Repositories\Uni-Code\Personal Projects\ApproxPi2.pgf:75403: Dimension too large.
<to be read again> 
                   \relax 
l.75403 ...o{\pgfqpoint{228.329371in}{0.528000in}}
                                                  %
I can't work with sizes bigger than about 19 feet.
Continue and I'll use the largest value I can.

d:/Git Repositories\Uni-Code\Personal Projects\ApproxPi2.pgf:75404: Dimension too large.
<to be read again> 
                   \relax 
l.75404 ...o{\pgfqpoint{228.417943in}{0.528000in}}
                                                  %
I can't work with sizes bigger than about 19 feet.
Continue and I'll use the largest value I can.

d:/Git Repositories\Uni-Code\Personal Projects\ApproxPi2.pgf:75405: Dimension too large.
<to be read again> 
                   \relax 
l.75405 ...o{\pgfqpoint{228.417943in}{0.528000in}}
                                                  %
I can't work with sizes bigger than about 19 feet.
Continue and I'll use the largest value I can.

d:/Git Repositories\Uni-Code\Personal Projects\ApproxPi2.pgf:75406: Dimension too large.
<to be read again> 
                   \relax 
l.75406 ...o{\pgfqpoint{228.329371in}{0.528000in}}
                                                  %
I can't work with sizes bigger than about 19 feet.
Continue and I'll use the largest value I can.

d:/Git Repositories\Uni-Code\Personal Projects\ApproxPi2.pgf:75422: Dimension too large.
<to be read again> 
                   \relax 
l.75422 ...o{\pgfqpoint{228.417943in}{0.528000in}}
                                                  %
I can't work with sizes bigger than about 19 feet.
Continue and I'll use the largest value I can.

d:/Git Repositories\Uni-Code\Personal Projects\ApproxPi2.pgf:75423: Dimension too large.
<to be read again> 
                   \relax 
l.75423 ...o{\pgfqpoint{228.506514in}{0.528000in}}
                                                  %
I can't work with sizes bigger than about 19 feet.
Continue and I'll use the largest value I can.

d:/Git Repositories\Uni-Code\Personal Projects\ApproxPi2.pgf:75424: Dimension too large.
<to be read again> 
                   \relax 
l.75424 ...o{\pgfqpoint{228.506514in}{0.528000in}}
                                                  %
I can't work with sizes bigger than about 19 feet.
Continue and I'll use the largest value I can.

d:/Git Repositories\Uni-Code\Personal Projects\ApproxPi2.pgf:75425: Dimension too large.
<to be read again> 
                   \relax 
l.75425 ...o{\pgfqpoint{228.417943in}{0.528000in}}
                                                  %
I can't work with sizes bigger than about 19 feet.
Continue and I'll use the largest value I can.

d:/Git Repositories\Uni-Code\Personal Projects\ApproxPi2.pgf:75441: Dimension too large.
<to be read again> 
                   \relax 
l.75441 ...o{\pgfqpoint{228.506514in}{0.528000in}}
                                                  %
I can't work with sizes bigger than about 19 feet.
Continue and I'll use the largest value I can.

d:/Git Repositories\Uni-Code\Personal Projects\ApproxPi2.pgf:75442: Dimension too large.
<to be read again> 
                   \relax 
l.75442 ...o{\pgfqpoint{228.595086in}{0.528000in}}
                                                  %
I can't work with sizes bigger than about 19 feet.
Continue and I'll use the largest value I can.

d:/Git Repositories\Uni-Code\Personal Projects\ApproxPi2.pgf:75443: Dimension too large.
<to be read again> 
                   \relax 
l.75443 ...o{\pgfqpoint{228.595086in}{0.528000in}}
                                                  %
I can't work with sizes bigger than about 19 feet.
Continue and I'll use the largest value I can.

d:/Git Repositories\Uni-Code\Personal Projects\ApproxPi2.pgf:75444: Dimension too large.
<to be read again> 
                   \relax 
l.75444 ...o{\pgfqpoint{228.506514in}{0.528000in}}
                                                  %
I can't work with sizes bigger than about 19 feet.
Continue and I'll use the largest value I can.

d:/Git Repositories\Uni-Code\Personal Projects\ApproxPi2.pgf:75460: Dimension too large.
<to be read again> 
                   \relax 
l.75460 ...o{\pgfqpoint{228.595086in}{0.528000in}}
                                                  %
I can't work with sizes bigger than about 19 feet.
Continue and I'll use the largest value I can.

d:/Git Repositories\Uni-Code\Personal Projects\ApproxPi2.pgf:75461: Dimension too large.
<to be read again> 
                   \relax 
l.75461 ...o{\pgfqpoint{228.683657in}{0.528000in}}
                                                  %
I can't work with sizes bigger than about 19 feet.
Continue and I'll use the largest value I can.

d:/Git Repositories\Uni-Code\Personal Projects\ApproxPi2.pgf:75462: Dimension too large.
<to be read again> 
                   \relax 
l.75462 ...o{\pgfqpoint{228.683657in}{0.528000in}}
                                                  %
I can't work with sizes bigger than about 19 feet.
Continue and I'll use the largest value I can.

d:/Git Repositories\Uni-Code\Personal Projects\ApproxPi2.pgf:75463: Dimension too large.
<to be read again> 
                   \relax 
l.75463 ...o{\pgfqpoint{228.595086in}{0.528000in}}
                                                  %
I can't work with sizes bigger than about 19 feet.
Continue and I'll use the largest value I can.

d:/Git Repositories\Uni-Code\Personal Projects\ApproxPi2.pgf:75479: Dimension too large.
<to be read again> 
                   \relax 
l.75479 ...o{\pgfqpoint{228.683657in}{0.528000in}}
                                                  %
I can't work with sizes bigger than about 19 feet.
Continue and I'll use the largest value I can.

d:/Git Repositories\Uni-Code\Personal Projects\ApproxPi2.pgf:75480: Dimension too large.
<to be read again> 
                   \relax 
l.75480 ...o{\pgfqpoint{228.772229in}{0.528000in}}
                                                  %
I can't work with sizes bigger than about 19 feet.
Continue and I'll use the largest value I can.

d:/Git Repositories\Uni-Code\Personal Projects\ApproxPi2.pgf:75481: Dimension too large.
<to be read again> 
                   \relax 
l.75481 ...o{\pgfqpoint{228.772229in}{0.528000in}}
                                                  %
I can't work with sizes bigger than about 19 feet.
Continue and I'll use the largest value I can.

d:/Git Repositories\Uni-Code\Personal Projects\ApproxPi2.pgf:75482: Dimension too large.
<to be read again> 
                   \relax 
l.75482 ...o{\pgfqpoint{228.683657in}{0.528000in}}
                                                  %
I can't work with sizes bigger than about 19 feet.
Continue and I'll use the largest value I can.

d:/Git Repositories\Uni-Code\Personal Projects\ApproxPi2.pgf:75498: Dimension too large.
<to be read again> 
                   \relax 
l.75498 ...o{\pgfqpoint{228.772229in}{0.528000in}}
                                                  %
I can't work with sizes bigger than about 19 feet.
Continue and I'll use the largest value I can.

d:/Git Repositories\Uni-Code\Personal Projects\ApproxPi2.pgf:75499: Dimension too large.
<to be read again> 
                   \relax 
l.75499 ...o{\pgfqpoint{228.860800in}{0.528000in}}
                                                  %
I can't work with sizes bigger than about 19 feet.
Continue and I'll use the largest value I can.

d:/Git Repositories\Uni-Code\Personal Projects\ApproxPi2.pgf:75500: Dimension too large.
<to be read again> 
                   \relax 
l.75500 ...o{\pgfqpoint{228.860800in}{0.528000in}}
                                                  %
I can't work with sizes bigger than about 19 feet.
Continue and I'll use the largest value I can.

d:/Git Repositories\Uni-Code\Personal Projects\ApproxPi2.pgf:75501: Dimension too large.
<to be read again> 
                   \relax 
l.75501 ...o{\pgfqpoint{228.772229in}{0.528000in}}
                                                  %
I can't work with sizes bigger than about 19 feet.
Continue and I'll use the largest value I can.

d:/Git Repositories\Uni-Code\Personal Projects\ApproxPi2.pgf:75517: Dimension too large.
<to be read again> 
                   \relax 
l.75517 ...o{\pgfqpoint{228.860800in}{0.528000in}}
                                                  %
I can't work with sizes bigger than about 19 feet.
Continue and I'll use the largest value I can.

d:/Git Repositories\Uni-Code\Personal Projects\ApproxPi2.pgf:75518: Dimension too large.
<to be read again> 
                   \relax 
l.75518 ...o{\pgfqpoint{228.949371in}{0.528000in}}
                                                  %
(That makes 100 errors; please try again.) 
Here is how much of TeX's memory you used:
 32610 strings out of 481254
 786103 string characters out of 4668041
 7039893 words of memory out of 19000000
 47667 multiletter control sequences out of 15000+200000
 543930 words of font info for 70 fonts, out of 5000000 for 9000
 1141 hyphenation exceptions out of 8191
 74i,5n,127p,881b,609s stack positions out of 5000i,500n,10000p,5000000b,50000s

d:/Git Repositories\Uni-Code\Personal Projects\ApproxPi2.pgf:75518:  ==> Fatal error occurred, no output PDF file produced!
