\BOOKMARK [1][-]{section.1}{\376\377\000I\000n\000t\000r\000o\000d\000u\000c\000t\000i\000o\000n}{}% 1
\BOOKMARK [1][-]{section.2}{\376\377\000B\000a\000c\000k\000g\000r\000o\000u\000n\000d\000\040\000\046\000\040\000D\000e\000t\000e\000c\000t\000o\000r\000\040\000T\000h\000e\000o\000r\000y}{}% 2
\BOOKMARK [2][-]{subsection.2.1}{\376\377\000C\000o\000o\000r\000d\000i\000n\000a\000t\000e\000s}{section.2}% 3
\BOOKMARK [2][-]{subsection.2.2}{\376\377\000A\000L\000I\000C\000E\000\040\000R\000u\000n\000\040\0003}{section.2}% 4
\BOOKMARK [2][-]{subsection.2.3}{\376\377\000T\000h\000e\000\040\000I\000n\000n\000e\000r\000\040\000T\000r\000a\000c\000k\000i\000n\000g\000\040\000S\000y\000s\000t\000e\000m}{section.2}% 5
\BOOKMARK [2][-]{subsection.2.4}{\376\377\000T\000h\000e\000\040\000M\000u\000o\000n\000\040\000S\000p\000e\000c\000t\000r\000o\000m\000e\000t\000e\000r}{section.2}% 6
\BOOKMARK [2][-]{subsection.2.5}{\376\377\000T\000h\000e\000\040\000M\000u\000o\000n\000\040\000F\000o\000r\000w\000a\000r\000d\000\040\000T\000r\000a\000c\000k\000e\000r}{section.2}% 7
\BOOKMARK [2][-]{subsection.2.6}{\376\377\000T\000h\000e\000\040\000O\000n\000l\000i\000n\000e\000-\000O\000f\000f\000l\000i\000n\000e\000\040\000A\000n\000a\000l\000y\000s\000i\000s\000\040\000F\000r\000a\000m\000e\000w\000o\000r\000k}{section.2}% 8
\BOOKMARK [2][-]{subsection.2.7}{\376\377\000O\000n\000l\000i\000n\000e\000\040\000A\000n\000a\000l\000y\000s\000i\000s}{section.2}% 9
\BOOKMARK [2][-]{subsection.2.8}{\376\377\000O\000f\000f\000l\000i\000n\000e\000\040\000A\000n\000a\000l\000y\000s\000i\000s}{section.2}% 10
\BOOKMARK [1][-]{section.3}{\376\377\000A\000n\000a\000l\000y\000s\000i\000n\000g\000\040\000U\000s\000i\000n\000g\000\040\000O\0002}{}% 11
\BOOKMARK [2][-]{subsection.3.1}{\376\377\000A\000O\000D\000\040\000S\000t\000r\000u\000c\000t\000u\000r\000e}{section.3}% 12
\BOOKMARK [2][-]{subsection.3.2}{\376\377\000A\000n\000a\000l\000y\000s\000i\000s\000\040\000T\000a\000s\000k\000\040\000S\000t\000r\000u\000c\000t\000u\000r\000e}{section.3}% 13
\BOOKMARK [2][-]{subsection.3.3}{\376\377\000T\000a\000b\000l\000e\000\040\000F\000e\000a\000t\000u\000r\000e\000s}{section.3}% 14
\BOOKMARK [2][-]{subsection.3.4}{\376\377\000H\000i\000s\000t\000o\000g\000r\000a\000m\000\040\000R\000e\000g\000i\000s\000t\000r\000y}{section.3}% 15
\BOOKMARK [2][-]{subsection.3.5}{\376\377\000F\000o\000l\000d\000e\000r\000\040\000S\000t\000r\000u\000c\000t\000u\000r\000e}{section.3}% 16
\BOOKMARK [2][-]{subsection.3.6}{\376\377\000C\000o\000m\000p\000i\000l\000i\000n\000g\000\040\000O\0002\000P\000h\000y\000s\000i\000c\000s}{section.3}% 17
\BOOKMARK [2][-]{subsection.3.7}{\376\377\000R\000u\000n\000n\000i\000n\000g\000\040\000a\000\040\000T\000a\000s\000k\000\040\000w\000i\000t\000h\000\040\000O\0002}{section.3}% 18
\BOOKMARK [1][-]{section.4}{\376\377\000O\000u\000r\000\040\000A\000n\000a\000l\000y\000s\000i\000s}{}% 19
\BOOKMARK [2][-]{subsection.4.1}{\376\377\000T\000h\000e\000\040\000D\000a\000t\000a}{section.4}% 20
\BOOKMARK [2][-]{subsection.4.2}{\376\377\000I\000n\000i\000t\000i\000a\000l\000\040\000M\000F\000T\000\040\000A\000n\000a\000l\000y\000s\000i\000s}{section.4}% 21
\BOOKMARK [2][-]{subsection.4.3}{\376\377\000C\000o\000m\000p\000a\000r\000i\000n\000g\000\040\000p\000a\000s\000s\000\040\0003\000\040\000t\000o\000\040\000p\000a\000s\000s\000\040\0004}{section.4}% 22
\BOOKMARK [2][-]{subsection.4.4}{\376\377\000I\000T\000S\000\040\000A\000n\000a\000l\000y\000s\000i\000s}{section.4}% 23
\BOOKMARK [1][-]{section.5}{\376\377\000D\000i\000s\000c\000u\000s\000s\000i\000o\000n\000\040\000a\000n\000d\000\040\000R\000e\000c\000o\000m\000m\000e\000n\000d\000a\000t\000i\000o\000n\000s}{}% 24
\BOOKMARK [1][-]{section.6}{\376\377\000C\000o\000n\000c\000l\000u\000s\000i\000o\000n\000s}{}% 25
\BOOKMARK [1][-]{appendix.A}{\376\377\000D\000o\000w\000n\000l\000o\000a\000d\000i\000n\000g\000\040\000d\000a\000t\000a\000\040\000f\000r\000o\000m\000\040\000t\000h\000e\000\040\000G\000R\000I\000D}{}% 26
\BOOKMARK [1][-]{appendix.B}{\376\377\000A\000d\000d\000i\000t\000i\000o\000n\000a\000l\000\040\000P\000l\000o\000t\000s}{}% 27
