This is pdfTeX, Version 3.14159265-2.6-1.40.21 (MiKTeX 2.9.7300 64-bit) (preloaded format=pdflatex 2020.5.7)  9 MAY 2021 13:06
entering extended mode
**"d:/Git Repositories/Uni-Code/3rd Year/PHY3004W/Labs/Gamma Spectroscopy/Report/GammaSpectroscopy_KDSMIL001.tex"
("d:/Git Repositories/Uni-Code/3rd Year/PHY3004W/Labs/Gamma Spectroscopy/Report/GammaSpectroscopy_KDSMIL001.tex"
LaTeX2e <2020-02-02> patch level 5
L3 programming layer <2020-03-03> ("D:\Program Files\MikTeX\tex/latex/base\article.cls"
Document Class: article 2019/12/20 v1.4l Standard LaTeX document class
("D:\Program Files\MikTeX\tex/latex/base\size11.clo"
File: size11.clo 2019/12/20 v1.4l Standard LaTeX file (size option)
)
\c@part=\count167
\c@section=\count168
\c@subsection=\count169
\c@subsubsection=\count170
\c@paragraph=\count171
\c@subparagraph=\count172
\c@figure=\count173
\c@table=\count174
\abovecaptionskip=\skip47
\belowcaptionskip=\skip48
\bibindent=\dimen134
) ("D:\Program Files\MikTeX\tex/latex/geometry\geometry.sty"
Package: geometry 2020/01/02 v5.9 Page Geometry
 ("D:\Program Files\MikTeX\tex/latex/graphics\keyval.sty"
Package: keyval 2014/10/28 v1.15 key=value parser (DPC)
\KV@toks@=\toks15
) ("D:\Program Files\MikTeX\tex/generic/iftex\ifvtex.sty"
Package: ifvtex 2019/10/25 v1.7 ifvtex legacy package. Use iftex instead.
 ("D:\Program Files\MikTeX\tex/generic/iftex\iftex.sty"
Package: iftex 2019/11/07 v1.0c TeX engine tests
))
\Gm@cnth=\count175
\Gm@cntv=\count176
\c@Gm@tempcnt=\count177
\Gm@bindingoffset=\dimen135
\Gm@wd@mp=\dimen136
\Gm@odd@mp=\dimen137
\Gm@even@mp=\dimen138
\Gm@layoutwidth=\dimen139
\Gm@layoutheight=\dimen140
\Gm@layouthoffset=\dimen141
\Gm@layoutvoffset=\dimen142
\Gm@dimlist=\toks16
 ("D:\Program Files\MikTeX\tex/latex/geometry\geometry.cfg")) ("D:\Program Files\MikTeX\tex/latex/nowidow\nowidow.sty"
Package: nowidow 2011/09/20 1.0 Easily prevent widows and orphans
Package: nowidow 
 ("D:\Program Files\MikTeX\tex/latex/kvoptions\kvoptions.sty"
Package: kvoptions 2019/11/29 v3.13 Key value format for package options (HO)
 ("D:\Program Files\MikTeX\tex/generic/ltxcmds\ltxcmds.sty"
Package: ltxcmds 2019/12/15 v1.24 LaTeX kernel commands for general use (HO)
) ("D:\Program Files\MikTeX\tex/generic/kvsetkeys\kvsetkeys.sty"
Package: kvsetkeys 2019/12/15 v1.18 Key value parser (HO)
))) ("D:\Program Files\MikTeX\tex/latex/hyperref\hyperref.sty"
Package: hyperref 2020/01/14 v7.00d Hypertext links for LaTeX
 ("D:\Program Files\MikTeX\tex/latex/pdftexcmds\pdftexcmds.sty"
Package: pdftexcmds 2019/11/24 v0.31 Utility functions of pdfTeX for LuaTeX (HO)
 ("D:\Program Files\MikTeX\tex/generic/infwarerr\infwarerr.sty"
Package: infwarerr 2019/12/03 v1.5 Providing info/warning/error messages (HO)
)
Package pdftexcmds Info: \pdf@primitive is available.
Package pdftexcmds Info: \pdf@ifprimitive is available.
Package pdftexcmds Info: \pdfdraftmode found.
) ("D:\Program Files\MikTeX\tex/generic/kvdefinekeys\kvdefinekeys.sty"
Package: kvdefinekeys 2019-12-19 v1.6 Define keys (HO)
) ("D:\Program Files\MikTeX\tex/generic/pdfescape\pdfescape.sty"
Package: pdfescape 2019/12/09 v1.15 Implements pdfTeX's escape features (HO)
) ("D:\Program Files\MikTeX\tex/latex/hycolor\hycolor.sty"
Package: hycolor 2020-01-27 v1.10 Color options for hyperref/bookmark (HO)
) ("D:\Program Files\MikTeX\tex/latex/letltxmacro\letltxmacro.sty"
Package: letltxmacro 2019/12/03 v1.6 Let assignment for LaTeX macros (HO)
) ("D:\Program Files\MikTeX\tex/latex/auxhook\auxhook.sty"
Package: auxhook 2019-12-17 v1.6 Hooks for auxiliary files (HO)
)
\@linkdim=\dimen143
\Hy@linkcounter=\count178
\Hy@pagecounter=\count179
 ("D:\Program Files\MikTeX\tex/latex/hyperref\pd1enc.def"
File: pd1enc.def 2020/01/14 v7.00d Hyperref: PDFDocEncoding definition (HO)
Now handling font encoding PD1 ...
... no UTF-8 mapping file for font encoding PD1
) ("D:\Program Files\MikTeX\tex/generic/intcalc\intcalc.sty"
Package: intcalc 2019/12/15 v1.3 Expandable calculations with integers (HO)
) ("D:\Program Files\MikTeX\tex/generic/etexcmds\etexcmds.sty"
Package: etexcmds 2019/12/15 v1.7 Avoid name clashes with e-TeX commands (HO)
)
\Hy@SavedSpaceFactor=\count180
Package hyperref Info: Option `hyperfigures' set `true' on input line 4421.
Package hyperref Info: Hyper figures ON on input line 4545.
Package hyperref Info: Link nesting OFF on input line 4552.
Package hyperref Info: Hyper index ON on input line 4555.
Package hyperref Info: Plain pages OFF on input line 4562.
Package hyperref Info: Backreferencing OFF on input line 4567.
Package hyperref Info: Implicit mode ON; LaTeX internals redefined.
Package hyperref Info: Bookmarks ON on input line 4800.
\c@Hy@tempcnt=\count181
 ("D:\Program Files\MikTeX\tex/latex/url\url.sty"
\Urlmuskip=\muskip16
Package: url 2013/09/16  ver 3.4  Verb mode for urls, etc.
)
LaTeX Info: Redefining \url on input line 5159.
\XeTeXLinkMargin=\dimen144
 ("D:\Program Files\MikTeX\tex/generic/bitset\bitset.sty"
Package: bitset 2019/12/09 v1.3 Handle bit-vector datatype (HO)
 ("D:\Program Files\MikTeX\tex/generic/bigintcalc\bigintcalc.sty"
Package: bigintcalc 2019/12/15 v1.5 Expandable calculations on big integers (HO)
))
\Fld@menulength=\count182
\Field@Width=\dimen145
\Fld@charsize=\dimen146
Package hyperref Info: Hyper figures ON on input line 6428.
Package hyperref Info: Link nesting OFF on input line 6435.
Package hyperref Info: Hyper index ON on input line 6438.
Package hyperref Info: backreferencing OFF on input line 6445.
Package hyperref Info: Link coloring OFF on input line 6450.
Package hyperref Info: Link coloring with OCG OFF on input line 6455.
Package hyperref Info: PDF/A mode OFF on input line 6460.
LaTeX Info: Redefining \ref on input line 6500.
LaTeX Info: Redefining \pageref on input line 6504.
 ("D:\Program Files\MikTeX\tex/generic/atbegshi\atbegshi.sty"
Package: atbegshi 2019/12/05 v1.19 At begin shipout hook (HO)
)
\Hy@abspage=\count183
\c@Item=\count184
\c@Hfootnote=\count185
)
Package hyperref Info: Driver (autodetected): hpdftex.
 ("D:\Program Files\MikTeX\tex/latex/hyperref\hpdftex.def"
File: hpdftex.def 2020/01/14 v7.00d Hyperref driver for pdfTeX
 ("D:\Program Files\MikTeX\tex/latex/atveryend\atveryend.sty"
Package: atveryend 2019-12-11 v1.11 Hooks at the very end of document (HO)
Package atveryend Info: \enddocument detected (standard20110627).
)
\Fld@listcount=\count186
\c@bookmark@seq@number=\count187
 ("D:\Program Files\MikTeX\tex/latex/rerunfilecheck\rerunfilecheck.sty"
Package: rerunfilecheck 2019/12/05 v1.9 Rerun checks for auxiliary files (HO)
 ("D:\Program Files\MikTeX\tex/generic/uniquecounter\uniquecounter.sty"
Package: uniquecounter 2019/12/15 v1.4 Provide unlimited unique counter (HO)
)
Package uniquecounter Info: New unique counter `rerunfilecheck' on input line 286.
)
\Hy@SectionHShift=\skip49
) ("D:\Program Files\MikTeX\tex/latex/siunitx\siunitx.sty" ("D:\Program Files\MikTeX\tex/latex/l3kernel\expl3.sty"
Package: expl3 2020-03-03 L3 programming layer (loader) 
 ("D:\Program Files\MikTeX\tex/latex/l3backend\l3backend-pdfmode.def"
File: l3backend-pdfmode.def 2020-02-03 L3 backend support: PDF mode
\l__kernel_color_stack_int=\count188
\l__pdf_internal_box=\box45
)) ("D:\Program Files\MikTeX\tex/latex/l3packages/xparse\xparse.sty"
Package: xparse 2020-03-03 L3 Experimental document command parser
\l__xparse_current_arg_int=\count189
\g__xparse_grabber_int=\count190
\l__xparse_m_args_int=\count191
\l__xparse_v_nesting_int=\count192
)
Package: siunitx 2020/02/25 v2.8b A comprehensive (SI) units package
 ("D:\Program Files\MikTeX\tex/latex/amsmath\amstext.sty"
Package: amstext 2000/06/29 v2.01 AMS text
 ("D:\Program Files\MikTeX\tex/latex/amsmath\amsgen.sty"
File: amsgen.sty 1999/11/30 v2.0 generic functions
\@emptytoks=\toks17
\ex@=\dimen147
)) ("D:\Program Files\MikTeX\tex/latex/tools\array.sty"
Package: array 2019/08/31 v2.4l Tabular extension package (FMi)
\col@sep=\dimen148
\ar@mcellbox=\box46
\extrarowheight=\dimen149
\NC@list=\toks18
\extratabsurround=\skip50
\backup@length=\skip51
\ar@cellbox=\box47
) ("D:\Program Files\MikTeX\tex/latex/l3packages/l3keys2e\l3keys2e.sty"
Package: l3keys2e 2020-03-03 LaTeX2e option processing using LaTeX3 keys
)
\l__siunitx_tmp_box=\box48
\l__siunitx_tmp_dim=\dimen150
\l__siunitx_tmp_int=\count193
\l__siunitx_number_mantissa_length_int=\count194
\l__siunitx_number_uncert_length_int=\count195
\l__siunitx_round_int=\count196
\l__siunitx_process_decimal_int=\count197
\l__siunitx_process_uncertainty_int=\count198
\l__siunitx_process_fixed_int=\count199
\l__siunitx_process_integer_min_int=\count266
\l__siunitx_process_precision_int=\count267
\l__siunitx_group_min_int=\count268
\l__siunitx_angle_marker_box=\box49
\l__siunitx_angle_unit_box=\box50
\l__siunitx_angle_marker_dim=\dimen151
\l__siunitx_angle_unit_dim=\dimen152
\l__siunitx_unit_int=\count269
\l__siunitx_unit_denominator_int=\count270
\l__siunitx_unit_numerator_int=\count271
\l__siunitx_unit_prefix_int=\count272
\l__siunitx_unit_prefix_base_int=\count273
\l__siunitx_unit_prefix_gram_int=\count274
\l__siunitx_number_product_int=\count275
\c__siunitx_one_fill_skip=\skip52
\l__siunitx_table_unit_align_skip=\skip53
\l__siunitx_table_exponent_dim=\dimen153
\l__siunitx_table_integer_dim=\dimen154
\l__siunitx_table_mantissa_dim=\dimen155
\l__siunitx_table_marker_dim=\dimen156
\l__siunitx_table_result_dim=\dimen157
\l__siunitx_table_uncert_dim=\dimen158
\l__siunitx_table_fill_pre_dim=\dimen159
\l__siunitx_table_fill_post_dim=\dimen160
\l__siunitx_table_fill_mid_dim=\dimen161
\l__siunitx_table_pre_box=\box51
\l__siunitx_table_post_box=\box52
\l__siunitx_table_mantissa_box=\box53
\l__siunitx_table_result_box=\box54
\l__siunitx_table_number_align_skip=\skip54
\l__siunitx_table_text_align_skip=\skip55
 ("D:\Program Files\MikTeX\tex/latex/translator\translator.sty"
Package: translator 2019-05-31 v1.12a Easy translation of strings in LaTeX
)) ("D:\Program Files\MikTeX\tex/latex/graphics\graphicx.sty"
Package: graphicx 2019/11/30 v1.2a Enhanced LaTeX Graphics (DPC,SPQR)
 ("D:\Program Files\MikTeX\tex/latex/graphics\graphics.sty"
Package: graphics 2019/11/30 v1.4a Standard LaTeX Graphics (DPC,SPQR)
 ("D:\Program Files\MikTeX\tex/latex/graphics\trig.sty"
Package: trig 2016/01/03 v1.10 sin cos tan (DPC)
) ("D:\Program Files\MikTeX\tex/latex/graphics-cfg\graphics.cfg"
File: graphics.cfg 2016/06/04 v1.11 sample graphics configuration
)
Package graphics Info: Driver file: pdftex.def on input line 105.
 ("D:\Program Files\MikTeX\tex/latex/graphics-def\pdftex.def"
File: pdftex.def 2018/01/08 v1.0l Graphics/color driver for pdftex
))
\Gin@req@height=\dimen162
\Gin@req@width=\dimen163
) ("D:\Program Files\MikTeX\tex/latex/amsmath\amsmath.sty"
Package: amsmath 2020/01/20 v2.17e AMS math features
\@mathmargin=\skip56

For additional information on amsmath, use the `?' option.
("D:\Program Files\MikTeX\tex/latex/amsmath\amsbsy.sty"
Package: amsbsy 1999/11/29 v1.2d Bold Symbols
\pmbraise@=\dimen164
) ("D:\Program Files\MikTeX\tex/latex/amsmath\amsopn.sty"
Package: amsopn 2016/03/08 v2.02 operator names
)
\inf@bad=\count276
LaTeX Info: Redefining \frac on input line 227.
\uproot@=\count277
\leftroot@=\count278
LaTeX Info: Redefining \overline on input line 389.
\classnum@=\count279
\DOTSCASE@=\count280
LaTeX Info: Redefining \ldots on input line 486.
LaTeX Info: Redefining \dots on input line 489.
LaTeX Info: Redefining \cdots on input line 610.
\Mathstrutbox@=\box55
\strutbox@=\box56
\big@size=\dimen165
LaTeX Font Info:    Redeclaring font encoding OML on input line 733.
LaTeX Font Info:    Redeclaring font encoding OMS on input line 734.
\macc@depth=\count281
\c@MaxMatrixCols=\count282
\dotsspace@=\muskip17
\c@parentequation=\count283
\dspbrk@lvl=\count284
\tag@help=\toks19
\row@=\count285
\column@=\count286
\maxfields@=\count287
\andhelp@=\toks20
\eqnshift@=\dimen166
\alignsep@=\dimen167
\tagshift@=\dimen168
\tagwidth@=\dimen169
\totwidth@=\dimen170
\lineht@=\dimen171
\@envbody=\toks21
\multlinegap=\skip57
\multlinetaggap=\skip58
\mathdisplay@stack=\toks22
LaTeX Info: Redefining \[ on input line 2859.
LaTeX Info: Redefining \] on input line 2860.
) ("D:\Program Files\MikTeX\tex/latex/physics\physics.sty"
Package: physics 
) ("D:\Program Files\MikTeX\tex/latex/tabto-ltx\tabto.sty"
Package: tabto 2018/12/28  v 1.4  Another tabbing mechanism
\CurrentLineWidth=\dimen172
\TabPrevPos=\dimen173
) ("D:\Program Files\MikTeX\tex/latex/float\float.sty"
Package: float 2001/11/08 v1.3d Float enhancements (AL)
\c@float@type=\count288
\float@exts=\toks23
\float@box=\box57
\@float@everytoks=\toks24
\@floatcapt=\box58
) ("D:\Program Files\MikTeX\tex/latex/amsfonts\amssymb.sty"
Package: amssymb 2013/01/14 v3.01 AMS font symbols
 ("D:\Program Files\MikTeX\tex/latex/amsfonts\amsfonts.sty"
Package: amsfonts 2013/01/14 v3.01 Basic AMSFonts support
\symAMSa=\mathgroup4
\symAMSb=\mathgroup5
LaTeX Font Info:    Redeclaring math symbol \hbar on input line 98.
LaTeX Font Info:    Overwriting math alphabet `\mathfrak' in version `bold'
(Font)                  U/euf/m/n --> U/euf/b/n on input line 106.
)) ("D:\Program Files\MikTeX\tex/latex/pgfplots\pgfplots.sty" ("D:\Program Files\MikTeX\tex/generic/pgfplots\pgfplots.revision.tex")
Package: pgfplots 2020/02/29 v1.17 Data Visualization (1.17)
 ("D:\Program Files\MikTeX\tex/latex/pgf/frontendlayer\tikz.sty" ("D:\Program Files\MikTeX\tex/latex/pgf/basiclayer\pgf.sty" ("D:\Program Files\MikTeX\tex/latex/pgf/utilities\pgfrcs.sty" ("D:\Program Files\MikTeX\tex/generic/pgf/utilities\pgfutil-common.tex"
\pgfutil@everybye=\toks25
\pgfutil@tempdima=\dimen174
\pgfutil@tempdimb=\dimen175
 ("D:\Program Files\MikTeX\tex/generic/pgf/utilities\pgfutil-common-lists.tex")) ("D:\Program Files\MikTeX\tex/generic/pgf/utilities\pgfutil-latex.def"
\pgfutil@abb=\box59
 ("D:\Program Files\MikTeX\tex/latex/ms\everyshi.sty"
Package: everyshi 2001/05/15 v3.00 EveryShipout Package (MS)
)) ("D:\Program Files\MikTeX\tex/generic/pgf/utilities\pgfrcs.code.tex" ("D:\Program Files\MikTeX\tex/generic/pgf\pgf.revision.tex")
Package: pgfrcs 2020/01/08 v3.1.5b (3.1.5b)
))
Package: pgf 2020/01/08 v3.1.5b (3.1.5b)
 ("D:\Program Files\MikTeX\tex/latex/pgf/basiclayer\pgfcore.sty" ("D:\Program Files\MikTeX\tex/latex/pgf/systemlayer\pgfsys.sty" ("D:\Program Files\MikTeX\tex/generic/pgf/systemlayer\pgfsys.code.tex"
Package: pgfsys 2020/01/08 v3.1.5b (3.1.5b)
 ("D:\Program Files\MikTeX\tex/generic/pgf/utilities\pgfkeys.code.tex"
\pgfkeys@pathtoks=\toks26
\pgfkeys@temptoks=\toks27
 ("D:\Program Files\MikTeX\tex/generic/pgf/utilities\pgfkeysfiltered.code.tex"
\pgfkeys@tmptoks=\toks28
))
\pgf@x=\dimen176
\pgf@y=\dimen177
\pgf@xa=\dimen178
\pgf@ya=\dimen179
\pgf@xb=\dimen180
\pgf@yb=\dimen181
\pgf@xc=\dimen182
\pgf@yc=\dimen183
\pgf@xd=\dimen184
\pgf@yd=\dimen185
\w@pgf@writea=\write3
\r@pgf@reada=\read2
\c@pgf@counta=\count289
\c@pgf@countb=\count290
\c@pgf@countc=\count291
\c@pgf@countd=\count292
\t@pgf@toka=\toks29
\t@pgf@tokb=\toks30
\t@pgf@tokc=\toks31
\pgf@sys@id@count=\count293
 ("D:\Program Files\MikTeX\tex/generic/pgf/systemlayer\pgf.cfg"
File: pgf.cfg 2020/01/08 v3.1.5b (3.1.5b)
)
Driver file for pgf: pgfsys-pdftex.def
 ("D:\Program Files\MikTeX\tex/generic/pgf/systemlayer\pgfsys-pdftex.def"
File: pgfsys-pdftex.def 2020/01/08 v3.1.5b (3.1.5b)
 ("D:\Program Files\MikTeX\tex/generic/pgf/systemlayer\pgfsys-common-pdf.def"
File: pgfsys-common-pdf.def 2020/01/08 v3.1.5b (3.1.5b)
))) ("D:\Program Files\MikTeX\tex/generic/pgf/systemlayer\pgfsyssoftpath.code.tex"
File: pgfsyssoftpath.code.tex 2020/01/08 v3.1.5b (3.1.5b)
\pgfsyssoftpath@smallbuffer@items=\count294
\pgfsyssoftpath@bigbuffer@items=\count295
) ("D:\Program Files\MikTeX\tex/generic/pgf/systemlayer\pgfsysprotocol.code.tex"
File: pgfsysprotocol.code.tex 2020/01/08 v3.1.5b (3.1.5b)
)) ("D:\Program Files\MikTeX\tex/latex/xcolor\xcolor.sty"
Package: xcolor 2016/05/11 v2.12 LaTeX color extensions (UK)
 ("D:\Program Files\MikTeX\tex/latex/graphics-cfg\color.cfg"
File: color.cfg 2016/01/02 v1.6 sample color configuration
)
Package xcolor Info: Driver file: pdftex.def on input line 225.
Package xcolor Info: Model `cmy' substituted by `cmy0' on input line 1348.
Package xcolor Info: Model `hsb' substituted by `rgb' on input line 1352.
Package xcolor Info: Model `RGB' extended on input line 1364.
Package xcolor Info: Model `HTML' substituted by `rgb' on input line 1366.
Package xcolor Info: Model `Hsb' substituted by `hsb' on input line 1367.
Package xcolor Info: Model `tHsb' substituted by `hsb' on input line 1368.
Package xcolor Info: Model `HSB' substituted by `hsb' on input line 1369.
Package xcolor Info: Model `Gray' substituted by `gray' on input line 1370.
Package xcolor Info: Model `wave' substituted by `hsb' on input line 1371.
) ("D:\Program Files\MikTeX\tex/generic/pgf/basiclayer\pgfcore.code.tex"
Package: pgfcore 2020/01/08 v3.1.5b (3.1.5b)
 ("D:\Program Files\MikTeX\tex/generic/pgf/math\pgfmath.code.tex" ("D:\Program Files\MikTeX\tex/generic/pgf/math\pgfmathcalc.code.tex" ("D:\Program Files\MikTeX\tex/generic/pgf/math\pgfmathutil.code.tex") ("D:\Program Files\MikTeX\tex/generic/pgf/math\pgfmathparser.code.tex"
\pgfmath@dimen=\dimen186
\pgfmath@count=\count296
\pgfmath@box=\box60
\pgfmath@toks=\toks32
\pgfmath@stack@operand=\toks33
\pgfmath@stack@operation=\toks34
) ("D:\Program Files\MikTeX\tex/generic/pgf/math\pgfmathfunctions.code.tex" ("D:\Program Files\MikTeX\tex/generic/pgf/math\pgfmathfunctions.basic.code.tex") ("D:\Program Files\MikTeX\tex/generic/pgf/math\pgfmathfunctions.trigonometric.code.tex") ("D:\Program Files\MikTeX\tex/generic/pgf/math\pgfmathfunctions.random.code.tex") ("D:\Program Files\MikTeX\tex/generic/pgf/math\pgfmathfunctions.comparison.code.tex") ("D:\Program Files\MikTeX\tex/generic/pgf/math\pgfmathfunctions.base.code.tex") ("D:\Program Files\MikTeX\tex/generic/pgf/math\pgfmathfunctions.round.code.tex") ("D:\Program Files\MikTeX\tex/generic/pgf/math\pgfmathfunctions.misc.code.tex") ("D:\Program Files\MikTeX\tex/generic/pgf/math\pgfmathfunctions.integerarithmetics.code.tex"))) ("D:\Program Files\MikTeX\tex/generic/pgf/math\pgfmathfloat.code.tex"
\c@pgfmathroundto@lastzeros=\count297
)) ("D:\Program Files\MikTeX\tex/generic/pgf/math\pgfint.code.tex") ("D:\Program Files\MikTeX\tex/generic/pgf/basiclayer\pgfcorepoints.code.tex"
File: pgfcorepoints.code.tex 2020/01/08 v3.1.5b (3.1.5b)
\pgf@picminx=\dimen187
\pgf@picmaxx=\dimen188
\pgf@picminy=\dimen189
\pgf@picmaxy=\dimen190
\pgf@pathminx=\dimen191
\pgf@pathmaxx=\dimen192
\pgf@pathminy=\dimen193
\pgf@pathmaxy=\dimen194
\pgf@xx=\dimen195
\pgf@xy=\dimen196
\pgf@yx=\dimen197
\pgf@yy=\dimen198
\pgf@zx=\dimen199
\pgf@zy=\dimen256
) ("D:\Program Files\MikTeX\tex/generic/pgf/basiclayer\pgfcorepathconstruct.code.tex"
File: pgfcorepathconstruct.code.tex 2020/01/08 v3.1.5b (3.1.5b)
\pgf@path@lastx=\dimen257
\pgf@path@lasty=\dimen258
) ("D:\Program Files\MikTeX\tex/generic/pgf/basiclayer\pgfcorepathusage.code.tex"
File: pgfcorepathusage.code.tex 2020/01/08 v3.1.5b (3.1.5b)
\pgf@shorten@end@additional=\dimen259
\pgf@shorten@start@additional=\dimen260
) ("D:\Program Files\MikTeX\tex/generic/pgf/basiclayer\pgfcorescopes.code.tex"
File: pgfcorescopes.code.tex 2020/01/08 v3.1.5b (3.1.5b)
\pgfpic=\box61
\pgf@hbox=\box62
\pgf@layerbox@main=\box63
\pgf@picture@serial@count=\count298
) ("D:\Program Files\MikTeX\tex/generic/pgf/basiclayer\pgfcoregraphicstate.code.tex"
File: pgfcoregraphicstate.code.tex 2020/01/08 v3.1.5b (3.1.5b)
\pgflinewidth=\dimen261
) ("D:\Program Files\MikTeX\tex/generic/pgf/basiclayer\pgfcoretransformations.code.tex"
File: pgfcoretransformations.code.tex 2020/01/08 v3.1.5b (3.1.5b)
\pgf@pt@x=\dimen262
\pgf@pt@y=\dimen263
\pgf@pt@temp=\dimen264
) ("D:\Program Files\MikTeX\tex/generic/pgf/basiclayer\pgfcorequick.code.tex"
File: pgfcorequick.code.tex 2020/01/08 v3.1.5b (3.1.5b)
) ("D:\Program Files\MikTeX\tex/generic/pgf/basiclayer\pgfcoreobjects.code.tex"
File: pgfcoreobjects.code.tex 2020/01/08 v3.1.5b (3.1.5b)
) ("D:\Program Files\MikTeX\tex/generic/pgf/basiclayer\pgfcorepathprocessing.code.tex"
File: pgfcorepathprocessing.code.tex 2020/01/08 v3.1.5b (3.1.5b)
) ("D:\Program Files\MikTeX\tex/generic/pgf/basiclayer\pgfcorearrows.code.tex"
File: pgfcorearrows.code.tex 2020/01/08 v3.1.5b (3.1.5b)
\pgfarrowsep=\dimen265
) ("D:\Program Files\MikTeX\tex/generic/pgf/basiclayer\pgfcoreshade.code.tex"
File: pgfcoreshade.code.tex 2020/01/08 v3.1.5b (3.1.5b)
\pgf@max=\dimen266
\pgf@sys@shading@range@num=\count299
\pgf@shadingcount=\count300
) ("D:\Program Files\MikTeX\tex/generic/pgf/basiclayer\pgfcoreimage.code.tex"
File: pgfcoreimage.code.tex 2020/01/08 v3.1.5b (3.1.5b)
 ("D:\Program Files\MikTeX\tex/generic/pgf/basiclayer\pgfcoreexternal.code.tex"
File: pgfcoreexternal.code.tex 2020/01/08 v3.1.5b (3.1.5b)
\pgfexternal@startupbox=\box64
)) ("D:\Program Files\MikTeX\tex/generic/pgf/basiclayer\pgfcorelayers.code.tex"
File: pgfcorelayers.code.tex 2020/01/08 v3.1.5b (3.1.5b)
) ("D:\Program Files\MikTeX\tex/generic/pgf/basiclayer\pgfcoretransparency.code.tex"
File: pgfcoretransparency.code.tex 2020/01/08 v3.1.5b (3.1.5b)
) ("D:\Program Files\MikTeX\tex/generic/pgf/basiclayer\pgfcorepatterns.code.tex"
File: pgfcorepatterns.code.tex 2020/01/08 v3.1.5b (3.1.5b)
) ("D:\Program Files\MikTeX\tex/generic/pgf/basiclayer\pgfcorerdf.code.tex"
File: pgfcorerdf.code.tex 2020/01/08 v3.1.5b (3.1.5b)
))) ("D:\Program Files\MikTeX\tex/generic/pgf/modules\pgfmoduleshapes.code.tex"
File: pgfmoduleshapes.code.tex 2020/01/08 v3.1.5b (3.1.5b)
\pgfnodeparttextbox=\box65
) ("D:\Program Files\MikTeX\tex/generic/pgf/modules\pgfmoduleplot.code.tex"
File: pgfmoduleplot.code.tex 2020/01/08 v3.1.5b (3.1.5b)
) ("D:\Program Files\MikTeX\tex/latex/pgf/compatibility\pgfcomp-version-0-65.sty"
Package: pgfcomp-version-0-65 2020/01/08 v3.1.5b (3.1.5b)
\pgf@nodesepstart=\dimen267
\pgf@nodesepend=\dimen268
) ("D:\Program Files\MikTeX\tex/latex/pgf/compatibility\pgfcomp-version-1-18.sty"
Package: pgfcomp-version-1-18 2020/01/08 v3.1.5b (3.1.5b)
)) ("D:\Program Files\MikTeX\tex/latex/pgf/utilities\pgffor.sty" ("D:\Program Files\MikTeX\tex/latex/pgf/utilities\pgfkeys.sty" ("D:\Program Files\MikTeX\tex/generic/pgf/utilities\pgfkeys.code.tex")) ("D:\Program Files\MikTeX\tex/latex/pgf/math\pgfmath.sty" ("D:\Program Files\MikTeX\tex/generic/pgf/math\pgfmath.code.tex")) ("D:\Program Files\MikTeX\tex/generic/pgf/utilities\pgffor.code.tex"
Package: pgffor 2020/01/08 v3.1.5b (3.1.5b)
 ("D:\Program Files\MikTeX\tex/generic/pgf/math\pgfmath.code.tex")
\pgffor@iter=\dimen269
\pgffor@skip=\dimen270
\pgffor@stack=\toks35
\pgffor@toks=\toks36
)) ("D:\Program Files\MikTeX\tex/generic/pgf/frontendlayer/tikz\tikz.code.tex"
Package: tikz 2020/01/08 v3.1.5b (3.1.5b)
 ("D:\Program Files\MikTeX\tex/generic/pgf/libraries\pgflibraryplothandlers.code.tex"
File: pgflibraryplothandlers.code.tex 2020/01/08 v3.1.5b (3.1.5b)
\pgf@plot@mark@count=\count301
\pgfplotmarksize=\dimen271
)
\tikz@lastx=\dimen272
\tikz@lasty=\dimen273
\tikz@lastxsaved=\dimen274
\tikz@lastysaved=\dimen275
\tikz@lastmovetox=\dimen276
\tikz@lastmovetoy=\dimen277
\tikzleveldistance=\dimen278
\tikzsiblingdistance=\dimen279
\tikz@figbox=\box66
\tikz@figbox@bg=\box67
\tikz@tempbox=\box68
\tikz@tempbox@bg=\box69
\tikztreelevel=\count302
\tikznumberofchildren=\count303
\tikznumberofcurrentchild=\count304
\tikz@fig@count=\count305
 ("D:\Program Files\MikTeX\tex/generic/pgf/modules\pgfmodulematrix.code.tex"
File: pgfmodulematrix.code.tex 2020/01/08 v3.1.5b (3.1.5b)
\pgfmatrixcurrentrow=\count306
\pgfmatrixcurrentcolumn=\count307
\pgf@matrix@numberofcolumns=\count308
)
\tikz@expandcount=\count309
 ("D:\Program Files\MikTeX\tex/generic/pgf/frontendlayer/tikz/libraries\tikzlibrarytopaths.code.tex"
File: tikzlibrarytopaths.code.tex 2020/01/08 v3.1.5b (3.1.5b)
))) ("D:\Program Files\MikTeX\tex/generic/pgfplots\pgfplots.code.tex" ("D:\Program Files\MikTeX\tex/generic/pgfplots\pgfplotscore.code.tex"
\t@pgfplots@toka=\toks37
\t@pgfplots@tokb=\toks38
\t@pgfplots@tokc=\toks39
\pgfplots@tmpa=\dimen280
\c@pgfplots@coordindex=\count310
\c@pgfplots@scanlineindex=\count311
 ("D:\Program Files\MikTeX\tex/generic/pgfplots/sys\pgfplotssysgeneric.code.tex")) ("D:\Program Files\MikTeX\tex/generic/pgfplots/libs\pgfplotslibrary.code.tex") ("D:\Program Files\MikTeX\tex/generic/pgfplots/oldpgfcompatib\pgfplotsoldpgfsupp_loader.code.tex" ("D:\Program Files\MikTeX\tex/generic/pgf/libraries\pgflibraryfpu.code.tex")) ("D:\Program Files\MikTeX\tex/generic/pgfplots/util\pgfplotsutil.code.tex" ("D:\Program Files\MikTeX\tex/generic/pgfplots/liststructure\pgfplotsliststructure.code.tex") ("D:\Program Files\MikTeX\tex/generic/pgfplots/liststructure\pgfplotsliststructureext.code.tex") ("D:\Program Files\MikTeX\tex/generic/pgfplots/liststructure\pgfplotsarray.code.tex"
\c@pgfplotsarray@tmp=\count312
) ("D:\Program Files\MikTeX\tex/generic/pgfplots/liststructure\pgfplotsmatrix.code.tex") ("D:\Program Files\MikTeX\tex/generic/pgfplots/numtable\pgfplotstableshared.code.tex"
\c@pgfplotstable@counta=\count313
\t@pgfplotstable@a=\toks40
) ("D:\Program Files\MikTeX\tex/generic/pgfplots/liststructure\pgfplotsdeque.code.tex") ("D:\Program Files\MikTeX\tex/generic/pgfplots/util\pgfplotsbinary.code.tex" ("D:\Program Files\MikTeX\tex/generic/pgfplots/util\pgfplotsbinary.data.code.tex")) ("D:\Program Files\MikTeX\tex/generic/pgfplots/util\pgfplotsutil.verb.code.tex") ("D:\Program Files\MikTeX\tex/generic/pgfplots/libs\pgflibrarypgfplots.surfshading.code.tex"
\c@pgfplotslibrarysurf@no=\count314
 ("D:\Program Files\MikTeX\tex/generic/pgfplots/sys\pgflibrarypgfplots.surfshading.pgfsys-pdftex.def"))) ("D:\Program Files\MikTeX\tex/generic/pgfplots/util\pgfplotscolormap.code.tex" ("D:\Program Files\MikTeX\tex/generic/pgfplots/util\pgfplotscolor.code.tex")) ("D:\Program Files\MikTeX\tex/generic/pgfplots\pgfplotsstackedplots.code.tex") ("D:\Program Files\MikTeX\tex/generic/pgfplots\pgfplotsplothandlers.code.tex" ("D:\Program Files\MikTeX\tex/generic/pgfplots\pgfplotsmeshplothandler.code.tex" ("D:\Program Files\MikTeX\tex/generic/pgfplots\pgfplotsmeshplotimage.code.tex"))) ("D:\Program Files\MikTeX\tex/generic/pgfplots\pgfplots.scaling.code.tex") ("D:\Program Files\MikTeX\tex/generic/pgfplots\pgfplotscoordprocessing.code.tex") ("D:\Program Files\MikTeX\tex/generic/pgfplots\pgfplots.errorbars.code.tex") ("D:\Program Files\MikTeX\tex/generic/pgfplots\pgfplots.markers.code.tex") ("D:\Program Files\MikTeX\tex/generic/pgfplots\pgfplotsticks.code.tex") ("D:\Program Files\MikTeX\tex/generic/pgfplots\pgfplots.paths.code.tex") ("D:\Program Files\MikTeX\tex/generic/pgf/frontendlayer/tikz/libraries\tikzlibrarydecorations.code.tex" ("D:\Program Files\MikTeX\tex/generic/pgf/modules\pgfmoduledecorations.code.tex"
\pgfdecoratedcompleteddistance=\dimen281
\pgfdecoratedremainingdistance=\dimen282
\pgfdecoratedinputsegmentcompleteddistance=\dimen283
\pgfdecoratedinputsegmentremainingdistance=\dimen284
\pgf@decorate@distancetomove=\dimen285
\pgf@decorate@repeatstate=\count315
\pgfdecorationsegmentamplitude=\dimen286
\pgfdecorationsegmentlength=\dimen287
)
\tikz@lib@dec@box=\box70
) ("D:\Program Files\MikTeX\tex/generic/pgf/frontendlayer/tikz/libraries\tikzlibrarydecorations.pathmorphing.code.tex" ("D:\Program Files\MikTeX\tex/generic/pgf/libraries/decorations\pgflibrarydecorations.pathmorphing.code.tex")) ("D:\Program Files\MikTeX\tex/generic/pgf/frontendlayer/tikz/libraries\tikzlibrarydecorations.pathreplacing.code.tex" ("D:\Program Files\MikTeX\tex/generic/pgf/libraries/decorations\pgflibrarydecorations.pathreplacing.code.tex"))
\pgfplots@numplots=\count316
\pgfplots@xmin@reg=\dimen288
\pgfplots@xmax@reg=\dimen289
\pgfplots@ymin@reg=\dimen290
\pgfplots@ymax@reg=\dimen291
\pgfplots@zmin@reg=\dimen292
\pgfplots@zmax@reg=\dimen293
) ("D:\Program Files\MikTeX\tex/generic/pgf/frontendlayer/tikz/libraries\tikzlibraryplotmarks.code.tex"
File: tikzlibraryplotmarks.code.tex 2020/01/08 v3.1.5b (3.1.5b)
 ("D:\Program Files\MikTeX\tex/generic/pgf/libraries\pgflibraryplotmarks.code.tex"
File: pgflibraryplotmarks.code.tex 2020/01/08 v3.1.5b (3.1.5b)
))) ("D:\Program Files\MikTeX\tex/latex/tools\verbatim.sty"
Package: verbatim 2019/11/10 v1.5r LaTeX2e package for verbatim enhancements
\every@verbatim=\toks41
\verbatim@line=\toks42
\verbatim@in@stream=\read3
) ("D:\Program Files\MikTeX\tex/latex/tcolorbox\tcolorbox.sty"
Package: tcolorbox 2019/11/15 version 4.22 text color boxes
 ("D:\Program Files\MikTeX\tex/latex/environ\environ.sty"
Package: environ 2014/05/04 v0.3 A new way to define environments
 ("D:\Program Files\MikTeX\tex/latex/trimspaces\trimspaces.sty"
Package: trimspaces 2009/09/17 v1.1 Trim spaces around a token list
)) ("D:\Program Files\MikTeX\tex/latex/etoolbox\etoolbox.sty"
Package: etoolbox 2019/09/21 v2.5h e-TeX tools for LaTeX (JAW)
\etb@tempcnta=\count317
)
\tcb@titlebox=\box71
\tcb@upperbox=\box72
\tcb@lowerbox=\box73
\tcb@phantombox=\box74
\c@tcbbreakpart=\count318
\c@tcblayer=\count319
\tcolorbox@number=\count320
\tcb@temp=\box75
\tcb@temp=\box76
\tcb@temp=\box77
\tcb@temp=\box78
\tcb@out=\write4
\tcb@record@out=\write5
) ("D:\Program Files\MikTeX\tex/latex/listings\listings.sty"
\lst@mode=\count321
\lst@gtempboxa=\box79
\lst@token=\toks43
\lst@length=\count322
\lst@currlwidth=\dimen294
\lst@column=\count323
\lst@pos=\count324
\lst@lostspace=\dimen295
\lst@width=\dimen296
\lst@newlines=\count325
\lst@lineno=\count326
\lst@maxwidth=\dimen297
 ("D:\Program Files\MikTeX\tex/latex/listings\lstmisc.sty"
File: lstmisc.sty 2019/09/10 1.8c (Carsten Heinz)
\c@lstnumber=\count327
\lst@skipnumbers=\count328
\lst@framebox=\box80
) ("D:\Program Files\MikTeX\tex/latex/listings\listings.cfg"
File: listings.cfg 2019/09/10 1.8c listings configuration
))
Package: listings 2019/09/10 1.8c (Carsten Heinz)
 ("D:\Program Files\MikTeX\tex/latex/subfig\subfig.sty"
Package: subfig 2005/06/28 ver: 1.3 subfig package
 ("D:\Program Files\MikTeX\tex/latex/caption\caption.sty"
Package: caption 2020/01/03 v3.4h Customizing captions (AR)
 ("D:\Program Files\MikTeX\tex/latex/caption\caption3.sty"
Package: caption3 2020/01/03 v1.8h caption3 kernel (AR)
Package caption3 Info: TeX engine: e-TeX on input line 61.
\captionmargin=\dimen298
\captionmargin@=\dimen299
\captionwidth=\dimen300
\caption@tempdima=\dimen301
\caption@indent=\dimen302
\caption@parindent=\dimen303
\caption@hangindent=\dimen304
Package caption Info: Standard document class detected.
)
\c@caption@flags=\count329
\c@continuedfloat=\count330
Package caption Info: float package is loaded.
Package caption Info: hyperref package is loaded.
Package caption Info: listings package is loaded.
)
\c@KVtest=\count331
\sf@farskip=\skip59
\sf@captopadj=\dimen305
\sf@capskip=\skip60
\sf@nearskip=\skip61
\c@subfigure=\count332
\c@subfigure@save=\count333
\c@lofdepth=\count334
\c@subtable=\count335
\c@subtable@save=\count336
\c@lotdepth=\count337
\sf@top=\skip62
\sf@bottom=\skip63
) ("D:\Program Files\MikTeX\tex/latex/keyval2e\keyval2e.sty" ("D:\Program Files\MikTeX\tex/latex/catoptions\catoptions.sty"
\m@one=\count338
\z@pt=\dimen306
Package: catoptions 2014/08/29 v0.2.7h Securing catcodes and parsing options (AM)
\cpt@csvdepth=\count339
\cpt@optdepth=\count340
\cpt@cnta=\count341
\indrisdepth=\count342
\cpt@foreachdepth=\count343
\cpt@exprcnt=\count344
)
Package: keyval2e 2011/08/24 v0.0.2 Lightweight and robust key-value parser (AM) (Ahmed Musa)
\kve@keydepth=\count345
) ("D:\Program Files\MikTeX\tex/latex/import\import.sty"
Package: import 2020/01/22  v 6.0
) ("D:\Program Files\MikTeX\tex/latex/svg\svg.sty"
Package: svg 2020/01/13 v2.02e (include SVG pictures)
 ("D:\Program Files\MikTeX\tex/latex/koma-script\scrbase.sty"
Package: scrbase 2020/01/24 v3.29 KOMA-Script package (KOMA-Script-independent basics and keyval usage)
 ("D:\Program Files\MikTeX\tex/latex/koma-script\scrlfile.sty"
Package: scrlfile 2020/01/24 v3.29 KOMA-Script package (loading files)
))
("D:\Program Files\MikTeX\tex/latex/tools\shellesc.sty"
Package: shellesc 2019/11/08 v1.0c unified shell escape interface for LaTeX
Package shellesc Info: Restricted shell escape enabled on input line 77.
)
\svg@box=\box81
\c@svg@param@lastpage=\count346
\c@svg@param@currpage=\count347
) ("D:\Program Files\MikTeX\tex/latex/transparent\transparent.sty"
Package: transparent 2019/11/29 v1.4 Transparency via pdfTeX's color stack (HO)
) ("D:\Program Files\MikTeX\tex/latex/wrapfig\wrapfig.sty"
\wrapoverhang=\dimen307
\WF@size=\dimen308
\c@WF@wrappedlines=\count348
\WF@box=\box82
\WF@everypar=\toks44
Package: wrapfig 2003/01/31  v 3.6
) ("D:\Program Files\MikTeX\tex/latex/lipsum\lipsum.sty"
Package: lipsum 2019/01/02 v2.2 150 paragraphs of Lorem Ipsum dummy text
 ("D:\Program Files\MikTeX\tex/latex/lipsum\lipsum.ltd.tex"
File: lipsum.ltd.tex 2019/01/02 v2.2 The Lorem ipsum dummy text
)) ("D:\Program Files\MikTeX\tex/latex/mhchem\mhchem.sty"
Package: mhchem 2018/06/22 v4.08 for typesetting chemical formulae
 ("D:\Program Files\MikTeX\tex/latex/tools\calc.sty"
Package: calc 2017/05/25 v4.3 Infix arithmetic (KKT,FJ)
\calc@Acount=\count349
\calc@Bcount=\count350
\calc@Adimen=\dimen309
\calc@Bdimen=\dimen310
\calc@Askip=\skip64
\calc@Bskip=\skip65
LaTeX Info: Redefining \setlength on input line 80.
LaTeX Info: Redefining \addtolength on input line 81.
\calc@Ccount=\count351
\calc@Cskip=\skip66
) ("D:\Program Files\MikTeX\tex/latex/chemgreek\chemgreek.sty"
Package: chemgreek 2020/01/16 v1.1a interface for upright Greek letters for use in chemistry (CN)
\l__chemgreek_tmpa_int=\count352
\g__chemgreek_tmpa_int=\count353
)
\l__mhchem_ce_distanceFromLastComma_int=\count354
\__mhchem_arrow_extPgfLength_skip=\skip67
\mhchem@minispace@tmp=\skip68
\mhchem@minibackspace@tmp=\skip69
\mhchem@bondwidth=\skip70
\mhchem@bondheight=\skip71
\mhchem@smallbondwidth@tmpA=\skip72
\mhchem@smallbondwidth@tmpB=\skip73
\mhchem@smallbondwidth=\skip74
\mhchem@bondtmp@minussidebearingleft=\skip75
\mhchem@bondtmp@minussidebearingright=\skip76
\l__mhchem_option_version_int=\count355
\mhchem@option@minusmathsidebearingleft=\dimen311
\mhchem@option@minusmathsidebearingright=\dimen312
\mhchem@option@minustextsidebearingleft=\dimen313
\mhchem@option@minustextsidebearingright=\dimen314
) ("d:/Git Repositories\Uni-Code\3rd Year\PHY3004W\Labs\Gamma Spectroscopy\Report\GammaSpectroscopy_KDSMIL001.aux")
\openout1 = `GammaSpectroscopy_KDSMIL001.aux'.

LaTeX Font Info:    Checking defaults for OML/cmm/m/it on input line 26.
LaTeX Font Info:    ... okay on input line 26.
LaTeX Font Info:    Checking defaults for OMS/cmsy/m/n on input line 26.
LaTeX Font Info:    ... okay on input line 26.
LaTeX Font Info:    Checking defaults for OT1/cmr/m/n on input line 26.
LaTeX Font Info:    ... okay on input line 26.
LaTeX Font Info:    Checking defaults for T1/cmr/m/n on input line 26.
LaTeX Font Info:    ... okay on input line 26.
LaTeX Font Info:    Checking defaults for TS1/cmr/m/n on input line 26.
LaTeX Font Info:    ... okay on input line 26.
LaTeX Font Info:    Checking defaults for OMX/cmex/m/n on input line 26.
LaTeX Font Info:    ... okay on input line 26.
LaTeX Font Info:    Checking defaults for U/cmr/m/n on input line 26.
LaTeX Font Info:    ... okay on input line 26.
LaTeX Font Info:    Checking defaults for PD1/pdf/m/n on input line 26.
LaTeX Font Info:    ... okay on input line 26.

*geometry* driver: auto-detecting
*geometry* detected driver: pdftex
*geometry* verbose mode - [ preamble ] result:
* driver: pdftex
* paper: <default>
* layout: <same size as paper>
* layoutoffset:(h,v)=(0.0pt,0.0pt)
* modes: 
* h-part:(L,W,R)=(72.26999pt, 469.75502pt, 72.26999pt)
* v-part:(T,H,B)=(36.135pt, 686.565pt, 72.26999pt)
* \paperwidth=614.295pt
* \paperheight=794.96999pt
* \textwidth=469.75502pt
* \textheight=686.565pt
* \oddsidemargin=0.0pt
* \evensidemargin=0.0pt
* \topmargin=-73.135pt
* \headheight=12.0pt
* \headsep=25.0pt
* \topskip=11.0pt
* \footskip=30.0pt
* \marginparwidth=59.0pt
* \marginparsep=10.0pt
* \columnsep=10.0pt
* \skip\footins=10.0pt plus 4.0pt minus 2.0pt
* \hoffset=0.0pt
* \voffset=0.0pt
* \mag=1000
* \@twocolumnfalse
* \@twosidefalse
* \@mparswitchfalse
* \@reversemarginfalse
* (1in=72.27pt=25.4mm, 1cm=28.453pt)

\AtBeginShipoutBox=\box83
Package hyperref Info: Link coloring OFF on input line 26.
("D:\Program Files\MikTeX\tex/latex/hyperref\nameref.sty"
Package: nameref 2019/09/16 v2.46 Cross-referencing by name of section
 ("D:\Program Files\MikTeX\tex/latex/refcount\refcount.sty"
Package: refcount 2019/12/15 v3.6 Data extraction from label references (HO)
) ("D:\Program Files\MikTeX\tex/generic/gettitlestring\gettitlestring.sty"
Package: gettitlestring 2019/12/15 v1.6 Cleanup title references (HO)
)
\c@section@level=\count356
)
LaTeX Info: Redefining \ref on input line 26.
LaTeX Info: Redefining \pageref on input line 26.
LaTeX Info: Redefining \nameref on input line 26.
 ("d:/Git Repositories\Uni-Code\3rd Year\PHY3004W\Labs\Gamma Spectroscopy\Report\GammaSpectroscopy_KDSMIL001.out") ("d:/Git Repositories\Uni-Code\3rd Year\PHY3004W\Labs\Gamma Spectroscopy\Report\GammaSpectroscopy_KDSMIL001.out")
\@outlinefile=\write6
\openout6 = `GammaSpectroscopy_KDSMIL001.out'.

 ("D:\Program Files\MikTeX\tex/latex/translator\translator-basic-dictionary-English.dict"
Dictionary: translator-basic-dictionary, Language: English 
) ("D:\Program Files\MikTeX\tex/latex/siunitx\siunitx-abbreviations.cfg"
File: siunitx-abbreviations.cfg 2017/11/26 v2.7k siunitx: Abbreviated units
) ("D:\Program Files\MikTeX\tex/context/base/mkii\supp-pdf.mkii"
[Loading MPS to PDF converter (version 2006.09.02).]
\scratchcounter=\count357
\scratchdimen=\dimen315
\scratchbox=\box84
\nofMPsegments=\count358
\nofMParguments=\count359
\everyMPshowfont=\toks45
\MPscratchCnt=\count360
\MPscratchDim=\dimen316
\MPnumerator=\count361
\makeMPintoPDFobject=\count362
\everyMPtoPDFconversion=\toks46
) ("D:\Program Files\MikTeX\tex/latex/epstopdf-pkg\epstopdf-base.sty"
Package: epstopdf-base 2020-01-24 v2.11 Base part for package epstopdf
Package epstopdf-base Info: Redefining graphics rule for `.eps' on input line 485.
) ABD: EveryShipout initializing macros
Package pgfplots notification 'compat/show suggested version=true': document has been generated with the most recent feature set (\pgfplotsset{compat=1.17}).

\c@lstlisting=\count363
Package caption Info: Begin \AtBeginDocument code.
Package caption Info: subfig package v1.3 is loaded.
Package caption Info: wrapfig package is loaded.
Package caption Info: End \AtBeginDocument code.

Package chemgreek Info: Activating mapping `default' on line 26.

LaTeX Font Info:    Trying to load font information for U+msa on input line 26.
("D:\Program Files\MikTeX\tex/latex/amsfonts\umsa.fd"
File: umsa.fd 2013/01/14 v3.01 AMS symbols A
)
LaTeX Font Info:    Trying to load font information for U+msb on input line 26.
 ("D:\Program Files\MikTeX\tex/latex/amsfonts\umsb.fd"
File: umsb.fd 2013/01/14 v3.01 AMS symbols B
)

pdfTeX warning: pdflatex (file d:/Git Repositories/Uni-Code/3rd Year/PHY3004W/Labs/Gamma Spectroscopy/Report/apparatus.pdf): PDF inclusion: found PDF version <1.7>, but at most version <1.5> allowed
<apparatus.pdf, id=28, 214.8828pt x 139.4811pt>
File: apparatus.pdf Graphic file (type pdf)
<use apparatus.pdf>
Package pdftex.def Info: apparatus.pdf  used on input line 47.
(pdftex.def)             Requested size: 214.88226pt x 139.48074pt.
[1

{C:/Users/miles/AppData/Local/MiKTeX/2.9/pdftex/config/pdftex.map}] ("d:/Git Repositories\Uni-Code\3rd Year\PHY3004W\Labs\Gamma Spectroscopy\Report\Plots/137Cs.pgf") ("d:/Git Repositories\Uni-Code\3rd Year\PHY3004W\Labs\Gamma Spectroscopy\Report\Plots/22Na.pgf") ("d:/Git Repositories\Uni-Code\3rd Year\PHY3004W\Labs\Gamma Spectroscopy\Report\Plots/linearRegression.pgf") [2 <d:/Git Repositories/Uni-Code/3rd Year/PHY3004W/Labs/Gamma Spectroscopy/Report/apparatus.pdf>] ("d:/Git Repositories\Uni-Code\3rd Year\PHY3004W\Labs\Gamma Spectroscopy\Report\Plots/Unknown.pgf")
Underfull \hbox (badness 3168) in paragraph at lines 106--107
\OT1/cmr/m/n/10.95 not a par-tic-u-larly sim-ple job. We be-
 []


Underfull \hbox (badness 1270) in paragraph at lines 106--107
\OT1/cmtt/m/n/10.95 http://atom.kaeri.re.kr/ \OT1/cmr/m/n/10.95 [[]], set-ting the
 []

[3] [4

]
Package atveryend Info: Empty hook `BeforeClearDocument' on input line 122.
Package atveryend Info: Empty hook `AfterLastShipout' on input line 122.
 ("d:/Git Repositories\Uni-Code\3rd Year\PHY3004W\Labs\Gamma Spectroscopy\Report\GammaSpectroscopy_KDSMIL001.aux")
Package atveryend Info: Executing hook `AtVeryEndDocument' on input line 122.
Package atveryend Info: Executing hook `AtEndAfterFileList' on input line 122.
Package rerunfilecheck Info: File `GammaSpectroscopy_KDSMIL001.out' has not changed.
(rerunfilecheck)             Checksum: 88FB04287D4EEA7D39E45F9956A6C550;217.
Package atveryend Info: Empty hook `AtVeryVeryEnd' on input line 122.
 ) 
Here is how much of TeX's memory you used:
 38120 strings out of 481254
 885721 string characters out of 4668041
 6544601 words of memory out of 19000000
 52998 multiletter control sequences out of 15000+200000
 545079 words of font info for 75 fonts, out of 5000000 for 9000
 1141 hyphenation exceptions out of 8191
 74i,25n,127p,1104b,735s stack positions out of 5000i,500n,10000p,5000000b,50000s
<D:/Program Files/MikTeX/fonts/type1/public/amsfonts/cm/cmbx10.pfb><D:/Program Files/MikTeX/fonts/type1/public/amsfonts/cm/cmbx12.pfb><D:/Program Files/MikTeX/fonts/type1/public/amsfonts/cm/cmex10.pfb><D:/Program Files/MikTeX/fonts/type1/public/amsfonts/cm/cmmi10.pfb><D:/Program Files/MikTeX/fonts/type1/public/amsfonts/cm/cmmi8.pfb><D:/Program Files/MikTeX/fonts/type1/public/amsfonts/cm/cmr10.pfb><D:/Program Files/MikTeX/fonts/type1/public/amsfonts/cm/cmr17.pfb><D:/Program Files/MikTeX/fonts/type1/public/amsfonts/cm/cmr6.pfb><D:/Program Files/MikTeX/fonts/type1/public/amsfonts/cm/cmr7.pfb><D:/Program Files/MikTeX/fonts/type1/public/amsfonts/cm/cmr8.pfb><D:/Program Files/MikTeX/fonts/type1/public/amsfonts/cm/cmr9.pfb><D:/Program Files/MikTeX/fonts/type1/public/amsfonts/cm/cmsy10.pfb><D:/Program Files/MikTeX/fonts/type1/public/amsfonts/cm/cmti10.pfb><D:/Program Files/MikTeX/fonts/type1/public/amsfonts/cm/cmtt10.pfb>
Output written on "d:/Git Repositories\Uni-Code\3rd Year\PHY3004W\Labs\Gamma Spectroscopy\Report\GammaSpectroscopy_KDSMIL001.pdf" (4 pages, 248333 bytes).
PDF statistics:
 145 PDF objects out of 1000 (max. 8388607)
 24 named destinations out of 1000 (max. 500000)
 58 words of extra memory for PDF output out of 10000 (max. 10000000)

